#
# A fatal error has been detected by the Java Runtime Environment:
#
#  EXCEPTION_ACCESS_VIOLATION (0xc0000005) at pc=0x00007ffa2458e0a9, pid=8880, tid=4624
#
# JRE version: OpenJDK Runtime Environment Microsoft-8035246 (17.0.8+7) (build 17.0.8+7-LTS)
# Java VM: OpenJDK 64-Bit Server VM Microsoft-8035246 (17.0.8+7-LTS, mixed mode, sharing, tiered, compressed oops, compressed class ptrs, g1 gc, windows-amd64)
# Problematic frame:
# V  [jvm.dll+0x2be0a9]
#
# No core dump will be written. Minidumps are not enabled by default on client versions of Windows
#
# If you would like to submit a bug report, please visit:
#   https://github.com/microsoft/openjdk/issues
#

---------------  S U M M A R Y ------------

Command Line: -XX:MaxMetaspaceSize=512m --add-opens=java.base/java.util=ALL-UNNAMED --add-opens=java.base/java.lang=ALL-UNNAMED --add-opens=java.base/java.lang.invoke=ALL-UNNAMED --add-opens=java.prefs/java.util.prefs=ALL-UNNAMED --add-opens=java.base/java.nio.charset=ALL-UNNAMED --add-opens=java.base/java.net=ALL-UNNAMED --add-opens=java.base/java.util.concurrent.atomic=ALL-UNNAMED -Xmx2048m -Dfile.encoding=windows-1252 -Duser.country=US -Duser.language=en -Duser.variant -javaagent:C:\Users\user\.gradle\wrapper\dists\gradle-8.8-all\6gdy1pgp427xkqcjbxw3ylt6h\gradle-8.8\lib\agents\gradle-instrumentation-agent-8.8.jar org.gradle.launcher.daemon.bootstrap.GradleDaemon 8.8

Host: Intel(R) Core(TM) i5-5300U CPU @ 2.30GHz, 4 cores, 7G,  Windows 10 , 64 bit Build 19041 (10.0.19041.4717)
Time: Wed Aug 21 20:27:13 2024 Pakistan Standard Time elapsed time: 89.667920 seconds (0d 0h 1m 29s)

---------------  T H R E A D  ---------------

Current thread (0x0000018cfdeb7750):  JavaThread "C2 CompilerThread1" daemon [_thread_in_native, id=4624, stack(0x00000023c2300000,0x00000023c2400000)]


Current CompileTask:
C2:  89668 12676       4       org.gradle.cache.internal.ExclusiveCacheAccessingWorker$1::call (10 bytes)

Stack: [0x00000023c2300000,0x00000023c2400000],  sp=0x00000023c23fb990,  free space=1006k
Native frames: (J=compiled Java code, j=interpreted, Vv=VM code, C=native code)
V  [jvm.dll+0x2be0a9]
V  [jvm.dll+0x21ba8b]
V  [jvm.dll+0x21944b]
V  [jvm.dll+0x1a56b6]
V  [jvm.dll+0x2291ea]
V  [jvm.dll+0x22724c]
V  [jvm.dll+0x7efd0c]
V  [jvm.dll+0x7ea13a]
V  [jvm.dll+0x67ad85]
C  [ucrtbase.dll+0x21bb2]
C  [KERNEL32.DLL+0x17374]
C  [ntdll.dll+0x4cc91]


siginfo: EXCEPTION_ACCESS_VIOLATION (0xc0000005), reading address 0x0000000000000028


Register to memory mapping:

RIP=0x00007ffa2458e0a9 jvm.dll
RAX=0x0000018c9cd46c20 points into unknown readable memory: 0x0000000000000000 | 00 00 00 00 00 00 00 00
RBX=0x0000000000001814 is an unknown value
RCX=0x0 is NULL
RDX=0x0 is NULL
RSP=0x00000023c23fb990 is pointing into the stack for thread: 0x0000018cfdeb7750
RBP=0x00000023c23fba00 is pointing into the stack for thread: 0x0000018cfdeb7750
RSI=0x0 is NULL
RDI=0x0000000000000049 is an unknown value
R8 =0x000000000000ffe0 is an unknown value
R9 =0x0 is NULL
R10=0x00007ffa8ed80000 VCRUNTIME140.dll
R11=0x0000018c9cd46c40 points into unknown readable memory: 0x0000000000000000 | 00 00 00 00 00 00 00 00
R12=0x0000000000000050 is an unknown value
R13=0x0 is NULL
R14=0x0 is NULL
R15=0x00000023c23febb0 is pointing into the stack for thread: 0x0000018cfdeb7750


Registers:
RAX=0x0000018c9cd46c20, RBX=0x0000000000001814, RCX=0x0000000000000000, RDX=0x0000000000000000
RSP=0x00000023c23fb990, RBP=0x00000023c23fba00, RSI=0x0000000000000000, RDI=0x0000000000000049
R8 =0x000000000000ffe0, R9 =0x0000000000000000, R10=0x00007ffa8ed80000, R11=0x0000018c9cd46c40
R12=0x0000000000000050, R13=0x0000000000000000, R14=0x0000000000000000, R15=0x00000023c23febb0
RIP=0x00007ffa2458e0a9, EFLAGS=0x0000000000010202

Top of Stack: (sp=0x00000023c23fb990)
0x00000023c23fb990:   0000000000001814 0000000000000000
0x00000023c23fb9a0:   00000023c23febb0 00007ffa244f38d1
0x00000023c23fb9b0:   0000018cfdeddec0 00007ffa00002000
0x00000023c23fb9c0:   0000018c9cd46c20 0000018c00000000
0x00000023c23fb9d0:   0000000000000002 0000018cfc690c50
0x00000023c23fb9e0:   0000000000000002 0000018cfdeddec0
0x00000023c23fb9f0:   0000000000000000 0000000000000000
0x00000023c23fba00:   0000018cfe9ce220 0000018cd9eacdb0
0x00000023c23fba10:   0000000000000049 00007ffa24c14c08
0x00000023c23fba20:   00000023c23fbb30 00007ffa244eba8b
0x00000023c23fba30:   00000023c23febb0 00007ffa24c14c08
0x00000023c23fba40:   00000023c23febb0 00000023c23fbb30
0x00000023c23fba50:   0000002300000000 00000023c23ff710
0x00000023c23fba60:   000000230000000f 00000023c23febb0
0x00000023c23fba70:   00000023c23fbbe0 00007ffa00000000
0x00000023c23fba80:   0000018c00000100 00007ffa24c14c08 

Instructions: (pc=0x00007ffa2458e0a9)
0x00007ffa2458dfa9:   3b d0 75 0b ff c1 41 3b c9 7c dc 48 8b c2 c3 33
0x00007ffa2458dfb9:   c0 c3 cc cc cc cc cc 48 89 5c 24 18 55 56 57 41
0x00007ffa2458dfc9:   55 41 57 48 8b ec 48 83 ec 70 65 48 8b 04 25 58
0x00007ffa2458dfd9:   00 00 00 48 8b f2 44 8b 05 d2 8b 90 00 4c 8b f9
0x00007ffa2458dfe9:   4a 8b 1c c0 b8 50 00 00 00 80 3c 18 00 75 05 e8
0x00007ffa2458dff9:   8b 6f 5d 00 b8 20 00 00 00 48 8b 04 18 48 8b 98
0x00007ffa2458e009:   38 02 00 00 48 89 5d b0 c7 45 b8 04 00 00 00 48
0x00007ffa2458e019:   8b 43 18 48 83 f8 df 76 18 4c 8d 05 37 a9 65 00
0x00007ffa2458e029:   ba 20 00 00 00 48 8b cb e8 5a eb de ff 48 8b 43
0x00007ffa2458e039:   18 48 8d 48 20 48 3b 4b 20 76 11 45 33 c0 48 8b
0x00007ffa2458e049:   cb 41 8d 50 20 e8 fd e8 de ff eb 04 48 89 4b 18
0x00007ffa2458e059:   44 8b 45 b8 33 d2 49 c1 e0 03 48 8b c8 48 89 45
0x00007ffa2458e069:   c0 e8 e3 80 5d 00 45 33 ed 48 8d 4d d0 44 89 6d
0x00007ffa2458e079:   c8 e8 01 59 56 00 41 8b 9f 40 02 00 00 41 2b 9f
0x00007ffa2458e089:   68 02 00 00 44 89 6d f0 3b 5d b8 72 0b 8b d3 48
0x00007ffa2458e099:   8d 4d b0 e8 6f b3 39 00 48 8b 45 c0 4c 89 2c d8
0x00007ffa2458e0a9:   8b 7e 28 8b df c1 eb 05 3b 5d d0 72 0b 8b d3 48
0x00007ffa2458e0b9:   8d 4d d0 e8 1f 59 56 00 48 8b 45 d8 83 e7 1f 48
0x00007ffa2458e0c9:   8d 14 98 40 0f b6 cf 41 b8 01 00 00 00 41 d3 e0
0x00007ffa2458e0d9:   8b 0a 8b c1 41 0b c0 89 02 41 85 c8 75 21 8b 5d
0x00007ffa2458e0e9:   c8 8d 43 01 89 45 c8 3b 5d b8 72 0b 8b d3 48 8d
0x00007ffa2458e0f9:   4d b0 e8 10 b3 39 00 48 8b 45 c0 48 89 34 d8 44
0x00007ffa2458e109:   39 6d c8 0f 86 77 01 00 00 4c 89 a4 24 a0 00 00
0x00007ffa2458e119:   00 4c 89 b4 24 a8 00 00 00 48 8b 45 c0 41 8b cd
0x00007ffa2458e129:   48 8b 34 c8 8b 46 2c 25 ff 1f 00 00 3d 04 10 00
0x00007ffa2458e139:   00 0f 85 a7 00 00 00 bb 01 00 00 00 39 5e 18 76
0x00007ffa2458e149:   39 66 0f 1f 44 00 00 48 8b 46 08 8b cb 48 8b 14
0x00007ffa2458e159:   c8 48 85 d2 74 1d 48 83 7a 10 00 74 16 80 7a 2c
0x00007ffa2458e169:   84 74 10 e8 7f 7e ee ff 48 8b d0 49 8b cf e8 a4
0x00007ffa2458e179:   61 f6 ff ff c3 3b 5e 18 72 cd 48 8b 5e 10 8b 46
0x00007ffa2458e189:   20 4c 8d 34 c3 49 3b de 73 54 48 8b 3b 8b 47 2c
0x00007ffa2458e199:   83 e0 03 3c 03 75 2e 48 8b 07 48 8b cf ff 90 88 


Stack slot to memory mapping:
stack at sp + 0 slots: 0x0000000000001814 is an unknown value
stack at sp + 1 slots: 0x0 is NULL
stack at sp + 2 slots: 0x00000023c23febb0 is pointing into the stack for thread: 0x0000018cfdeb7750
stack at sp + 3 slots: 0x00007ffa244f38d1 jvm.dll
stack at sp + 4 slots: 0x0000018cfdeddec0 points into unknown readable memory: 0x0000018c00000006 | 06 00 00 00 8c 01 00 00
stack at sp + 5 slots: 0x00007ffa00002000 is an unknown value
stack at sp + 6 slots: 0x0000018c9cd46c20 points into unknown readable memory: 0x0000000000000000 | 00 00 00 00 00 00 00 00
stack at sp + 7 slots: 0x0000018c00000000 is an unknown value


---------------  P R O C E S S  ---------------

Threads class SMR info:
_java_thread_list=0x0000018cff32af50, length=90, elements={
0x0000018cd9e929f0, 0x0000018cf7a3c5d0, 0x0000018cf7a3d360, 0x0000018cf7a51810,
0x0000018cf7a540f0, 0x0000018cf7a549c0, 0x0000018cf7a55290, 0x0000018cf7a55f40,
0x0000018cf7a56d10, 0x0000018cf7abe950, 0x0000018cf7c60990, 0x0000018cf7d97c00,
0x0000018cfd1f58c0, 0x0000018cfd2b3e70, 0x0000018cfd2b04c0, 0x0000018cfd2da350,
0x0000018cfd2aa170, 0x0000018cfd3cc4b0, 0x0000018cfd3cc9c0, 0x0000018cfd3cb070,
0x0000018cfd3cced0, 0x0000018cfd3ce820, 0x0000018cfd3cd8f0, 0x0000018cfd3cb580,
0x0000018cfd3cde00, 0x0000018cfd3cba90, 0x0000018cfd3cbfa0, 0x0000018cfe496150,
0x0000018cfe49a320, 0x0000018cfe495c40, 0x0000018cfe494d10, 0x0000018cfe49a830,
0x0000018cfe49b250, 0x0000018cfe4942f0, 0x0000018cfe49bc70, 0x0000018cfe498ee0,
0x0000018cfe495730, 0x0000018cfe497aa0, 0x0000018cfe497fb0, 0x0000018cfe4984c0,
0x0000018cfe4993f0, 0x0000018cfe499900, 0x0000018cff8c4ab0, 0x0000018cff8c3b80,
0x0000018cff8c1810, 0x0000018cff8c08e0, 0x0000018cff8c0df0, 0x0000018cff8be570,
0x0000018cff8c3160, 0x0000018cff8c3670, 0x0000018cff8c2230, 0x0000018cff8c4090,
0x0000018cff8bef90, 0x0000018cff8c2740, 0x0000018cff8c4fc0, 0x0000018cff8c2c50,
0x0000018cff8be060, 0x0000018cff8c1300, 0x0000018cff8c59e0, 0x0000018cff8bfec0,
0x0000018c9bafdbf0, 0x0000018c9bafa440, 0x0000018c9bafa950, 0x0000018c9bafd1d0,
0x0000018c9bafb370, 0x0000018c9bafd6e0, 0x0000018c9bafccc0, 0x0000018c9bafb880,
0x0000018c9bafae60, 0x0000018c9bafbd90, 0x0000018c9bafc2a0, 0x0000018c9bafc7b0,
0x0000018cfd66c4a0, 0x0000018cfd669710, 0x0000018cfd66f740, 0x0000018cfd66ddf0,
0x0000018cfd66fc50, 0x0000018cfd66a130, 0x0000018cfd670b80, 0x0000018cfd66bf90,
0x0000018cfd670160, 0x0000018cfd66cec0, 0x0000018cfd66e810, 0x0000018cfd670670,
0x0000018cfd66e300, 0x0000018cfd66c9b0, 0x0000018cfd669c20, 0x0000018cfd66b570,
0x0000018cff8c03d0, 0x0000018cfdeb7750
}

Java Threads: ( => current thread )
  0x0000018cd9e929f0 JavaThread "main" [_thread_blocked, id=4616, stack(0x00000023c2400000,0x00000023c2500000)]
  0x0000018cf7a3c5d0 JavaThread "Reference Handler" daemon [_thread_blocked, id=2624, stack(0x00000023c2b00000,0x00000023c2c00000)]
  0x0000018cf7a3d360 JavaThread "Finalizer" daemon [_thread_blocked, id=11764, stack(0x00000023c2c00000,0x00000023c2d00000)]
  0x0000018cf7a51810 JavaThread "Signal Dispatcher" daemon [_thread_blocked, id=14636, stack(0x00000023c2d00000,0x00000023c2e00000)]
  0x0000018cf7a540f0 JavaThread "Attach Listener" daemon [_thread_blocked, id=12368, stack(0x00000023c2e00000,0x00000023c2f00000)]
  0x0000018cf7a549c0 JavaThread "Service Thread" daemon [_thread_blocked, id=7796, stack(0x00000023c2f00000,0x00000023c3000000)]
  0x0000018cf7a55290 JavaThread "Monitor Deflation Thread" daemon [_thread_blocked, id=13720, stack(0x00000023c3000000,0x00000023c3100000)]
  0x0000018cf7a55f40 JavaThread "C2 CompilerThread0" daemon [_thread_in_native, id=832, stack(0x00000023c3100000,0x00000023c3200000)]
  0x0000018cf7a56d10 JavaThread "C1 CompilerThread0" daemon [_thread_blocked, id=7864, stack(0x00000023c3200000,0x00000023c3300000)]
  0x0000018cf7abe950 JavaThread "Sweeper thread" daemon [_thread_blocked, id=9652, stack(0x00000023c3300000,0x00000023c3400000)]
  0x0000018cf7c60990 JavaThread "Common-Cleaner" daemon [_thread_blocked, id=12660, stack(0x00000023c3400000,0x00000023c3500000)]
  0x0000018cf7d97c00 JavaThread "Notification Thread" daemon [_thread_blocked, id=9904, stack(0x00000023c3500000,0x00000023c3600000)]
  0x0000018cfd1f58c0 JavaThread "Daemon health stats" [_thread_blocked, id=4480, stack(0x00000023c3a00000,0x00000023c3b00000)]
  0x0000018cfd2b3e70 JavaThread "Incoming local TCP Connector on port 63947" [_thread_in_native, id=13736, stack(0x00000023c3b00000,0x00000023c3c00000)]
  0x0000018cfd2b04c0 JavaThread "Daemon periodic checks" [_thread_blocked, id=12244, stack(0x00000023c3c00000,0x00000023c3d00000)]
  0x0000018cfd2da350 JavaThread "Daemon" [_thread_blocked, id=6728, stack(0x00000023c3d00000,0x00000023c3e00000)]
  0x0000018cfd2aa170 JavaThread "Handler for socket connection from /127.0.0.1:63947 to /127.0.0.1:63948" [_thread_in_native, id=3240, stack(0x00000023c3e00000,0x00000023c3f00000)]
  0x0000018cfd3cc4b0 JavaThread "Cancel handler" [_thread_blocked, id=11324, stack(0x00000023c3f00000,0x00000023c4000000)]
  0x0000018cfd3cc9c0 JavaThread "Daemon worker" [_thread_in_Java, id=13216, stack(0x00000023c4000000,0x00000023c4100000)]
  0x0000018cfd3cb070 JavaThread "Asynchronous log dispatcher for DefaultDaemonConnection: socket connection from /127.0.0.1:63947 to /127.0.0.1:63948" [_thread_blocked, id=8424, stack(0x00000023c4100000,0x00000023c4200000)]
  0x0000018cfd3cced0 JavaThread "Stdin handler" [_thread_blocked, id=10060, stack(0x00000023c4200000,0x00000023c4300000)]
  0x0000018cfd3ce820 JavaThread "Daemon client event forwarder" [_thread_blocked, id=3296, stack(0x00000023c4300000,0x00000023c4400000)]
  0x0000018cfd3cd8f0 JavaThread "Cache worker for journal cache (C:\Users\user\.gradle\caches\journal-1)" [_thread_blocked, id=8740, stack(0x00000023c4400000,0x00000023c4500000)]
  0x0000018cfd3cb580 JavaThread "File lock request listener" [_thread_in_native, id=3040, stack(0x00000023c4500000,0x00000023c4600000)]
  0x0000018cfd3cde00 JavaThread "Cache worker for file hash cache (C:\Users\user\.gradle\caches\8.8\fileHashes)" [_thread_blocked, id=12712, stack(0x00000023c4600000,0x00000023c4700000)]
  0x0000018cfd3cba90 JavaThread "Cache worker for file hash cache (D:\S.E\Bootcamp\techloset\EventLister\android\.gradle\8.8\fileHashes)" [_thread_blocked, id=2008, stack(0x00000023c4700000,0x00000023c4800000)]
  0x0000018cfd3cbfa0 JavaThread "File watcher server" daemon [_thread_in_native, id=12168, stack(0x00000023c4800000,0x00000023c4900000)]
  0x0000018cfe496150 JavaThread "File watcher consumer" daemon [_thread_blocked, id=12760, stack(0x00000023c4900000,0x00000023c4a00000)]
  0x0000018cfe49a320 JavaThread "Cache worker for checksums cache (D:\S.E\Bootcamp\techloset\EventLister\android\.gradle\8.8\checksums)" [_thread_blocked, id=14292, stack(0x00000023c4a00000,0x00000023c4b00000)]
  0x0000018cfe495c40 JavaThread "Cache worker for file content cache (C:\Users\user\.gradle\caches\8.8\fileContent)" [_thread_blocked, id=8896, stack(0x00000023c4b00000,0x00000023c4c00000)]
  0x0000018cfe494d10 JavaThread "Cache worker for cache directory md-rule (C:\Users\user\.gradle\caches\8.8\md-rule)" [_thread_blocked, id=4820, stack(0x00000023c4c00000,0x00000023c4d00000)]
  0x0000018cfe49a830 JavaThread "Cache worker for cache directory md-supplier (C:\Users\user\.gradle\caches\8.8\md-supplier)" [_thread_blocked, id=13440, stack(0x00000023c4e00000,0x00000023c4f00000)]
  0x0000018cfe49b250 JavaThread "jar transforms" [_thread_blocked, id=5188, stack(0x00000023c4f00000,0x00000023c5000000)]
  0x0000018cfe4942f0 JavaThread "Unconstrained build operations" [_thread_blocked, id=14124, stack(0x00000023c5000000,0x00000023c5100000)]
  0x0000018cfe49bc70 JavaThread "Unconstrained build operations Thread 2" [_thread_blocked, id=12632, stack(0x00000023c5100000,0x00000023c5200000)]
  0x0000018cfe498ee0 JavaThread "Unconstrained build operations Thread 3" [_thread_blocked, id=13884, stack(0x00000023c5200000,0x00000023c5300000)]
  0x0000018cfe495730 JavaThread "Unconstrained build operations Thread 4" [_thread_blocked, id=5740, stack(0x00000023c5300000,0x00000023c5400000)]
  0x0000018cfe497aa0 JavaThread "Unconstrained build operations Thread 5" [_thread_blocked, id=7856, stack(0x00000023c5400000,0x00000023c5500000)]
  0x0000018cfe497fb0 JavaThread "Unconstrained build operations Thread 6" [_thread_blocked, id=12652, stack(0x00000023c5500000,0x00000023c5600000)]
  0x0000018cfe4984c0 JavaThread "Cache worker for Build Output Cleanup Cache (D:\S.E\Bootcamp\techloset\EventLister\node_modules\@react-native\gradle-plugin\.gradle\buildOutputCleanup)" [_thread_blocked, id=10992, stack(0x00000023c5600000,0x00000023c5700000)]
  0x0000018cfe4993f0 JavaThread "Unconstrained build operations Thread 7" [_thread_blocked, id=8232, stack(0x00000023c5700000,0x00000023c5800000)]
  0x0000018cfe499900 JavaThread "Unconstrained build operations Thread 8" [_thread_blocked, id=9836, stack(0x00000023c5800000,0x00000023c5900000)]
  0x0000018cff8c4ab0 JavaThread "Unconstrained build operations Thread 9" [_thread_blocked, id=2816, stack(0x00000023c5900000,0x00000023c5a00000)]
  0x0000018cff8c3b80 JavaThread "Unconstrained build operations Thread 10" [_thread_blocked, id=12048, stack(0x00000023c5a00000,0x00000023c5b00000)]
  0x0000018cff8c1810 JavaThread "Unconstrained build operations Thread 11" [_thread_blocked, id=13156, stack(0x00000023c5b00000,0x00000023c5c00000)]
  0x0000018cff8c08e0 JavaThread "Unconstrained build operations Thread 12" [_thread_blocked, id=11592, stack(0x00000023c5c00000,0x00000023c5d00000)]
  0x0000018cff8c0df0 JavaThread "Unconstrained build operations Thread 13" [_thread_blocked, id=13316, stack(0x00000023c5d00000,0x00000023c5e00000)]
  0x0000018cff8be570 JavaThread "Unconstrained build operations Thread 14" [_thread_blocked, id=3188, stack(0x00000023c5e00000,0x00000023c5f00000)]
  0x0000018cff8c3160 JavaThread "Unconstrained build operations Thread 15" [_thread_blocked, id=1300, stack(0x00000023c5f00000,0x00000023c6000000)]
  0x0000018cff8c3670 JavaThread "Memory manager" [_thread_blocked, id=10052, stack(0x00000023c6000000,0x00000023c6100000)]
  0x0000018cff8c2230 JavaThread "build event listener" [_thread_blocked, id=11672, stack(0x00000023c4d00000,0x00000023c4e00000)]
  0x0000018cff8c4090 JavaThread "ForkJoinPool.commonPool-worker-1" daemon [_thread_blocked, id=1908, stack(0x00000023c6200000,0x00000023c6300000)]
  0x0000018cff8bef90 JavaThread "ForkJoinPool.commonPool-worker-2" daemon [_thread_blocked, id=15220, stack(0x00000023c6300000,0x00000023c6400000)]
  0x0000018cff8c2740 JavaThread "ForkJoinPool.commonPool-worker-3" daemon [_thread_blocked, id=5616, stack(0x00000023c6400000,0x00000023c6500000)]
  0x0000018cff8c4fc0 JavaThread "included builds" [_thread_blocked, id=1440, stack(0x00000023c6500000,0x00000023c6600000)]
  0x0000018cff8c2c50 JavaThread "Execution worker" [_thread_blocked, id=4416, stack(0x00000023c6600000,0x00000023c6700000)]
  0x0000018cff8be060 JavaThread "Execution worker Thread 2" [_thread_blocked, id=4356, stack(0x00000023c6700000,0x00000023c6800000)]
  0x0000018cff8c1300 JavaThread "Execution worker Thread 3" [_thread_blocked, id=5004, stack(0x00000023c6800000,0x00000023c6900000)]
  0x0000018cff8c59e0 JavaThread "Cache worker for execution history cache (D:\S.E\Bootcamp\techloset\EventLister\node_modules\@react-native\gradle-plugin\.gradle\8.8\executionHistory)" [_thread_blocked, id=12772, stack(0x00000023c6900000,0x00000023c6a00000)]
  0x0000018cff8bfec0 JavaThread "Unconstrained build operations Thread 16" [_thread_blocked, id=3952, stack(0x00000023c6100000,0x00000023c6200000)]
  0x0000018c9bafdbf0 JavaThread "Unconstrained build operations Thread 17" [_thread_blocked, id=6196, stack(0x00000023c6a00000,0x00000023c6b00000)]
  0x0000018c9bafa440 JavaThread "Unconstrained build operations Thread 18" [_thread_blocked, id=2456, stack(0x00000023c6b00000,0x00000023c6c00000)]
  0x0000018c9bafa950 JavaThread "Unconstrained build operations Thread 19" [_thread_blocked, id=13456, stack(0x00000023c6c00000,0x00000023c6d00000)]
  0x0000018c9bafd1d0 JavaThread "Unconstrained build operations Thread 20" [_thread_blocked, id=14448, stack(0x00000023c6d00000,0x00000023c6e00000)]
  0x0000018c9bafb370 JavaThread "Unconstrained build operations Thread 21" [_thread_blocked, id=9800, stack(0x00000023c6e00000,0x00000023c6f00000)]
  0x0000018c9bafd6e0 JavaThread "Unconstrained build operations Thread 22" [_thread_blocked, id=13596, stack(0x00000023c6f00000,0x00000023c7000000)]
  0x0000018c9bafccc0 JavaThread "Unconstrained build operations Thread 23" [_thread_blocked, id=14332, stack(0x00000023c7000000,0x00000023c7100000)]
  0x0000018c9bafb880 JavaThread "Unconstrained build operations Thread 24" [_thread_blocked, id=888, stack(0x00000023c7100000,0x00000023c7200000)]
  0x0000018c9bafae60 JavaThread "Unconstrained build operations Thread 25" [_thread_blocked, id=492, stack(0x00000023c7200000,0x00000023c7300000)]
  0x0000018c9bafbd90 JavaThread "Unconstrained build operations Thread 26" [_thread_blocked, id=9144, stack(0x00000023c7300000,0x00000023c7400000)]
  0x0000018c9bafc2a0 JavaThread "Unconstrained build operations Thread 27" [_thread_blocked, id=13752, stack(0x00000023c7400000,0x00000023c7500000)]
  0x0000018c9bafc7b0 JavaThread "Unconstrained build operations Thread 28" [_thread_blocked, id=5508, stack(0x00000023c7600000,0x00000023c7700000)]
  0x0000018cfd66c4a0 JavaThread "Unconstrained build operations Thread 29" [_thread_blocked, id=9052, stack(0x00000023c7700000,0x00000023c7800000)]
  0x0000018cfd669710 JavaThread "Unconstrained build operations Thread 30" [_thread_blocked, id=1396, stack(0x00000023c7800000,0x00000023c7900000)]
  0x0000018cfd66f740 JavaThread "Unconstrained build operations Thread 31" [_thread_blocked, id=10588, stack(0x00000023c7900000,0x00000023c7a00000)]
  0x0000018cfd66ddf0 JavaThread "Unconstrained build operations Thread 32" [_thread_blocked, id=2748, stack(0x00000023c7a00000,0x00000023c7b00000)]
  0x0000018cfd66fc50 JavaThread "Unconstrained build operations Thread 33" [_thread_blocked, id=6076, stack(0x00000023c7b00000,0x00000023c7c00000)]
  0x0000018cfd66a130 JavaThread "Unconstrained build operations Thread 34" [_thread_blocked, id=10768, stack(0x00000023c7c00000,0x00000023c7d00000)]
  0x0000018cfd670b80 JavaThread "Unconstrained build operations Thread 35" [_thread_blocked, id=2936, stack(0x00000023c7d00000,0x00000023c7e00000)]
  0x0000018cfd66bf90 JavaThread "Unconstrained build operations Thread 36" [_thread_blocked, id=224, stack(0x00000023c7e00000,0x00000023c7f00000)]
  0x0000018cfd670160 JavaThread "jar transforms Thread 2" [_thread_blocked, id=11944, stack(0x00000023c7500000,0x00000023c7600000)]
  0x0000018cfd66cec0 JavaThread "Cache worker for Build Output Cleanup Cache (D:\S.E\Bootcamp\techloset\EventLister\android\.gradle\buildOutputCleanup)" [_thread_blocked, id=4476, stack(0x00000023c8100000,0x00000023c8200000)]
  0x0000018cfd66e810 JavaThread "jar transforms Thread 3" [_thread_blocked, id=8044, stack(0x00000023c8200000,0x00000023c8300000)]
  0x0000018cfd670670 JavaThread "Unconstrained build operations Thread 37" [_thread_blocked, id=2576, stack(0x00000023c8400000,0x00000023c8500000)]
  0x0000018cfd66e300 JavaThread "Unconstrained build operations Thread 38" [_thread_blocked, id=1228, stack(0x00000023c8500000,0x00000023c8600000)]
  0x0000018cfd66c9b0 JavaThread "Unconstrained build operations Thread 39" [_thread_blocked, id=5928, stack(0x00000023c8600000,0x00000023c8700000)]
  0x0000018cfd669c20 JavaThread "Unconstrained build operations Thread 40" [_thread_blocked, id=1612, stack(0x00000023c8700000,0x00000023c8800000)]
  0x0000018cfd66b570 JavaThread "jar transforms Thread 4" [_thread_blocked, id=12024, stack(0x00000023c2100000,0x00000023c2200000)]
  0x0000018cff8c03d0 JavaThread "build event listener" [_thread_blocked, id=11644, stack(0x00000023c2200000,0x00000023c2300000)]
=>0x0000018cfdeb7750 JavaThread "C2 CompilerThread1" daemon [_thread_in_native, id=4624, stack(0x00000023c2300000,0x00000023c2400000)]

Other Threads:
  0x0000018cf7a32680 VMThread "VM Thread" [stack: 0x00000023c2a00000,0x00000023c2b00000] [id=2196]
  0x0000018cd9f13e20 WatcherThread [stack: 0x00000023c3600000,0x00000023c3700000] [id=1880]
  0x0000018cd9ef2e50 GCTaskThread "GC Thread#0" [stack: 0x00000023c2500000,0x00000023c2600000] [id=11360]
  0x0000018cf7e8a9b0 GCTaskThread "GC Thread#1" [stack: 0x00000023c3700000,0x00000023c3800000] [id=8876]
  0x0000018cf7e8ac70 GCTaskThread "GC Thread#2" [stack: 0x00000023c3800000,0x00000023c3900000] [id=2868]
  0x0000018cfc8ffb20 GCTaskThread "GC Thread#3" [stack: 0x00000023c3900000,0x00000023c3a00000] [id=13288]
  0x0000018cd9f03cb0 ConcurrentGCThread "G1 Main Marker" [stack: 0x00000023c2600000,0x00000023c2700000] [id=5348]
  0x0000018cd9f04d70 ConcurrentGCThread "G1 Conc#0" [stack: 0x00000023c2700000,0x00000023c2800000] [id=1924]
  0x0000018cd9f48ab0 ConcurrentGCThread "G1 Refine#0" [stack: 0x00000023c2800000,0x00000023c2900000] [id=4524]
  0x0000018cf78f2610 ConcurrentGCThread "G1 Service" [stack: 0x00000023c2900000,0x00000023c2a00000] [id=9540]

Threads with active compile tasks:
C2 CompilerThread0    89783 12677       4       org.gradle.cache.internal.AsyncCacheAccessDecoratedCache$$Lambda$533/0x0000018c81481608::create (12 bytes)
C1 CompilerThread0    89783 12733   !   3       org.gradle.api.internal.artifacts.ivyservice.ivyresolve.RepositoryChainComponentMetaDataResolver::resolve (74 bytes)
C2 CompilerThread1    89783 12676       4       org.gradle.cache.internal.ExclusiveCacheAccessingWorker$1::call (10 bytes)

VM state: not at safepoint (normal execution)

VM Mutex/Monitor currently owned by a thread:  ([mutex/lock_event])
[0x0000018cd9e904f0] Compile_lock - owner thread: 0x0000000000000000
[0x0000018cd9e906a0] MethodData_lock - owner thread: 0x0000000000000000

Heap address: 0x0000000080000000, size: 2048 MB, Compressed Oops mode: 32-bit

CDS archive(s) mapped at: [0x0000018c80000000-0x0000018c80bd0000-0x0000018c80bd0000), size 12386304, SharedBaseAddress: 0x0000018c80000000, ArchiveRelocationMode: 1.
Compressed class space mapped at: 0x0000018c81000000-0x0000018c9b000000, reserved size: 436207616
Narrow klass base: 0x0000018c80000000, Narrow klass shift: 0, Narrow klass range: 0x100000000

GC Precious Log:
 CPUs: 4 total, 4 available
 Memory: 8064M
 Large Page Support: Disabled
 NUMA Support: Disabled
 Compressed Oops: Enabled (32-bit)
 Heap Region Size: 1M
 Heap Min Capacity: 8M
 Heap Initial Capacity: 128M
 Heap Max Capacity: 2G
 Pre-touch: Disabled
 Parallel Workers: 4
 Concurrent Workers: 1
 Concurrent Refinement Workers: 4
 Periodic GC: Disabled

Heap:
 garbage-first heap   total 258048K, used 131420K [0x0000000080000000, 0x0000000100000000)
  region size 1024K, 19 young (19456K), 7 survivors (7168K)
 Metaspace       used 94006K, committed 95040K, reserved 557056K
  class space    used 13258K, committed 13760K, reserved 425984K

Heap Regions: E=young(eden), S=young(survivor), O=old, HS=humongous(starts), HC=humongous(continues), CS=collection set, F=free, OA=open archive, CA=closed archive, TAMS=top-at-mark-start (previous, next)
|   0|0x0000000080000000, 0x0000000080100000, 0x0000000080100000|100%|HS|  |TAMS 0x0000000080100000, 0x0000000080000000| Complete 
|   1|0x0000000080100000, 0x0000000080200000, 0x0000000080200000|100%|HC|  |TAMS 0x0000000080200000, 0x0000000080100000| Complete 
|   2|0x0000000080200000, 0x0000000080300000, 0x0000000080300000|100%|HC|  |TAMS 0x0000000080300000, 0x0000000080200000| Complete 
|   3|0x0000000080300000, 0x0000000080400000, 0x0000000080400000|100%|HC|  |TAMS 0x0000000080400000, 0x0000000080300000| Complete 
|   4|0x0000000080400000, 0x0000000080500000, 0x0000000080500000|100%| O|  |TAMS 0x0000000080500000, 0x0000000080400000| Untracked 
|   5|0x0000000080500000, 0x0000000080600000, 0x0000000080600000|100%| O|  |TAMS 0x0000000080600000, 0x0000000080500000| Untracked 
|   6|0x0000000080600000, 0x0000000080700000, 0x0000000080700000|100%| O|  |TAMS 0x0000000080700000, 0x0000000080600000| Untracked 
|   7|0x0000000080700000, 0x0000000080800000, 0x0000000080800000|100%| O|  |TAMS 0x0000000080800000, 0x0000000080700000| Untracked 
|   8|0x0000000080800000, 0x0000000080900000, 0x0000000080900000|100%| O|  |TAMS 0x0000000080900000, 0x0000000080800000| Untracked 
|   9|0x0000000080900000, 0x0000000080a00000, 0x0000000080a00000|100%| O|  |TAMS 0x0000000080a00000, 0x0000000080900000| Untracked 
|  10|0x0000000080a00000, 0x0000000080b00000, 0x0000000080b00000|100%| O|  |TAMS 0x0000000080b00000, 0x0000000080a00000| Untracked 
|  11|0x0000000080b00000, 0x0000000080c00000, 0x0000000080c00000|100%|HS|  |TAMS 0x0000000080c00000, 0x0000000080b00000| Complete 
|  12|0x0000000080c00000, 0x0000000080d00000, 0x0000000080d00000|100%| O|  |TAMS 0x0000000080d00000, 0x0000000080c00000| Untracked 
|  13|0x0000000080d00000, 0x0000000080e00000, 0x0000000080e00000|100%| O|  |TAMS 0x0000000080e00000, 0x0000000080d00000| Untracked 
|  14|0x0000000080e00000, 0x0000000080f00000, 0x0000000080f00000|100%| O|  |TAMS 0x0000000080f00000, 0x0000000080e00000| Untracked 
|  15|0x0000000080f00000, 0x0000000081000000, 0x0000000081000000|100%| O|  |TAMS 0x0000000081000000, 0x0000000080f00000| Untracked 
|  16|0x0000000081000000, 0x0000000081100000, 0x0000000081100000|100%| O|  |TAMS 0x0000000081100000, 0x0000000081000000| Untracked 
|  17|0x0000000081100000, 0x0000000081200000, 0x0000000081200000|100%| O|  |TAMS 0x0000000081200000, 0x0000000081100000| Untracked 
|  18|0x0000000081200000, 0x0000000081300000, 0x0000000081300000|100%| O|  |TAMS 0x0000000081300000, 0x0000000081200000| Untracked 
|  19|0x0000000081300000, 0x0000000081400000, 0x0000000081400000|100%| O|  |TAMS 0x0000000081400000, 0x0000000081300000| Untracked 
|  20|0x0000000081400000, 0x0000000081500000, 0x0000000081500000|100%| O|  |TAMS 0x0000000081500000, 0x0000000081400000| Untracked 
|  21|0x0000000081500000, 0x0000000081600000, 0x0000000081600000|100%| O|  |TAMS 0x0000000081600000, 0x0000000081500000| Untracked 
|  22|0x0000000081600000, 0x0000000081700000, 0x0000000081700000|100%| O|  |TAMS 0x0000000081700000, 0x0000000081600000| Untracked 
|  23|0x0000000081700000, 0x0000000081800000, 0x0000000081800000|100%| O|  |TAMS 0x0000000081800000, 0x0000000081700000| Untracked 
|  24|0x0000000081800000, 0x0000000081900000, 0x0000000081900000|100%| O|  |TAMS 0x0000000081900000, 0x0000000081800000| Untracked 
|  25|0x0000000081900000, 0x0000000081a00000, 0x0000000081a00000|100%| O|  |TAMS 0x0000000081a00000, 0x0000000081900000| Untracked 
|  26|0x0000000081a00000, 0x0000000081b00000, 0x0000000081b00000|100%| O|  |TAMS 0x0000000081b00000, 0x0000000081a00000| Untracked 
|  27|0x0000000081b00000, 0x0000000081c00000, 0x0000000081c00000|100%| O|  |TAMS 0x0000000081c00000, 0x0000000081b00000| Untracked 
|  28|0x0000000081c00000, 0x0000000081d00000, 0x0000000081d00000|100%| O|  |TAMS 0x0000000081d00000, 0x0000000081c00000| Untracked 
|  29|0x0000000081d00000, 0x0000000081e00000, 0x0000000081e00000|100%| O|  |TAMS 0x0000000081e00000, 0x0000000081d00000| Untracked 
|  30|0x0000000081e00000, 0x0000000081f00000, 0x0000000081f00000|100%| O|  |TAMS 0x0000000081f00000, 0x0000000081e00000| Untracked 
|  31|0x0000000081f00000, 0x0000000082000000, 0x0000000082000000|100%| O|  |TAMS 0x0000000082000000, 0x0000000081f00000| Untracked 
|  32|0x0000000082000000, 0x0000000082100000, 0x0000000082100000|100%| O|  |TAMS 0x0000000082100000, 0x0000000082000000| Untracked 
|  33|0x0000000082100000, 0x0000000082200000, 0x0000000082200000|100%| O|  |TAMS 0x0000000082200000, 0x0000000082100000| Untracked 
|  34|0x0000000082200000, 0x0000000082300000, 0x0000000082300000|100%| O|  |TAMS 0x0000000082300000, 0x0000000082200000| Untracked 
|  35|0x0000000082300000, 0x0000000082400000, 0x0000000082400000|100%| O|  |TAMS 0x0000000082400000, 0x0000000082300000| Untracked 
|  36|0x0000000082400000, 0x0000000082500000, 0x0000000082500000|100%| O|  |TAMS 0x0000000082500000, 0x0000000082400000| Untracked 
|  37|0x0000000082500000, 0x0000000082600000, 0x0000000082600000|100%| O|  |TAMS 0x0000000082600000, 0x0000000082500000| Untracked 
|  38|0x0000000082600000, 0x0000000082700000, 0x0000000082700000|100%| O|  |TAMS 0x0000000082700000, 0x0000000082600000| Untracked 
|  39|0x0000000082700000, 0x0000000082800000, 0x0000000082800000|100%| O|  |TAMS 0x0000000082800000, 0x0000000082700000| Untracked 
|  40|0x0000000082800000, 0x0000000082900000, 0x0000000082900000|100%| O|  |TAMS 0x0000000082900000, 0x0000000082800000| Untracked 
|  41|0x0000000082900000, 0x0000000082a00000, 0x0000000082a00000|100%| O|  |TAMS 0x0000000082a00000, 0x0000000082900000| Untracked 
|  42|0x0000000082a00000, 0x0000000082b00000, 0x0000000082b00000|100%|HS|  |TAMS 0x0000000082b00000, 0x0000000082a00000| Complete 
|  43|0x0000000082b00000, 0x0000000082c00000, 0x0000000082c00000|100%|HC|  |TAMS 0x0000000082c00000, 0x0000000082b00000| Complete 
|  44|0x0000000082c00000, 0x0000000082d00000, 0x0000000082d00000|100%|HS|  |TAMS 0x0000000082d00000, 0x0000000082c00000| Complete 
|  45|0x0000000082d00000, 0x0000000082e00000, 0x0000000082e00000|100%|HC|  |TAMS 0x0000000082e00000, 0x0000000082d00000| Complete 
|  46|0x0000000082e00000, 0x0000000082f00000, 0x0000000082f00000|100%| O|  |TAMS 0x0000000082f00000, 0x0000000082e00000| Untracked 
|  47|0x0000000082f00000, 0x0000000083000000, 0x0000000083000000|100%| O|  |TAMS 0x0000000083000000, 0x0000000082f00000| Untracked 
|  48|0x0000000083000000, 0x0000000083100000, 0x0000000083100000|100%|HS|  |TAMS 0x0000000083100000, 0x0000000083000000| Complete 
|  49|0x0000000083100000, 0x0000000083200000, 0x0000000083200000|100%|HC|  |TAMS 0x0000000083200000, 0x0000000083100000| Complete 
|  50|0x0000000083200000, 0x0000000083300000, 0x0000000083300000|100%|HC|  |TAMS 0x0000000083300000, 0x0000000083200000| Complete 
|  51|0x0000000083300000, 0x0000000083400000, 0x0000000083400000|100%|HC|  |TAMS 0x0000000083400000, 0x0000000083300000| Complete 
|  52|0x0000000083400000, 0x0000000083500000, 0x0000000083500000|100%|HS|  |TAMS 0x0000000083500000, 0x0000000083400000| Complete 
|  53|0x0000000083500000, 0x0000000083600000, 0x0000000083600000|100%|HC|  |TAMS 0x0000000083600000, 0x0000000083500000| Complete 
|  54|0x0000000083600000, 0x0000000083700000, 0x0000000083700000|100%|HC|  |TAMS 0x0000000083700000, 0x0000000083600000| Complete 
|  55|0x0000000083700000, 0x0000000083800000, 0x0000000083800000|100%|HC|  |TAMS 0x0000000083800000, 0x0000000083700000| Complete 
|  56|0x0000000083800000, 0x0000000083900000, 0x0000000083900000|100%| O|  |TAMS 0x0000000083900000, 0x0000000083800000| Untracked 
|  57|0x0000000083900000, 0x0000000083a00000, 0x0000000083a00000|100%| O|  |TAMS 0x0000000083a00000, 0x0000000083900000| Untracked 
|  58|0x0000000083a00000, 0x0000000083b00000, 0x0000000083b00000|100%| O|  |TAMS 0x0000000083b00000, 0x0000000083a00000| Untracked 
|  59|0x0000000083b00000, 0x0000000083c00000, 0x0000000083c00000|100%| O|  |TAMS 0x0000000083c00000, 0x0000000083b00000| Untracked 
|  60|0x0000000083c00000, 0x0000000083d00000, 0x0000000083d00000|100%| O|  |TAMS 0x0000000083d00000, 0x0000000083c00000| Untracked 
|  61|0x0000000083d00000, 0x0000000083e00000, 0x0000000083e00000|100%| O|  |TAMS 0x0000000083e00000, 0x0000000083d00000| Untracked 
|  62|0x0000000083e00000, 0x0000000083f00000, 0x0000000083f00000|100%|HS|  |TAMS 0x0000000083f00000, 0x0000000083e00000| Complete 
|  63|0x0000000083f00000, 0x0000000084000000, 0x0000000084000000|100%| O|  |TAMS 0x0000000084000000, 0x0000000083f00000| Untracked 
|  64|0x0000000084000000, 0x0000000084100000, 0x0000000084100000|100%| O|  |TAMS 0x0000000084100000, 0x0000000084000000| Untracked 
|  65|0x0000000084100000, 0x0000000084200000, 0x0000000084200000|100%| O|  |TAMS 0x0000000084200000, 0x0000000084100000| Untracked 
|  66|0x0000000084200000, 0x0000000084300000, 0x0000000084300000|100%|HS|  |TAMS 0x0000000084300000, 0x0000000084200000| Complete 
|  67|0x0000000084300000, 0x0000000084400000, 0x0000000084400000|100%| O|  |TAMS 0x0000000084400000, 0x0000000084300000| Untracked 
|  68|0x0000000084400000, 0x0000000084500000, 0x0000000084500000|100%| O|  |TAMS 0x0000000084500000, 0x0000000084400000| Untracked 
|  69|0x0000000084500000, 0x0000000084600000, 0x0000000084600000|100%| O|  |TAMS 0x0000000084600000, 0x0000000084500000| Untracked 
|  70|0x0000000084600000, 0x0000000084700000, 0x0000000084700000|100%| O|  |TAMS 0x0000000084700000, 0x0000000084600000| Untracked 
|  71|0x0000000084700000, 0x0000000084800000, 0x0000000084800000|100%| O|  |TAMS 0x0000000084800000, 0x0000000084700000| Untracked 
|  72|0x0000000084800000, 0x0000000084900000, 0x0000000084900000|100%| O|  |TAMS 0x0000000084900000, 0x0000000084800000| Untracked 
|  73|0x0000000084900000, 0x0000000084a00000, 0x0000000084a00000|100%| O|  |TAMS 0x0000000084a00000, 0x0000000084900000| Untracked 
|  74|0x0000000084a00000, 0x0000000084b00000, 0x0000000084b00000|100%| O|  |TAMS 0x0000000084b00000, 0x0000000084a00000| Untracked 
|  75|0x0000000084b00000, 0x0000000084c00000, 0x0000000084c00000|100%| O|  |TAMS 0x0000000084c00000, 0x0000000084b00000| Untracked 
|  76|0x0000000084c00000, 0x0000000084d00000, 0x0000000084d00000|100%| O|  |TAMS 0x0000000084d00000, 0x0000000084c00000| Untracked 
|  77|0x0000000084d00000, 0x0000000084e00000, 0x0000000084e00000|100%| O|  |TAMS 0x0000000084e00000, 0x0000000084d00000| Untracked 
|  78|0x0000000084e00000, 0x0000000084f00000, 0x0000000084f00000|100%| O|  |TAMS 0x0000000084f00000, 0x0000000084e00000| Untracked 
|  79|0x0000000084f00000, 0x0000000084f00000, 0x0000000085000000|  0%| F|  |TAMS 0x0000000084f00000, 0x0000000084f00000| Untracked 
|  80|0x0000000085000000, 0x0000000085000000, 0x0000000085100000|  0%| F|  |TAMS 0x0000000085000000, 0x0000000085000000| Untracked 
|  81|0x0000000085100000, 0x0000000085200000, 0x0000000085200000|100%| O|  |TAMS 0x0000000085200000, 0x0000000085100000| Untracked 
|  82|0x0000000085200000, 0x0000000085300000, 0x0000000085300000|100%|HS|  |TAMS 0x0000000085300000, 0x0000000085200000| Complete 
|  83|0x0000000085300000, 0x0000000085400000, 0x0000000085400000|100%|HS|  |TAMS 0x0000000085400000, 0x0000000085300000| Complete 
|  84|0x0000000085400000, 0x0000000085500000, 0x0000000085500000|100%| O|  |TAMS 0x0000000085400000, 0x0000000085400000| Untracked 
|  85|0x0000000085500000, 0x0000000085600000, 0x0000000085600000|100%|HS|  |TAMS 0x0000000085600000, 0x0000000085500000| Complete 
|  86|0x0000000085600000, 0x0000000085700000, 0x0000000085700000|100%|HS|  |TAMS 0x0000000085700000, 0x0000000085600000| Complete 
|  87|0x0000000085700000, 0x0000000085800000, 0x0000000085800000|100%| O|  |TAMS 0x0000000085700000, 0x0000000085700000| Untracked 
|  88|0x0000000085800000, 0x0000000085900000, 0x0000000085900000|100%| O|  |TAMS 0x0000000085800000, 0x0000000085800000| Untracked 
|  89|0x0000000085900000, 0x0000000085a00000, 0x0000000085a00000|100%| O|  |TAMS 0x0000000085900000, 0x0000000085900000| Untracked 
|  90|0x0000000085a00000, 0x0000000085b00000, 0x0000000085b00000|100%|HS|  |TAMS 0x0000000085b00000, 0x0000000085a00000| Complete 
|  91|0x0000000085b00000, 0x0000000085c00000, 0x0000000085c00000|100%| O|  |TAMS 0x0000000085c00000, 0x0000000085b00000| Untracked 
|  92|0x0000000085c00000, 0x0000000085d00000, 0x0000000085d00000|100%| O|  |TAMS 0x0000000085d00000, 0x0000000085c00000| Untracked 
|  93|0x0000000085d00000, 0x0000000085e00000, 0x0000000085e00000|100%| O|  |TAMS 0x0000000085e00000, 0x0000000085d00000| Untracked 
|  94|0x0000000085e00000, 0x0000000085f00000, 0x0000000085f00000|100%| O|  |TAMS 0x0000000085f00000, 0x0000000085e00000| Untracked 
|  95|0x0000000085f00000, 0x0000000086000000, 0x0000000086000000|100%| O|  |TAMS 0x0000000086000000, 0x0000000085f00000| Untracked 
|  96|0x0000000086000000, 0x0000000086100000, 0x0000000086100000|100%| O|  |TAMS 0x0000000086100000, 0x0000000086000000| Untracked 
|  97|0x0000000086100000, 0x0000000086200000, 0x0000000086200000|100%| O|  |TAMS 0x0000000086200000, 0x0000000086100000| Untracked 
|  98|0x0000000086200000, 0x0000000086300000, 0x0000000086300000|100%| O|  |TAMS 0x0000000086300000, 0x0000000086200000| Untracked 
|  99|0x0000000086300000, 0x0000000086400000, 0x0000000086400000|100%| O|  |TAMS 0x0000000086400000, 0x0000000086300000| Untracked 
| 100|0x0000000086400000, 0x0000000086500000, 0x0000000086500000|100%| O|  |TAMS 0x00000000864f5400, 0x0000000086400000| Untracked 
| 101|0x0000000086500000, 0x0000000086600000, 0x0000000086600000|100%| O|  |TAMS 0x0000000086500000, 0x0000000086500000| Untracked 
| 102|0x0000000086600000, 0x0000000086700000, 0x0000000086700000|100%| O|  |TAMS 0x0000000086600000, 0x0000000086600000| Untracked 
| 103|0x0000000086700000, 0x0000000086800000, 0x0000000086800000|100%| O|  |TAMS 0x0000000086700000, 0x0000000086700000| Untracked 
| 104|0x0000000086800000, 0x0000000086900000, 0x0000000086900000|100%| O|  |TAMS 0x0000000086800000, 0x0000000086800000| Untracked 
| 105|0x0000000086900000, 0x0000000086a00000, 0x0000000086a00000|100%| O|  |TAMS 0x0000000086900000, 0x0000000086900000| Untracked 
| 106|0x0000000086a00000, 0x0000000086b00000, 0x0000000086b00000|100%| O|  |TAMS 0x0000000086a00000, 0x0000000086a00000| Untracked 
| 107|0x0000000086b00000, 0x0000000086c00000, 0x0000000086c00000|100%| O|  |TAMS 0x0000000086b00000, 0x0000000086b00000| Untracked 
| 108|0x0000000086c00000, 0x0000000086d00000, 0x0000000086d00000|100%| O|  |TAMS 0x0000000086c00000, 0x0000000086c00000| Untracked 
| 109|0x0000000086d00000, 0x0000000086e00000, 0x0000000086e00000|100%| O|  |TAMS 0x0000000086d00000, 0x0000000086d00000| Untracked 
| 110|0x0000000086e00000, 0x0000000086f00000, 0x0000000086f00000|100%| O|  |TAMS 0x0000000086e00000, 0x0000000086e00000| Untracked 
| 111|0x0000000086f00000, 0x0000000087000000, 0x0000000087000000|100%| O|  |TAMS 0x0000000086f00000, 0x0000000086f00000| Untracked 
| 112|0x0000000087000000, 0x000000008707ac00, 0x0000000087100000| 47%| O|  |TAMS 0x0000000087000000, 0x0000000087000000| Untracked 
| 113|0x0000000087100000, 0x0000000087100000, 0x0000000087200000|  0%| F|  |TAMS 0x0000000087100000, 0x0000000087100000| Untracked 
| 114|0x0000000087200000, 0x0000000087200000, 0x0000000087300000|  0%| F|  |TAMS 0x0000000087200000, 0x0000000087200000| Untracked 
| 115|0x0000000087300000, 0x0000000087300000, 0x0000000087400000|  0%| F|  |TAMS 0x0000000087300000, 0x0000000087300000| Untracked 
| 116|0x0000000087400000, 0x0000000087400000, 0x0000000087500000|  0%| F|  |TAMS 0x0000000087400000, 0x0000000087400000| Untracked 
| 117|0x0000000087500000, 0x0000000087500000, 0x0000000087600000|  0%| F|  |TAMS 0x0000000087500000, 0x0000000087500000| Untracked 
| 118|0x0000000087600000, 0x0000000087600000, 0x0000000087700000|  0%| F|  |TAMS 0x0000000087600000, 0x0000000087600000| Untracked 
| 119|0x0000000087700000, 0x0000000087700000, 0x0000000087800000|  0%| F|  |TAMS 0x0000000087700000, 0x0000000087700000| Untracked 
| 120|0x0000000087800000, 0x0000000087800000, 0x0000000087900000|  0%| F|  |TAMS 0x0000000087800000, 0x0000000087800000| Untracked 
| 121|0x0000000087900000, 0x0000000087900000, 0x0000000087a00000|  0%| F|  |TAMS 0x0000000087900000, 0x0000000087900000| Untracked 
| 122|0x0000000087a00000, 0x0000000087a00000, 0x0000000087b00000|  0%| F|  |TAMS 0x0000000087a00000, 0x0000000087a00000| Untracked 
| 123|0x0000000087b00000, 0x0000000087b00000, 0x0000000087c00000|  0%| F|  |TAMS 0x0000000087b00000, 0x0000000087b00000| Untracked 
| 124|0x0000000087c00000, 0x0000000087c00000, 0x0000000087d00000|  0%| F|  |TAMS 0x0000000087c00000, 0x0000000087c00000| Untracked 
| 125|0x0000000087d00000, 0x0000000087d00000, 0x0000000087e00000|  0%| F|  |TAMS 0x0000000087d00000, 0x0000000087d00000| Untracked 
| 126|0x0000000087e00000, 0x0000000087e00000, 0x0000000087f00000|  0%| F|  |TAMS 0x0000000087e00000, 0x0000000087e00000| Untracked 
| 127|0x0000000087f00000, 0x0000000087f00000, 0x0000000088000000|  0%| F|  |TAMS 0x0000000087f00000, 0x0000000087f00000| Untracked 
| 128|0x0000000088000000, 0x0000000088000000, 0x0000000088100000|  0%| F|  |TAMS 0x0000000088000000, 0x0000000088000000| Untracked 
| 129|0x0000000088100000, 0x0000000088100000, 0x0000000088200000|  0%| F|  |TAMS 0x0000000088100000, 0x0000000088100000| Untracked 
| 130|0x0000000088200000, 0x0000000088200000, 0x0000000088300000|  0%| F|  |TAMS 0x0000000088200000, 0x0000000088200000| Untracked 
| 131|0x0000000088300000, 0x0000000088300000, 0x0000000088400000|  0%| F|  |TAMS 0x0000000088300000, 0x0000000088300000| Untracked 
| 132|0x0000000088400000, 0x0000000088400000, 0x0000000088500000|  0%| F|  |TAMS 0x0000000088400000, 0x0000000088400000| Untracked 
| 133|0x0000000088500000, 0x0000000088500000, 0x0000000088600000|  0%| F|  |TAMS 0x0000000088500000, 0x0000000088500000| Untracked 
| 134|0x0000000088600000, 0x0000000088600000, 0x0000000088700000|  0%| F|  |TAMS 0x0000000088600000, 0x0000000088600000| Untracked 
| 135|0x0000000088700000, 0x0000000088700000, 0x0000000088800000|  0%| F|  |TAMS 0x0000000088700000, 0x0000000088700000| Untracked 
| 136|0x0000000088800000, 0x0000000088800000, 0x0000000088900000|  0%| F|  |TAMS 0x0000000088800000, 0x0000000088800000| Untracked 
| 137|0x0000000088900000, 0x0000000088900000, 0x0000000088a00000|  0%| F|  |TAMS 0x0000000088900000, 0x0000000088900000| Untracked 
| 138|0x0000000088a00000, 0x0000000088a00000, 0x0000000088b00000|  0%| F|  |TAMS 0x0000000088a00000, 0x0000000088a00000| Untracked 
| 139|0x0000000088b00000, 0x0000000088b00000, 0x0000000088c00000|  0%| F|  |TAMS 0x0000000088b00000, 0x0000000088b00000| Untracked 
| 140|0x0000000088c00000, 0x0000000088c00000, 0x0000000088d00000|  0%| F|  |TAMS 0x0000000088c00000, 0x0000000088c00000| Untracked 
| 141|0x0000000088d00000, 0x0000000088d00000, 0x0000000088e00000|  0%| F|  |TAMS 0x0000000088d00000, 0x0000000088d00000| Untracked 
| 142|0x0000000088e00000, 0x0000000088e00000, 0x0000000088f00000|  0%| F|  |TAMS 0x0000000088e00000, 0x0000000088e00000| Untracked 
| 143|0x0000000088f00000, 0x0000000088f00000, 0x0000000089000000|  0%| F|  |TAMS 0x0000000088f00000, 0x0000000088f00000| Untracked 
| 144|0x0000000089000000, 0x0000000089000000, 0x0000000089100000|  0%| F|  |TAMS 0x0000000089000000, 0x0000000089000000| Untracked 
| 145|0x0000000089100000, 0x0000000089100000, 0x0000000089200000|  0%| F|  |TAMS 0x0000000089100000, 0x0000000089100000| Untracked 
| 146|0x0000000089200000, 0x0000000089200000, 0x0000000089300000|  0%| F|  |TAMS 0x0000000089200000, 0x0000000089200000| Untracked 
| 147|0x0000000089300000, 0x0000000089300000, 0x0000000089400000|  0%| F|  |TAMS 0x0000000089300000, 0x0000000089300000| Untracked 
| 148|0x0000000089400000, 0x0000000089400000, 0x0000000089500000|  0%| F|  |TAMS 0x0000000089400000, 0x0000000089400000| Untracked 
| 149|0x0000000089500000, 0x0000000089500000, 0x0000000089600000|  0%| F|  |TAMS 0x0000000089500000, 0x0000000089500000| Untracked 
| 150|0x0000000089600000, 0x0000000089600000, 0x0000000089700000|  0%| F|  |TAMS 0x0000000089600000, 0x0000000089600000| Untracked 
| 151|0x0000000089700000, 0x0000000089700000, 0x0000000089800000|  0%| F|  |TAMS 0x0000000089700000, 0x0000000089700000| Untracked 
| 152|0x0000000089800000, 0x00000000898dc680, 0x0000000089900000| 86%| S|CS|TAMS 0x0000000089800000, 0x0000000089800000| Complete 
| 153|0x0000000089900000, 0x0000000089a00000, 0x0000000089a00000|100%| S|CS|TAMS 0x0000000089900000, 0x0000000089900000| Complete 
| 154|0x0000000089a00000, 0x0000000089b00000, 0x0000000089b00000|100%| S|CS|TAMS 0x0000000089a00000, 0x0000000089a00000| Complete 
| 155|0x0000000089b00000, 0x0000000089c00000, 0x0000000089c00000|100%| S|CS|TAMS 0x0000000089b00000, 0x0000000089b00000| Complete 
| 156|0x0000000089c00000, 0x0000000089d00000, 0x0000000089d00000|100%| S|CS|TAMS 0x0000000089c00000, 0x0000000089c00000| Complete 
| 157|0x0000000089d00000, 0x0000000089e00000, 0x0000000089e00000|100%| S|CS|TAMS 0x0000000089d00000, 0x0000000089d00000| Complete 
| 158|0x0000000089e00000, 0x0000000089f00000, 0x0000000089f00000|100%| S|CS|TAMS 0x0000000089e00000, 0x0000000089e00000| Complete 
| 159|0x0000000089f00000, 0x0000000089f00000, 0x000000008a000000|  0%| F|  |TAMS 0x0000000089f00000, 0x0000000089f00000| Untracked 
| 160|0x000000008a000000, 0x000000008a000000, 0x000000008a100000|  0%| F|  |TAMS 0x000000008a000000, 0x000000008a000000| Untracked 
| 161|0x000000008a100000, 0x000000008a100000, 0x000000008a200000|  0%| F|  |TAMS 0x000000008a100000, 0x000000008a100000| Untracked 
| 162|0x000000008a200000, 0x000000008a200000, 0x000000008a300000|  0%| F|  |TAMS 0x000000008a200000, 0x000000008a200000| Untracked 
| 163|0x000000008a300000, 0x000000008a300000, 0x000000008a400000|  0%| F|  |TAMS 0x000000008a300000, 0x000000008a300000| Untracked 
| 164|0x000000008a400000, 0x000000008a400000, 0x000000008a500000|  0%| F|  |TAMS 0x000000008a400000, 0x000000008a400000| Untracked 
| 165|0x000000008a500000, 0x000000008a500000, 0x000000008a600000|  0%| F|  |TAMS 0x000000008a500000, 0x000000008a500000| Untracked 
| 166|0x000000008a600000, 0x000000008a600000, 0x000000008a700000|  0%| F|  |TAMS 0x000000008a600000, 0x000000008a600000| Untracked 
| 167|0x000000008a700000, 0x000000008a700000, 0x000000008a800000|  0%| F|  |TAMS 0x000000008a700000, 0x000000008a700000| Untracked 
| 168|0x000000008a800000, 0x000000008a800000, 0x000000008a900000|  0%| F|  |TAMS 0x000000008a800000, 0x000000008a800000| Untracked 
| 169|0x000000008a900000, 0x000000008a900000, 0x000000008aa00000|  0%| F|  |TAMS 0x000000008a900000, 0x000000008a900000| Untracked 
| 170|0x000000008aa00000, 0x000000008aa00000, 0x000000008ab00000|  0%| F|  |TAMS 0x000000008aa00000, 0x000000008aa00000| Untracked 
| 171|0x000000008ab00000, 0x000000008ab00000, 0x000000008ac00000|  0%| F|  |TAMS 0x000000008ab00000, 0x000000008ab00000| Untracked 
| 172|0x000000008ac00000, 0x000000008ac00000, 0x000000008ad00000|  0%| F|  |TAMS 0x000000008ac00000, 0x000000008ac00000| Untracked 
| 173|0x000000008ad00000, 0x000000008ad00000, 0x000000008ae00000|  0%| F|  |TAMS 0x000000008ad00000, 0x000000008ad00000| Untracked 
| 174|0x000000008ae00000, 0x000000008ae00000, 0x000000008af00000|  0%| F|  |TAMS 0x000000008ae00000, 0x000000008ae00000| Untracked 
| 175|0x000000008af00000, 0x000000008af00000, 0x000000008b000000|  0%| F|  |TAMS 0x000000008af00000, 0x000000008af00000| Untracked 
| 176|0x000000008b000000, 0x000000008b000000, 0x000000008b100000|  0%| F|  |TAMS 0x000000008b000000, 0x000000008b000000| Untracked 
| 177|0x000000008b100000, 0x000000008b100000, 0x000000008b200000|  0%| F|  |TAMS 0x000000008b100000, 0x000000008b100000| Untracked 
| 178|0x000000008b200000, 0x000000008b200000, 0x000000008b300000|  0%| F|  |TAMS 0x000000008b200000, 0x000000008b200000| Untracked 
| 179|0x000000008b300000, 0x000000008b300000, 0x000000008b400000|  0%| F|  |TAMS 0x000000008b300000, 0x000000008b300000| Untracked 
| 180|0x000000008b400000, 0x000000008b400000, 0x000000008b500000|  0%| F|  |TAMS 0x000000008b400000, 0x000000008b400000| Untracked 
| 181|0x000000008b500000, 0x000000008b500000, 0x000000008b600000|  0%| F|  |TAMS 0x000000008b500000, 0x000000008b500000| Untracked 
| 182|0x000000008b600000, 0x000000008b600000, 0x000000008b700000|  0%| F|  |TAMS 0x000000008b600000, 0x000000008b600000| Untracked 
| 183|0x000000008b700000, 0x000000008b700000, 0x000000008b800000|  0%| F|  |TAMS 0x000000008b700000, 0x000000008b700000| Untracked 
| 184|0x000000008b800000, 0x000000008b800000, 0x000000008b900000|  0%| F|  |TAMS 0x000000008b800000, 0x000000008b800000| Untracked 
| 185|0x000000008b900000, 0x000000008b900000, 0x000000008ba00000|  0%| F|  |TAMS 0x000000008b900000, 0x000000008b900000| Untracked 
| 186|0x000000008ba00000, 0x000000008ba00000, 0x000000008bb00000|  0%| F|  |TAMS 0x000000008ba00000, 0x000000008ba00000| Untracked 
| 187|0x000000008bb00000, 0x000000008bb00000, 0x000000008bc00000|  0%| F|  |TAMS 0x000000008bb00000, 0x000000008bb00000| Untracked 
| 188|0x000000008bc00000, 0x000000008bc00000, 0x000000008bd00000|  0%| F|  |TAMS 0x000000008bc00000, 0x000000008bc00000| Untracked 
| 189|0x000000008bd00000, 0x000000008bd00000, 0x000000008be00000|  0%| F|  |TAMS 0x000000008bd00000, 0x000000008bd00000| Untracked 
| 190|0x000000008be00000, 0x000000008be00000, 0x000000008bf00000|  0%| F|  |TAMS 0x000000008be00000, 0x000000008be00000| Untracked 
| 191|0x000000008bf00000, 0x000000008bf00000, 0x000000008c000000|  0%| F|  |TAMS 0x000000008bf00000, 0x000000008bf00000| Untracked 
| 192|0x000000008c000000, 0x000000008c000000, 0x000000008c100000|  0%| F|  |TAMS 0x000000008c000000, 0x000000008c000000| Untracked 
| 193|0x000000008c100000, 0x000000008c100000, 0x000000008c200000|  0%| F|  |TAMS 0x000000008c100000, 0x000000008c100000| Untracked 
| 194|0x000000008c200000, 0x000000008c200000, 0x000000008c300000|  0%| F|  |TAMS 0x000000008c200000, 0x000000008c200000| Untracked 
| 195|0x000000008c300000, 0x000000008c300000, 0x000000008c400000|  0%| F|  |TAMS 0x000000008c300000, 0x000000008c300000| Untracked 
| 196|0x000000008c400000, 0x000000008c400000, 0x000000008c500000|  0%| F|  |TAMS 0x000000008c400000, 0x000000008c400000| Untracked 
| 197|0x000000008c500000, 0x000000008c500000, 0x000000008c600000|  0%| F|  |TAMS 0x000000008c500000, 0x000000008c500000| Untracked 
| 198|0x000000008c600000, 0x000000008c600000, 0x000000008c700000|  0%| F|  |TAMS 0x000000008c600000, 0x000000008c600000| Untracked 
| 199|0x000000008c700000, 0x000000008c700000, 0x000000008c800000|  0%| F|  |TAMS 0x000000008c700000, 0x000000008c700000| Untracked 
| 200|0x000000008c800000, 0x000000008c800000, 0x000000008c900000|  0%| F|  |TAMS 0x000000008c800000, 0x000000008c800000| Untracked 
| 201|0x000000008c900000, 0x000000008c900000, 0x000000008ca00000|  0%| F|  |TAMS 0x000000008c900000, 0x000000008c900000| Untracked 
| 202|0x000000008ca00000, 0x000000008ca00000, 0x000000008cb00000|  0%| F|  |TAMS 0x000000008ca00000, 0x000000008ca00000| Untracked 
| 203|0x000000008cb00000, 0x000000008cb00000, 0x000000008cc00000|  0%| F|  |TAMS 0x000000008cb00000, 0x000000008cb00000| Untracked 
| 204|0x000000008cc00000, 0x000000008cc00000, 0x000000008cd00000|  0%| F|  |TAMS 0x000000008cc00000, 0x000000008cc00000| Untracked 
| 205|0x000000008cd00000, 0x000000008cd00000, 0x000000008ce00000|  0%| F|  |TAMS 0x000000008cd00000, 0x000000008cd00000| Untracked 
| 206|0x000000008ce00000, 0x000000008ce00000, 0x000000008cf00000|  0%| F|  |TAMS 0x000000008ce00000, 0x000000008ce00000| Untracked 
| 207|0x000000008cf00000, 0x000000008cf00000, 0x000000008d000000|  0%| F|  |TAMS 0x000000008cf00000, 0x000000008cf00000| Untracked 
| 208|0x000000008d000000, 0x000000008d000000, 0x000000008d100000|  0%| F|  |TAMS 0x000000008d000000, 0x000000008d000000| Untracked 
| 209|0x000000008d100000, 0x000000008d100000, 0x000000008d200000|  0%| F|  |TAMS 0x000000008d100000, 0x000000008d100000| Untracked 
| 210|0x000000008d200000, 0x000000008d200000, 0x000000008d300000|  0%| F|  |TAMS 0x000000008d200000, 0x000000008d200000| Untracked 
| 211|0x000000008d300000, 0x000000008d300000, 0x000000008d400000|  0%| F|  |TAMS 0x000000008d300000, 0x000000008d300000| Untracked 
| 212|0x000000008d400000, 0x000000008d400000, 0x000000008d500000|  0%| F|  |TAMS 0x000000008d400000, 0x000000008d400000| Untracked 
| 213|0x000000008d500000, 0x000000008d500000, 0x000000008d600000|  0%| F|  |TAMS 0x000000008d500000, 0x000000008d500000| Untracked 
| 214|0x000000008d600000, 0x000000008d600000, 0x000000008d700000|  0%| F|  |TAMS 0x000000008d600000, 0x000000008d600000| Untracked 
| 215|0x000000008d700000, 0x000000008d700000, 0x000000008d800000|  0%| F|  |TAMS 0x000000008d700000, 0x000000008d700000| Untracked 
| 216|0x000000008d800000, 0x000000008d800000, 0x000000008d900000|  0%| F|  |TAMS 0x000000008d800000, 0x000000008d800000| Untracked 
| 217|0x000000008d900000, 0x000000008d900000, 0x000000008da00000|  0%| F|  |TAMS 0x000000008d900000, 0x000000008d900000| Untracked 
| 218|0x000000008da00000, 0x000000008da00000, 0x000000008db00000|  0%| F|  |TAMS 0x000000008da00000, 0x000000008da00000| Untracked 
| 219|0x000000008db00000, 0x000000008db00000, 0x000000008dc00000|  0%| F|  |TAMS 0x000000008db00000, 0x000000008db00000| Untracked 
| 220|0x000000008dc00000, 0x000000008dc00000, 0x000000008dd00000|  0%| F|  |TAMS 0x000000008dc00000, 0x000000008dc00000| Untracked 
| 221|0x000000008dd00000, 0x000000008dd00000, 0x000000008de00000|  0%| F|  |TAMS 0x000000008dd00000, 0x000000008dd00000| Untracked 
| 222|0x000000008de00000, 0x000000008de00000, 0x000000008df00000|  0%| F|  |TAMS 0x000000008de00000, 0x000000008de00000| Untracked 
| 223|0x000000008df00000, 0x000000008df00000, 0x000000008e000000|  0%| F|  |TAMS 0x000000008df00000, 0x000000008df00000| Untracked 
| 224|0x000000008e000000, 0x000000008e000000, 0x000000008e100000|  0%| F|  |TAMS 0x000000008e000000, 0x000000008e000000| Untracked 
| 225|0x000000008e100000, 0x000000008e100000, 0x000000008e200000|  0%| F|  |TAMS 0x000000008e100000, 0x000000008e100000| Untracked 
| 226|0x000000008e200000, 0x000000008e200000, 0x000000008e300000|  0%| F|  |TAMS 0x000000008e200000, 0x000000008e200000| Untracked 
| 227|0x000000008e300000, 0x000000008e300000, 0x000000008e400000|  0%| F|  |TAMS 0x000000008e300000, 0x000000008e300000| Untracked 
| 228|0x000000008e400000, 0x000000008e400000, 0x000000008e500000|  0%| F|  |TAMS 0x000000008e400000, 0x000000008e400000| Untracked 
| 229|0x000000008e500000, 0x000000008e500000, 0x000000008e600000|  0%| F|  |TAMS 0x000000008e500000, 0x000000008e500000| Untracked 
| 230|0x000000008e600000, 0x000000008e600000, 0x000000008e700000|  0%| F|  |TAMS 0x000000008e600000, 0x000000008e600000| Untracked 
| 231|0x000000008e700000, 0x000000008e700000, 0x000000008e800000|  0%| F|  |TAMS 0x000000008e700000, 0x000000008e700000| Untracked 
| 232|0x000000008e800000, 0x000000008e800000, 0x000000008e900000|  0%| F|  |TAMS 0x000000008e800000, 0x000000008e800000| Untracked 
| 233|0x000000008e900000, 0x000000008e900000, 0x000000008ea00000|  0%| F|  |TAMS 0x000000008e900000, 0x000000008e900000| Untracked 
| 234|0x000000008ea00000, 0x000000008ea00000, 0x000000008eb00000|  0%| F|  |TAMS 0x000000008ea00000, 0x000000008ea00000| Untracked 
| 235|0x000000008eb00000, 0x000000008eb00000, 0x000000008ec00000|  0%| F|  |TAMS 0x000000008eb00000, 0x000000008eb00000| Untracked 
| 236|0x000000008ec00000, 0x000000008ec00000, 0x000000008ed00000|  0%| F|  |TAMS 0x000000008ec00000, 0x000000008ec00000| Untracked 
| 237|0x000000008ed00000, 0x000000008ed00000, 0x000000008ee00000|  0%| F|  |TAMS 0x000000008ed00000, 0x000000008ed00000| Untracked 
| 238|0x000000008ee00000, 0x000000008ee00000, 0x000000008ef00000|  0%| F|  |TAMS 0x000000008ee00000, 0x000000008ee00000| Untracked 
| 239|0x000000008ef00000, 0x000000008ef00000, 0x000000008f000000|  0%| F|  |TAMS 0x000000008ef00000, 0x000000008ef00000| Untracked 
| 240|0x000000008f000000, 0x000000008f100000, 0x000000008f100000|100%| E|  |TAMS 0x000000008f000000, 0x000000008f000000| Complete 
| 241|0x000000008f100000, 0x000000008f200000, 0x000000008f200000|100%| E|CS|TAMS 0x000000008f100000, 0x000000008f100000| Complete 
| 242|0x000000008f200000, 0x000000008f300000, 0x000000008f300000|100%| E|CS|TAMS 0x000000008f200000, 0x000000008f200000| Complete 
| 243|0x000000008f300000, 0x000000008f400000, 0x000000008f400000|100%| E|CS|TAMS 0x000000008f300000, 0x000000008f300000| Complete 
| 244|0x000000008f400000, 0x000000008f500000, 0x000000008f500000|100%| E|CS|TAMS 0x000000008f400000, 0x000000008f400000| Complete 
| 245|0x000000008f500000, 0x000000008f600000, 0x000000008f600000|100%| E|CS|TAMS 0x000000008f500000, 0x000000008f500000| Complete 
| 246|0x000000008f600000, 0x000000008f700000, 0x000000008f700000|100%| E|CS|TAMS 0x000000008f600000, 0x000000008f600000| Complete 
| 247|0x000000008f700000, 0x000000008f800000, 0x000000008f800000|100%| E|CS|TAMS 0x000000008f700000, 0x000000008f700000| Complete 
| 248|0x000000008f800000, 0x000000008f900000, 0x000000008f900000|100%| E|CS|TAMS 0x000000008f800000, 0x000000008f800000| Complete 
| 249|0x000000008f900000, 0x000000008fa00000, 0x000000008fa00000|100%| E|CS|TAMS 0x000000008f900000, 0x000000008f900000| Complete 
| 250|0x000000008fa00000, 0x000000008fb00000, 0x000000008fb00000|100%| E|CS|TAMS 0x000000008fa00000, 0x000000008fa00000| Complete 
| 251|0x000000008fb00000, 0x000000008fc00000, 0x000000008fc00000|100%| E|CS|TAMS 0x000000008fb00000, 0x000000008fb00000| Complete 

Card table byte_map: [0x0000018cf0d90000,0x0000018cf1190000] _byte_map_base: 0x0000018cf0990000

Marking Bits (Prev, Next): (CMBitMap*) 0x0000018cd9ef3380, (CMBitMap*) 0x0000018cd9ef33c0
 Prev Bits: [0x0000018cf1590000, 0x0000018cf3590000)
 Next Bits: [0x0000018cf3590000, 0x0000018cf5590000)

Polling page: 0x0000018cd7be0000

Metaspace:

Usage:
  Non-class:     78.86 MB used.
      Class:     12.95 MB used.
       Both:     91.81 MB used.

Virtual space:
  Non-class space:      128.00 MB reserved,      79.38 MB ( 62%) committed,  2 nodes.
      Class space:      416.00 MB reserved,      13.44 MB (  3%) committed,  1 nodes.
             Both:      544.00 MB reserved,      92.81 MB ( 17%) committed. 

Chunk freelists:
   Non-Class:  112.00 KB
       Class:  2.49 MB
        Both:  2.60 MB

MaxMetaspaceSize: 512.00 MB
CompressedClassSpaceSize: 416.00 MB
Initial GC threshold: 21.00 MB
Current GC threshold: 138.25 MB
CDS: on
MetaspaceReclaimPolicy: balanced
 - commit_granule_bytes: 65536.
 - commit_granule_words: 8192.
 - virtual_space_node_default_size: 8388608.
 - enlarge_chunks_in_place: 1.
 - new_chunks_are_fully_committed: 0.
 - uncommit_free_chunks: 1.
 - use_allocation_guard: 0.
 - handle_deallocations: 1.


Internal statistics:

num_allocs_failed_limit: 6.
num_arena_births: 1262.
num_arena_deaths: 0.
num_vsnodes_births: 3.
num_vsnodes_deaths: 0.
num_space_committed: 1485.
num_space_uncommitted: 0.
num_chunks_returned_to_freelist: 6.
num_chunks_taken_from_freelist: 5398.
num_chunk_merges: 6.
num_chunk_splits: 3525.
num_chunks_enlarged: 2268.
num_inconsistent_stats: 0.

CodeHeap 'non-profiled nmethods': size=120000Kb used=7085Kb max_used=7085Kb free=112914Kb
 bounds [0x0000018ce9460000, 0x0000018ce9b50000, 0x0000018cf0990000]
CodeHeap 'profiled nmethods': size=120000Kb used=21554Kb max_used=21554Kb free=98446Kb
 bounds [0x0000018ce1990000, 0x0000018ce2ea0000, 0x0000018ce8ec0000]
CodeHeap 'non-nmethods': size=5760Kb used=2405Kb max_used=2455Kb free=3354Kb
 bounds [0x0000018ce8ec0000, 0x0000018ce9130000, 0x0000018ce9460000]
 total_blobs=11967 nmethods=11032 adapters=846
 compilation: enabled
              stopped_count=0, restarted_count=0
 full_count=0

Compilation events (20 events):
Event: 89.605 Thread 0x0000018cf7a56d10 12702       3       org.gradle.internal.logging.slf4j.BuildOperationAwareLogger::debug (18 bytes)
Event: 89.606 Thread 0x0000018cf7a56d10 nmethod 12702 0x0000018ce2e84390 code [0x0000018ce2e84560, 0x0000018ce2e84898]
Event: 89.606 Thread 0x0000018cf7a56d10 12703       3       org.gradle.internal.component.external.model.GradleDependencyMetadata::isTransitive (13 bytes)
Event: 89.606 Thread 0x0000018cf7a56d10 nmethod 12703 0x0000018ce2e84a10 code [0x0000018ce2e84ba0, 0x0000018ce2e84d38]
Event: 89.606 Thread 0x0000018cf7a56d10 12707       3       org.gradle.api.internal.artifacts.ivyservice.resolveengine.graph.builder.ResolveState::lambda$getSelector$2 (33 bytes)
Event: 89.607 Thread 0x0000018cf7a56d10 nmethod 12707 0x0000018ce2e84e10 code [0x0000018ce2e85020, 0x0000018ce2e85568]
Event: 89.607 Thread 0x0000018cf7a56d10 12704       3       org.gradle.api.internal.artifacts.ivyservice.resolveengine.graph.builder.SelectorState::<init> (116 bytes)
Event: 89.610 Thread 0x0000018cf7a56d10 nmethod 12704 0x0000018ce2e85890 code [0x0000018ce2e85c40, 0x0000018ce2e87a28]
Event: 89.610 Thread 0x0000018cf7a56d10 12705       3       org.gradle.api.internal.artifacts.ivyservice.resolveengine.graph.builder.ResolveState::resolveVersionConstraint (23 bytes)
Event: 89.611 Thread 0x0000018cf7a56d10 nmethod 12705 0x0000018ce2e88290 code [0x0000018ce2e884e0, 0x0000018ce2e88f98]
Event: 89.611 Thread 0x0000018cf7a56d10 12706       3       org.gradle.api.internal.artifacts.ivyservice.resolveengine.graph.builder.SelectorState::getSelector (13 bytes)
Event: 89.611 Thread 0x0000018cf7a56d10 nmethod 12706 0x0000018ce2e89290 code [0x0000018ce2e89440, 0x0000018ce2e89648]
Event: 89.611 Thread 0x0000018cf7a56d10 12708       3       org.gradle.api.internal.artifacts.ivyservice.resolveengine.graph.builder.ModuleResolveState::maybeUpdateSelection (119 bytes)
Event: 89.612 Thread 0x0000018cf7a56d10 nmethod 12708 0x0000018ce2e89710 code [0x0000018ce2e899e0, 0x0000018ce2e8a888]
Event: 89.613 Thread 0x0000018cf7a56d10 12709       3       org.gradle.api.internal.artifacts.ivyservice.resolveengine.graph.builder.ModuleSelectors::checkDeferSelection (16 bytes)
Event: 89.613 Thread 0x0000018cf7a56d10 nmethod 12709 0x0000018ce2e8ad90 code [0x0000018ce2e8af20, 0x0000018ce2e8b098]
Event: 89.613 Thread 0x0000018cf7a56d10 12710       3       org.gradle.internal.resolve.result.DefaultBuildableComponentIdResolveResult::getId (9 bytes)
Event: 89.613 Thread 0x0000018cf7a56d10 nmethod 12710 0x0000018ce2e8b110 code [0x0000018ce2e8b2c0, 0x0000018ce2e8b5a8]
Event: 89.613 Thread 0x0000018cf7a56d10 12711       3       org.gradle.api.internal.artifacts.ivyservice.resolveengine.graph.selectors.SelectorStateResolverResults::componentForIdResolveResult (48 bytes)
Event: 89.615 Thread 0x0000018cf7a56d10 nmethod 12711 0x0000018ce2e8b710 code [0x0000018ce2e8b9a0, 0x0000018ce2e8c648]

GC Heap History (20 events):
Event: 31.194 GC heap before
{Heap before GC invocations=29 (full 0):
 garbage-first heap   total 129024K, used 75070K [0x0000000080000000, 0x0000000100000000)
  region size 1024K, 6 young (6144K), 3 survivors (3072K)
 Metaspace       used 65694K, committed 66368K, reserved 491520K
  class space    used 9305K, committed 9600K, reserved 425984K
}
Event: 31.202 GC heap after
{Heap after GC invocations=30 (full 0):
 garbage-first heap   total 129024K, used 71690K [0x0000000080000000, 0x0000000100000000)
  region size 1024K, 1 young (1024K), 1 survivors (1024K)
 Metaspace       used 65694K, committed 66368K, reserved 491520K
  class space    used 9305K, committed 9600K, reserved 425984K
}
Event: 32.506 GC heap before
{Heap before GC invocations=30 (full 0):
 garbage-first heap   total 129024K, used 101386K [0x0000000080000000, 0x0000000100000000)
  region size 1024K, 31 young (31744K), 1 survivors (1024K)
 Metaspace       used 67751K, committed 68416K, reserved 491520K
  class space    used 9685K, committed 9984K, reserved 425984K
}
Event: 32.514 GC heap after
{Heap after GC invocations=31 (full 0):
 garbage-first heap   total 258048K, used 74520K [0x0000000080000000, 0x0000000100000000)
  region size 1024K, 4 young (4096K), 4 survivors (4096K)
 Metaspace       used 67751K, committed 68416K, reserved 491520K
  class space    used 9685K, committed 9984K, reserved 425984K
}
Event: 56.041 GC heap before
{Heap before GC invocations=32 (full 0):
 garbage-first heap   total 258048K, used 188184K [0x0000000080000000, 0x0000000100000000)
  region size 1024K, 115 young (117760K), 4 survivors (4096K)
 Metaspace       used 69819K, committed 70592K, reserved 491520K
  class space    used 9881K, committed 10240K, reserved 425984K
}
Event: 56.065 GC heap after
{Heap after GC invocations=33 (full 0):
 garbage-first heap   total 258048K, used 83194K [0x0000000080000000, 0x0000000100000000)
  region size 1024K, 12 young (12288K), 12 survivors (12288K)
 Metaspace       used 69819K, committed 70592K, reserved 491520K
  class space    used 9881K, committed 10240K, reserved 425984K
}
Event: 56.198 GC heap before
{Heap before GC invocations=33 (full 0):
 garbage-first heap   total 258048K, used 83194K [0x0000000080000000, 0x0000000100000000)
  region size 1024K, 13 young (13312K), 12 survivors (12288K)
 Metaspace       used 69819K, committed 70592K, reserved 491520K
  class space    used 9881K, committed 10240K, reserved 425984K
}
Event: 56.218 GC heap after
{Heap after GC invocations=34 (full 0):
 garbage-first heap   total 258048K, used 83042K [0x0000000080000000, 0x0000000100000000)
  region size 1024K, 2 young (2048K), 2 survivors (2048K)
 Metaspace       used 69819K, committed 70592K, reserved 491520K
  class space    used 9881K, committed 10240K, reserved 425984K
}
Event: 65.253 GC heap before
{Heap before GC invocations=34 (full 0):
 garbage-first heap   total 258048K, used 195682K [0x0000000080000000, 0x0000000100000000)
  region size 1024K, 106 young (108544K), 2 survivors (2048K)
 Metaspace       used 72443K, committed 73344K, reserved 491520K
  class space    used 10204K, committed 10624K, reserved 425984K
}
Event: 65.264 GC heap after
{Heap after GC invocations=35 (full 0):
 garbage-first heap   total 258048K, used 98662K [0x0000000080000000, 0x0000000100000000)
  region size 1024K, 11 young (11264K), 11 survivors (11264K)
 Metaspace       used 72443K, committed 73344K, reserved 491520K
  class space    used 10204K, committed 10624K, reserved 425984K
}
Event: 76.799 GC heap before
{Heap before GC invocations=35 (full 0):
 garbage-first heap   total 258048K, used 201062K [0x0000000080000000, 0x0000000100000000)
  region size 1024K, 106 young (108544K), 11 survivors (11264K)
 Metaspace       used 79440K, committed 80320K, reserved 557056K
  class space    used 11026K, committed 11456K, reserved 425984K
}
Event: 77.000 GC heap after
{Heap after GC invocations=36 (full 0):
 garbage-first heap   total 258048K, used 106250K [0x0000000080000000, 0x0000000100000000)
  region size 1024K, 7 young (7168K), 7 survivors (7168K)
 Metaspace       used 79440K, committed 80320K, reserved 557056K
  class space    used 11026K, committed 11456K, reserved 425984K
}
Event: 82.630 GC heap before
{Heap before GC invocations=36 (full 0):
 garbage-first heap   total 258048K, used 200458K [0x0000000080000000, 0x0000000100000000)
  region size 1024K, 99 young (101376K), 7 survivors (7168K)
 Metaspace       used 84012K, committed 84928K, reserved 557056K
  class space    used 11667K, committed 12096K, reserved 425984K
}
Event: 82.656 GC heap after
{Heap after GC invocations=37 (full 0):
 garbage-first heap   total 258048K, used 111573K [0x0000000080000000, 0x0000000100000000)
  region size 1024K, 12 young (12288K), 12 survivors (12288K)
 Metaspace       used 84012K, committed 84928K, reserved 557056K
  class space    used 11667K, committed 12096K, reserved 425984K
}
Event: 86.110 GC heap before
{Heap before GC invocations=38 (full 0):
 garbage-first heap   total 258048K, used 205781K [0x0000000080000000, 0x0000000100000000)
  region size 1024K, 103 young (105472K), 12 survivors (12288K)
 Metaspace       used 88922K, committed 89856K, reserved 557056K
  class space    used 12510K, committed 12928K, reserved 425984K
}
Event: 86.130 GC heap after
{Heap after GC invocations=39 (full 0):
 garbage-first heap   total 258048K, used 115032K [0x0000000080000000, 0x0000000100000000)
  region size 1024K, 9 young (9216K), 9 survivors (9216K)
 Metaspace       used 88922K, committed 89856K, reserved 557056K
  class space    used 12510K, committed 12928K, reserved 425984K
}
Event: 86.227 GC heap before
{Heap before GC invocations=39 (full 0):
 garbage-first heap   total 258048K, used 118104K [0x0000000080000000, 0x0000000100000000)
  region size 1024K, 12 young (12288K), 9 survivors (9216K)
 Metaspace       used 89124K, committed 90048K, reserved 557056K
  class space    used 12547K, committed 12992K, reserved 425984K
}
Event: 86.240 GC heap after
{Heap after GC invocations=40 (full 0):
 garbage-first heap   total 258048K, used 114579K [0x0000000080000000, 0x0000000100000000)
  region size 1024K, 2 young (2048K), 2 survivors (2048K)
 Metaspace       used 89124K, committed 90048K, reserved 557056K
  class space    used 12547K, committed 12992K, reserved 425984K
}
Event: 89.018 GC heap before
{Heap before GC invocations=40 (full 0):
 garbage-first heap   total 258048K, used 207763K [0x0000000080000000, 0x0000000100000000)
  region size 1024K, 93 young (95232K), 2 survivors (2048K)
 Metaspace       used 93670K, committed 94656K, reserved 557056K
  class space    used 13221K, committed 13696K, reserved 425984K
}
Event: 89.035 GC heap after
{Heap after GC invocations=41 (full 0):
 garbage-first heap   total 258048K, used 120156K [0x0000000080000000, 0x0000000100000000)
  region size 1024K, 7 young (7168K), 7 survivors (7168K)
 Metaspace       used 93670K, committed 94656K, reserved 557056K
  class space    used 13221K, committed 13696K, reserved 425984K
}

Dll operation events (14 events):
Event: 0.014 Loaded shared library C:\Program Files\Microsoft\jdk-17.0.8.7-hotspot\bin\java.dll
Event: 0.045 Loaded shared library C:\Program Files\Microsoft\jdk-17.0.8.7-hotspot\bin\jsvml.dll
Event: 0.173 Loaded shared library C:\Program Files\Microsoft\jdk-17.0.8.7-hotspot\bin\zip.dll
Event: 0.176 Loaded shared library C:\Program Files\Microsoft\jdk-17.0.8.7-hotspot\bin\instrument.dll
Event: 0.183 Loaded shared library C:\Program Files\Microsoft\jdk-17.0.8.7-hotspot\bin\net.dll
Event: 0.186 Loaded shared library C:\Program Files\Microsoft\jdk-17.0.8.7-hotspot\bin\nio.dll
Event: 0.194 Loaded shared library C:\Program Files\Microsoft\jdk-17.0.8.7-hotspot\bin\zip.dll
Event: 0.679 Loaded shared library C:\Program Files\Microsoft\jdk-17.0.8.7-hotspot\bin\jimage.dll
Event: 0.899 Loaded shared library C:\Program Files\Microsoft\jdk-17.0.8.7-hotspot\bin\verify.dll
Event: 1.259 Loaded shared library C:\Users\user\.gradle\native\c067742578af261105cb4f569cf0c3c89f3d7b1fecec35dd04571415982c5e48\windows-amd64\native-platform.dll
Event: 1.284 Loaded shared library C:\Users\user\.gradle\native\100fb08df4bc3b14c8652ba06237920a3bd2aa13389f12d3474272988ae205f9\windows-amd64\native-platform-file-events.dll
Event: 4.422 Loaded shared library C:\Program Files\Microsoft\jdk-17.0.8.7-hotspot\bin\management.dll
Event: 4.426 Loaded shared library C:\Program Files\Microsoft\jdk-17.0.8.7-hotspot\bin\management_ext.dll
Event: 5.065 Loaded shared library C:\Program Files\Microsoft\jdk-17.0.8.7-hotspot\bin\sunmscapi.dll

Deoptimization events (20 events):
Event: 88.019 Thread 0x0000018cfd66e810 DEOPT PACKING pc=0x0000018ce9a26638 sp=0x00000023c82fe050
Event: 88.019 Thread 0x0000018cfd66e810 DEOPT UNPACKING pc=0x0000018ce8f169a3 sp=0x00000023c82fdfd0 mode 2
Event: 88.190 Thread 0x0000018cfd3cc9c0 Uncommon trap: trap_request=0xffffff45 fr.pc=0x0000018ce976294c relative=0x000000000000026c
Event: 88.190 Thread 0x0000018cfd3cc9c0 Uncommon trap: reason=unstable_if action=reinterpret pc=0x0000018ce976294c method=org.gradle.internal.reflect.PropertyAccessorType.of(Ljava/lang/reflect/Method;)Lorg/gradle/internal/reflect/PropertyAccessorType; @ 74 c2
Event: 88.190 Thread 0x0000018cfd3cc9c0 DEOPT PACKING pc=0x0000018ce976294c sp=0x00000023c40f9520
Event: 88.190 Thread 0x0000018cfd3cc9c0 DEOPT UNPACKING pc=0x0000018ce8f169a3 sp=0x00000023c40f94e0 mode 2
Event: 88.194 Thread 0x0000018cfd3cc9c0 DEOPT PACKING pc=0x0000018ce1d54571 sp=0x00000023c40f8a00
Event: 88.194 Thread 0x0000018cfd3cc9c0 DEOPT UNPACKING pc=0x0000018ce8f17143 sp=0x00000023c40f7e60 mode 0
Event: 88.587 Thread 0x0000018cfd3cc9c0 Uncommon trap: trap_request=0xffffff45 fr.pc=0x0000018ce94d42ac relative=0x00000000000011ec
Event: 88.587 Thread 0x0000018cfd3cc9c0 Uncommon trap: reason=unstable_if action=reinterpret pc=0x0000018ce94d42ac method=java.lang.ClassLoader.checkCerts(Ljava/lang/String;Ljava/security/CodeSource;)V @ 30 c2
Event: 88.587 Thread 0x0000018cfd3cc9c0 DEOPT PACKING pc=0x0000018ce94d42ac sp=0x00000023c40f58f0
Event: 88.587 Thread 0x0000018cfd3cc9c0 DEOPT UNPACKING pc=0x0000018ce8f169a3 sp=0x00000023c40f5868 mode 2
Event: 88.587 Thread 0x0000018cfd3cc9c0 Uncommon trap: trap_request=0xffffff45 fr.pc=0x0000018ce9aa16ac relative=0x0000000000000ecc
Event: 88.587 Thread 0x0000018cfd3cc9c0 Uncommon trap: reason=unstable_if action=reinterpret pc=0x0000018ce9aa16ac method=java.lang.ClassLoader.defineClassSourceLocation(Ljava/security/ProtectionDomain;)Ljava/lang/String; @ 8 c2
Event: 88.587 Thread 0x0000018cfd3cc9c0 DEOPT PACKING pc=0x0000018ce9aa16ac sp=0x00000023c40f59a0
Event: 88.587 Thread 0x0000018cfd3cc9c0 DEOPT UNPACKING pc=0x0000018ce8f169a3 sp=0x00000023c40f5938 mode 2
Event: 88.588 Thread 0x0000018cfd3cc9c0 Uncommon trap: trap_request=0xffffff45 fr.pc=0x0000018ce972ed54 relative=0x0000000000000ad4
Event: 88.588 Thread 0x0000018cfd3cc9c0 Uncommon trap: reason=unstable_if action=reinterpret pc=0x0000018ce972ed54 method=java.lang.ClassLoader.loadClass(Ljava/lang/String;Z)Ljava/lang/Class; @ 29 c2
Event: 88.588 Thread 0x0000018cfd3cc9c0 DEOPT PACKING pc=0x0000018ce972ed54 sp=0x00000023c40f1990
Event: 88.588 Thread 0x0000018cfd3cc9c0 DEOPT UNPACKING pc=0x0000018ce8f169a3 sp=0x00000023c40f1958 mode 2

Classes unloaded (0 events):
No events

Classes redefined (0 events):
No events

Internal exceptions (20 events):
Event: 88.587 Thread 0x0000018cfd3cc9c0 Implicit null exception at 0x0000018ce94d34bd to 0x0000018ce94d4284
Event: 88.587 Thread 0x0000018cfd3cc9c0 Implicit null exception at 0x0000018ce9aa083d to 0x0000018ce9aa1670
Event: 88.603 Thread 0x0000018cfd3cc9c0 Exception <a 'java/lang/ClassNotFoundException'{0x000000008ad7ede8}: com/android/build/gradle/internal/api/DefaultAndroidSourceSet_DecoratedBeanInfo> (0x000000008ad7ede8) 
thrown [s\src\hotspot\share\classfile\systemDictionary.cpp, line 256]
Event: 88.605 Thread 0x0000018cfd3cc9c0 Exception <a 'java/lang/ClassNotFoundException'{0x000000008ad90558}: com/android/build/gradle/internal/api/DefaultAndroidSourceSetBeanInfo> (0x000000008ad90558) 
thrown [s\src\hotspot\share\classfile\systemDictionary.cpp, line 256]
Event: 88.607 Thread 0x0000018cfd3cc9c0 Exception <a 'java/lang/ClassNotFoundException'{0x000000008ada1b00}: com/android/build/gradle/internal/api/DefaultAndroidSourceSetCustomizer> (0x000000008ada1b00) 
thrown [s\src\hotspot\share\classfile\systemDictionary.cpp, line 256]
Event: 88.610 Thread 0x0000018cfd3cc9c0 Exception <a 'java/lang/ClassNotFoundException'{0x000000008ac0a938}: com/android/build/gradle/internal/api/DefaultAndroidSourceSet_DecoratedCustomizer> (0x000000008ac0a938) 
thrown [s\src\hotspot\share\classfile\systemDictionary.cpp, line 256]
Event: 88.622 Thread 0x0000018cfd3cc9c0 Exception <a 'java/lang/ClassNotFoundException'{0x000000008ac8b050}: com/android/build/gradle/internal/api/DefaultAndroidSourceDirectorySetBeanInfo> (0x000000008ac8b050) 
thrown [s\src\hotspot\share\classfile\systemDictionary.cpp, line 256]
Event: 88.623 Thread 0x0000018cfd3cc9c0 Exception <a 'java/lang/ClassNotFoundException'{0x000000008ac9ccd0}: com/android/build/gradle/internal/api/DefaultAndroidSourceDirectorySetCustomizer> (0x000000008ac9ccd0) 
thrown [s\src\hotspot\share\classfile\systemDictionary.cpp, line 256]
Event: 88.633 Thread 0x0000018cfd3cc9c0 Exception <a 'java/lang/ClassNotFoundException'{0x000000008abb2378}: com/google/common/collect/SingletonImmutableSetBeanInfo> (0x000000008abb2378) 
thrown [s\src\hotspot\share\classfile\systemDictionary.cpp, line 256]
Event: 88.635 Thread 0x0000018cfd3cc9c0 Exception <a 'java/lang/ClassNotFoundException'{0x000000008abc1740}: com/google/common/collect/ImmutableSetBeanInfo> (0x000000008abc1740) 
thrown [s\src\hotspot\share\classfile\systemDictionary.cpp, line 256]
Event: 88.636 Thread 0x0000018cfd3cc9c0 Exception <a 'java/lang/ClassNotFoundException'{0x000000008abd1bd8}: com/google/common/collect/ImmutableCollectionBeanInfo> (0x000000008abd1bd8) 
thrown [s\src\hotspot\share\classfile\systemDictionary.cpp, line 256]
Event: 88.637 Thread 0x0000018cfd3cc9c0 Exception <a 'java/lang/ClassNotFoundException'{0x000000008abe1948}: com/google/common/collect/ImmutableCollectionCustomizer> (0x000000008abe1948) 
thrown [s\src\hotspot\share\classfile\systemDictionary.cpp, line 256]
Event: 88.647 Thread 0x0000018cfd3cc9c0 Exception <a 'java/lang/ClassNotFoundException'{0x000000008aa31e30}: com/google/common/collect/ImmutableSetCustomizer> (0x000000008aa31e30) 
thrown [s\src\hotspot\share\classfile\systemDictionary.cpp, line 256]
Event: 88.650 Thread 0x0000018cfd3cc9c0 Exception <a 'java/lang/ClassNotFoundException'{0x000000008aa596c8}: com/google/common/collect/SingletonImmutableSetCustomizer> (0x000000008aa596c8) 
thrown [s\src\hotspot\share\classfile\systemDictionary.cpp, line 256]
Event: 89.141 Thread 0x0000018cfd3cc9c0 Exception <a 'java/lang/ClassNotFoundException'{0x000000008f9a89f0}: com/android/build/gradle/internal/api/LibraryVariantOutputImpl_DecoratedBeanInfo> (0x000000008f9a89f0) 
thrown [s\src\hotspot\share\classfile\systemDictionary.cpp, line 256]
Event: 89.142 Thread 0x0000018cfd3cc9c0 Exception <a 'java/lang/ClassNotFoundException'{0x000000008f9b6180}: com/android/build/gradle/internal/api/LibraryVariantOutputImplBeanInfo> (0x000000008f9b6180) 
thrown [s\src\hotspot\share\classfile\systemDictionary.cpp, line 256]
Event: 89.143 Thread 0x0000018cfd3cc9c0 Exception <a 'java/lang/ClassNotFoundException'{0x000000008f9c36e0}: com/android/build/gradle/internal/api/LibraryVariantOutputImplCustomizer> (0x000000008f9c36e0) 
thrown [s\src\hotspot\share\classfile\systemDictionary.cpp, line 256]
Event: 89.146 Thread 0x0000018cfd3cc9c0 Exception <a 'java/lang/ClassNotFoundException'{0x000000008f9d9c90}: com/android/build/gradle/internal/api/LibraryVariantOutputImpl_DecoratedCustomizer> (0x000000008f9d9c90) 
thrown [s\src\hotspot\share\classfile\systemDictionary.cpp, line 256]
Event: 89.563 Thread 0x0000018cfd3cc9c0 Exception <a 'java/lang/ClassNotFoundException'{0x000000008f3875d0}: build_2ihlln64w6mn9sbafdcrqc3s8BeanInfo> (0x000000008f3875d0) 
thrown [s\src\hotspot\share\classfile\systemDictionary.cpp, line 256]
Event: 89.566 Thread 0x0000018cfd3cc9c0 Exception <a 'java/lang/ClassNotFoundException'{0x000000008f38e8b8}: build_2ihlln64w6mn9sbafdcrqc3s8Customizer> (0x000000008f38e8b8) 
thrown [s\src\hotspot\share\classfile\systemDictionary.cpp, line 256]

VM Operations (20 events):
Event: 83.173 Executing VM operation: G1PauseCleanup
Event: 83.173 Executing VM operation: G1PauseCleanup done
Event: 83.229 Executing VM operation: HandshakeAllThreads
Event: 83.230 Executing VM operation: HandshakeAllThreads done
Event: 83.673 Executing VM operation: HandshakeAllThreads
Event: 83.674 Executing VM operation: HandshakeAllThreads done
Event: 84.688 Executing VM operation: Cleanup
Event: 84.704 Executing VM operation: Cleanup done
Event: 85.717 Executing VM operation: Cleanup
Event: 85.718 Executing VM operation: Cleanup done
Event: 86.110 Executing VM operation: G1CollectForAllocation
Event: 86.130 Executing VM operation: G1CollectForAllocation done
Event: 86.227 Executing VM operation: G1CollectForAllocation
Event: 86.241 Executing VM operation: G1CollectForAllocation done
Event: 87.252 Executing VM operation: Cleanup
Event: 87.268 Executing VM operation: Cleanup done
Event: 88.237 Executing VM operation: ICBufferFull
Event: 88.238 Executing VM operation: ICBufferFull done
Event: 89.018 Executing VM operation: G1CollectForAllocation
Event: 89.035 Executing VM operation: G1CollectForAllocation done

Events (20 events):
Event: 88.524 loading class java/util/AbstractListCustomizer
Event: 88.524 loading class java/util/AbstractListCustomizer done
Event: 88.524 loading class java/util/AbstractListCustomizer
Event: 88.524 loading class java/util/AbstractListCustomizer done
Event: 88.525 loading class java/util/ArrayListCustomizer
Event: 88.525 loading class java/util/ArrayListCustomizer done
Event: 88.527 loading class java/util/ArrayListCustomizer
Event: 88.527 loading class java/util/ArrayListCustomizer done
Event: 88.582 loading class java/lang/BooleanBeanInfo
Event: 88.582 loading class java/lang/BooleanBeanInfo done
Event: 88.583 loading class java/lang/BooleanBeanInfo
Event: 88.583 loading class java/lang/BooleanBeanInfo done
Event: 88.583 loading class java/lang/BooleanCustomizer
Event: 88.583 loading class java/lang/BooleanCustomizer done
Event: 88.583 loading class java/lang/BooleanCustomizer
Event: 88.583 loading class java/lang/BooleanCustomizer done
Event: 88.584 loading class jdk/internal/ValueBased
Event: 88.584 loading class jdk/internal/ValueBased done
Event: 88.957 Thread 0x0000018cfdeba720 Thread exited: 0x0000018cfdeba720
Event: 89.174 Thread 0x0000018cfdeb7750 Thread added: 0x0000018cfdeb7750


Dynamic libraries:
0x00007ff7652b0000 - 0x00007ff7652be000 	C:\Program Files\Microsoft\jdk-17.0.8.7-hotspot\bin\java.exe
0x00007ffab11d0000 - 0x00007ffab13c8000 	C:\WINDOWS\SYSTEM32\ntdll.dll
0x00007ffab0c60000 - 0x00007ffab0d21000 	C:\WINDOWS\System32\KERNEL32.DLL
0x00007ffaaeae0000 - 0x00007ffaaeddd000 	C:\WINDOWS\System32\KERNELBASE.dll
0x00007ffaaee60000 - 0x00007ffaaef60000 	C:\WINDOWS\System32\ucrtbase.dll
0x00007ffa8ed80000 - 0x00007ffa8ed9b000 	C:\Program Files\Microsoft\jdk-17.0.8.7-hotspot\bin\VCRUNTIME140.dll
0x00007ffa90630000 - 0x00007ffa90647000 	C:\Program Files\Microsoft\jdk-17.0.8.7-hotspot\bin\jli.dll
0x00007ffab01e0000 - 0x00007ffab037d000 	C:\WINDOWS\System32\USER32.dll
0x00007ffaae920000 - 0x00007ffaae942000 	C:\WINDOWS\System32\win32u.dll
0x00007ffa9dac0000 - 0x00007ffa9dd5a000 	C:\WINDOWS\WinSxS\amd64_microsoft.windows.common-controls_6595b64144ccf1df_6.0.19041.4355_none_60b8b9eb71f62e16\COMCTL32.dll
0x00007ffaafba0000 - 0x00007ffaafbcb000 	C:\WINDOWS\System32\GDI32.dll
0x00007ffaae950000 - 0x00007ffaaea67000 	C:\WINDOWS\System32\gdi32full.dll
0x00007ffaae880000 - 0x00007ffaae91d000 	C:\WINDOWS\System32\msvcp_win.dll
0x00007ffab0140000 - 0x00007ffab01de000 	C:\WINDOWS\System32\msvcrt.dll
0x00007ffaafef0000 - 0x00007ffaaff1f000 	C:\WINDOWS\System32\IMM32.DLL
0x00007ffaa07c0000 - 0x00007ffaa07cc000 	C:\Program Files\Microsoft\jdk-17.0.8.7-hotspot\bin\vcruntime140_1.dll
0x00007ffa64a40000 - 0x00007ffa64acd000 	C:\Program Files\Microsoft\jdk-17.0.8.7-hotspot\bin\msvcp140.dll
0x00007ffa242d0000 - 0x00007ffa24f35000 	C:\Program Files\Microsoft\jdk-17.0.8.7-hotspot\bin\server\jvm.dll
0x00007ffab10d0000 - 0x00007ffab1180000 	C:\WINDOWS\System32\ADVAPI32.dll
0x00007ffaaf390000 - 0x00007ffaaf430000 	C:\WINDOWS\System32\sechost.dll
0x00007ffaafdc0000 - 0x00007ffaafee3000 	C:\WINDOWS\System32\RPCRT4.dll
0x00007ffaaede0000 - 0x00007ffaaee07000 	C:\WINDOWS\System32\bcrypt.dll
0x00007ffaadd70000 - 0x00007ffaaddbb000 	C:\WINDOWS\SYSTEM32\POWRPROF.dll
0x00007ffa9e0f0000 - 0x00007ffa9e0f9000 	C:\WINDOWS\SYSTEM32\WSOCK32.dll
0x00007ffa9e530000 - 0x00007ffa9e53a000 	C:\WINDOWS\SYSTEM32\VERSION.dll
0x00007ffaaff20000 - 0x00007ffaaff8b000 	C:\WINDOWS\System32\WS2_32.dll
0x00007ffa9e820000 - 0x00007ffa9e847000 	C:\WINDOWS\SYSTEM32\WINMM.dll
0x00007ffaadc30000 - 0x00007ffaadc42000 	C:\WINDOWS\SYSTEM32\UMPDC.dll
0x00007ffaac6c0000 - 0x00007ffaac6d2000 	C:\WINDOWS\SYSTEM32\kernel.appcore.dll
0x00007ffa98110000 - 0x00007ffa9811a000 	C:\Program Files\Microsoft\jdk-17.0.8.7-hotspot\bin\jimage.dll
0x00007ffaabe80000 - 0x00007ffaac064000 	C:\WINDOWS\SYSTEM32\DBGHELP.DLL
0x00007ffa9b830000 - 0x00007ffa9b864000 	C:\WINDOWS\SYSTEM32\dbgcore.DLL
0x00007ffaaef60000 - 0x00007ffaaefe2000 	C:\WINDOWS\System32\bcryptPrimitives.dll
0x00007ffa958d0000 - 0x00007ffa958de000 	C:\Program Files\Microsoft\jdk-17.0.8.7-hotspot\bin\instrument.dll
0x00007ffa8c010000 - 0x00007ffa8c035000 	C:\Program Files\Microsoft\jdk-17.0.8.7-hotspot\bin\java.dll
0x00007ffa550b0000 - 0x00007ffa55187000 	C:\Program Files\Microsoft\jdk-17.0.8.7-hotspot\bin\jsvml.dll
0x00007ffaaf430000 - 0x00007ffaafb9f000 	C:\WINDOWS\System32\SHELL32.dll
0x00007ffaac8c0000 - 0x00007ffaad05f000 	C:\WINDOWS\SYSTEM32\windows.storage.dll
0x00007ffab0800000 - 0x00007ffab0b53000 	C:\WINDOWS\System32\combase.dll
0x00007ffaae1c0000 - 0x00007ffaae1ee000 	C:\WINDOWS\SYSTEM32\Wldp.dll
0x00007ffaaff90000 - 0x00007ffab005d000 	C:\WINDOWS\System32\OLEAUT32.dll
0x00007ffaafc80000 - 0x00007ffaafd2d000 	C:\WINDOWS\System32\SHCORE.dll
0x00007ffab00e0000 - 0x00007ffab0135000 	C:\WINDOWS\System32\shlwapi.dll
0x00007ffaae7b0000 - 0x00007ffaae7d4000 	C:\WINDOWS\SYSTEM32\profapi.dll
0x00007ffa84010000 - 0x00007ffa84028000 	C:\Program Files\Microsoft\jdk-17.0.8.7-hotspot\bin\zip.dll
0x00007ffa8bee0000 - 0x00007ffa8bef9000 	C:\Program Files\Microsoft\jdk-17.0.8.7-hotspot\bin\net.dll
0x00007ffaa4510000 - 0x00007ffaa461d000 	C:\WINDOWS\SYSTEM32\WINHTTP.dll
0x00007ffaadfa0000 - 0x00007ffaae00a000 	C:\WINDOWS\system32\mswsock.dll
0x00007ffa86370000 - 0x00007ffa86386000 	C:\Program Files\Microsoft\jdk-17.0.8.7-hotspot\bin\nio.dll
0x00007ffa977b0000 - 0x00007ffa977c0000 	C:\Program Files\Microsoft\jdk-17.0.8.7-hotspot\bin\verify.dll
0x00007ffa83a40000 - 0x00007ffa83a67000 	C:\Users\user\.gradle\native\c067742578af261105cb4f569cf0c3c89f3d7b1fecec35dd04571415982c5e48\windows-amd64\native-platform.dll
0x00007ffa24180000 - 0x00007ffa242c4000 	C:\Users\user\.gradle\native\100fb08df4bc3b14c8652ba06237920a3bd2aa13389f12d3474272988ae205f9\windows-amd64\native-platform-file-events.dll
0x00007ffa97500000 - 0x00007ffa97509000 	C:\Program Files\Microsoft\jdk-17.0.8.7-hotspot\bin\management.dll
0x00007ffa96690000 - 0x00007ffa9669b000 	C:\Program Files\Microsoft\jdk-17.0.8.7-hotspot\bin\management_ext.dll
0x00007ffaaf200000 - 0x00007ffaaf208000 	C:\WINDOWS\System32\PSAPI.DLL
0x00007ffaae510000 - 0x00007ffaae528000 	C:\WINDOWS\SYSTEM32\CRYPTSP.dll
0x00007ffaad870000 - 0x00007ffaad8a4000 	C:\WINDOWS\system32\rsaenh.dll
0x00007ffaae760000 - 0x00007ffaae78e000 	C:\WINDOWS\SYSTEM32\USERENV.dll
0x00007ffaae130000 - 0x00007ffaae13c000 	C:\WINDOWS\SYSTEM32\CRYPTBASE.dll
0x00007ffaadc50000 - 0x00007ffaadc8b000 	C:\WINDOWS\SYSTEM32\IPHLPAPI.DLL
0x00007ffab1180000 - 0x00007ffab1188000 	C:\WINDOWS\System32\NSI.dll
0x00007ffaa5c70000 - 0x00007ffaa5c87000 	C:\WINDOWS\SYSTEM32\dhcpcsvc6.DLL
0x00007ffaa5fa0000 - 0x00007ffaa5fbd000 	C:\WINDOWS\SYSTEM32\dhcpcsvc.DLL
0x00007ffaadca0000 - 0x00007ffaadd6a000 	C:\WINDOWS\SYSTEM32\DNSAPI.dll
0x00007ffa94c00000 - 0x00007ffa94c0e000 	C:\Program Files\Microsoft\jdk-17.0.8.7-hotspot\bin\sunmscapi.dll
0x00007ffaaeff0000 - 0x00007ffaaf14e000 	C:\WINDOWS\System32\CRYPT32.dll
0x00007ffaae230000 - 0x00007ffaae259000 	C:\WINDOWS\SYSTEM32\ncrypt.dll
0x00007ffaae1f0000 - 0x00007ffaae22b000 	C:\WINDOWS\SYSTEM32\NTASN1.dll
0x00007ffaa8440000 - 0x00007ffaa8447000 	C:\WINDOWS\system32\wshunix.dll
0x00007ffa99300000 - 0x00007ffa99317000 	C:\WINDOWS\system32\napinsp.dll
0x00007ffa992a0000 - 0x00007ffa992bb000 	C:\WINDOWS\system32\pnrpnsp.dll
0x00007ffa99280000 - 0x00007ffa99295000 	C:\WINDOWS\system32\wshbth.dll
0x00007ffaa8690000 - 0x00007ffaa86ad000 	C:\WINDOWS\system32\NLAapi.dll
0x00007ffa991a0000 - 0x00007ffa991b2000 	C:\WINDOWS\System32\winrnr.dll
0x00007ffa9e6d0000 - 0x00007ffa9e6da000 	C:\Windows\System32\rasadhlp.dll
0x00007ffa9efc0000 - 0x00007ffa9f040000 	C:\WINDOWS\System32\fwpuclnt.dll

dbghelp: loaded successfully - version: 4.0.5 - missing functions: none
symbol engine: initialized successfully - sym options: 0x614 - pdb path: .;C:\Program Files\Microsoft\jdk-17.0.8.7-hotspot\bin;C:\WINDOWS\SYSTEM32;C:\WINDOWS\WinSxS\amd64_microsoft.windows.common-controls_6595b64144ccf1df_6.0.19041.4355_none_60b8b9eb71f62e16;C:\Program Files\Microsoft\jdk-17.0.8.7-hotspot\bin\server;C:\Users\user\.gradle\native\c067742578af261105cb4f569cf0c3c89f3d7b1fecec35dd04571415982c5e48\windows-amd64;C:\Users\user\.gradle\native\100fb08df4bc3b14c8652ba06237920a3bd2aa13389f12d3474272988ae205f9\windows-amd64

VM Arguments:
jvm_args: -XX:MaxMetaspaceSize=512m --add-opens=java.base/java.util=ALL-UNNAMED --add-opens=java.base/java.lang=ALL-UNNAMED --add-opens=java.base/java.lang.invoke=ALL-UNNAMED --add-opens=java.prefs/java.util.prefs=ALL-UNNAMED --add-opens=java.base/java.nio.charset=ALL-UNNAMED --add-opens=java.base/java.net=ALL-UNNAMED --add-opens=java.base/java.util.concurrent.atomic=ALL-UNNAMED -Xmx2048m -Dfile.encoding=windows-1252 -Duser.country=US -Duser.language=en -Duser.variant -javaagent:C:\Users\user\.gradle\wrapper\dists\gradle-8.8-all\6gdy1pgp427xkqcjbxw3ylt6h\gradle-8.8\lib\agents\gradle-instrumentation-agent-8.8.jar 
java_command: org.gradle.launcher.daemon.bootstrap.GradleDaemon 8.8
java_class_path (initial): C:\Users\user\.gradle\wrapper\dists\gradle-8.8-all\6gdy1pgp427xkqcjbxw3ylt6h\gradle-8.8\lib\gradle-launcher-8.8.jar
Launcher Type: SUN_STANDARD

[Global flags]
     intx CICompilerCount                          = 3                                         {product} {ergonomic}
   size_t CompressedClassSpaceSize                 = 436207616                                 {product} {ergonomic}
     uint ConcGCThreads                            = 1                                         {product} {ergonomic}
     uint G1ConcRefinementThreads                  = 4                                         {product} {ergonomic}
   size_t G1HeapRegionSize                         = 1048576                                   {product} {ergonomic}
    uintx GCDrainStackTargetSize                   = 64                                        {product} {ergonomic}
   size_t InitialHeapSize                          = 134217728                                 {product} {ergonomic}
   size_t MarkStackSize                            = 4194304                                   {product} {ergonomic}
   size_t MaxHeapSize                              = 2147483648                                {product} {command line}
   size_t MaxMetaspaceSize                         = 536870912                                 {product} {command line}
   size_t MaxNewSize                               = 1287651328                                {product} {ergonomic}
   size_t MinHeapDeltaBytes                        = 1048576                                   {product} {ergonomic}
   size_t MinHeapSize                              = 8388608                                   {product} {ergonomic}
    uintx NonNMethodCodeHeapSize                   = 5832780                                {pd product} {ergonomic}
    uintx NonProfiledCodeHeapSize                  = 122912730                              {pd product} {ergonomic}
    uintx ProfiledCodeHeapSize                     = 122912730                              {pd product} {ergonomic}
    uintx ReservedCodeCacheSize                    = 251658240                              {pd product} {ergonomic}
     bool SegmentedCodeCache                       = true                                      {product} {ergonomic}
   size_t SoftMaxHeapSize                          = 2147483648                             {manageable} {ergonomic}
     bool UseCompressedClassPointers               = true                           {product lp64_product} {ergonomic}
     bool UseCompressedOops                        = true                           {product lp64_product} {ergonomic}
     bool UseG1GC                                  = true                                      {product} {ergonomic}
     bool UseLargePagesIndividualAllocation        = false                                  {pd product} {ergonomic}

Logging:
Log output configuration:
 #0: stdout all=warning uptime,level,tags
 #1: stderr all=off uptime,level,tags

Environment Variables:
JAVA_HOME=C:\Program Files\Microsoft\jdk-17.0.8.7-hotspot\
CLASSPATH=D:\S.E\Bootcamp\techloset\EventLister\android\\gradle\wrapper\gradle-wrapper.jar
PATH=D:\S.E\Bootcamp\techloset\EventLister\node_modules\.bin;D:\S.E\Bootcamp\techloset\EventLister\node_modules\.bin;D:\S.E\Bootcamp\techloset\node_modules\.bin;D:\S.E\Bootcamp\node_modules\.bin;D:\S.E\node_modules\.bin;D:\node_modules\.bin;C:\Users\user\AppData\Roaming\npm\node_modules\npm\node_modules\@npmcli\run-script\lib\node-gyp-bin;D:\S.E\Bootcamp\techloset\EventLister\node_modules\.bin;D:\S.E\Bootcamp\techloset\node_modules\.bin;D:\S.E\Bootcamp\node_modules\.bin;D:\S.E\node_modules\.bin;D:\node_modules\.bin;C:\Users\user\AppData\Roaming\npm\node_modules\npm\node_modules\@npmcli\run-script\lib\node-gyp-bin;C:\Program Files\Microsoft\jdk-17.0.8.7-hotspot\bin;C:\WINDOWS\system32;C:\WINDOWS;C:\WINDOWS\System32\Wbem;C:\WINDOWS\System32\WindowsPowerShell\v1.0\;C:\WINDOWS\System32\OpenSSH\;C:\Program Files\Microsoft SQL Server\110\Tools\Binn\;C:\ProgramData\chocolatey\bin;C:\Program Files\nodejs\;C:\Users\user\AppData\Local\Android\Sdk\platform-tools;C:\Program Files\Git\cmd;C:\Users\user\AppData\Local\Programs\Python\Python312\Scripts\;C:\Users\user\AppData\Local\Programs\Python\Python312\;C:\Users\user\AppData\Local\Microsoft\WindowsApps;C:\Users\user\AppData\Local\Programs\Microsoft VS Code\bin;C:\MinGW\bin;C:\Users\user\AppData\Local\Android\Sdk\platform-tools;C:\Users\user\AppData\Roaming\npm
USERNAME=user
LANG=en_US.UTF-8
OS=Windows_NT
PROCESSOR_IDENTIFIER=Intel64 Family 6 Model 61 Stepping 4, GenuineIntel
TMP=C:\Users\user\AppData\Local\Temp
TEMP=C:\Users\user\AppData\Local\Temp



---------------  S Y S T E M  ---------------

OS:
 Windows 10 , 64 bit Build 19041 (10.0.19041.4717)
OS uptime: 1 days 5:21 hours
Hyper-V role detected

CPU: total 4 (initial active 4) (2 cores per cpu, 2 threads per core) family 6 model 61 stepping 4 microcode 0x2d, cx8, cmov, fxsr, ht, mmx, 3dnowpref, sse, sse2, sse3, ssse3, sse4.1, sse4.2, popcnt, lzcnt, tsc, tscinvbit, avx, avx2, aes, erms, clmul, bmi1, bmi2, rtm, adx, fma, vzeroupper, clflush, hv
Processor Information for all 4 processors :
  Max Mhz: 2295, Current Mhz: 2295, Mhz Limit: 2295

Memory: 4k page, system-wide physical 8064M (809M free)
TotalPageFile size 17073M (AvailPageFile size 3234M)
current process WorkingSet (physical memory assigned to process): 477M, peak: 480M
current process commit charge ("private bytes"): 552M, peak: 555M

vm_info: OpenJDK 64-Bit Server VM (17.0.8+7-LTS) for windows-amd64 JRE (17.0.8+7-LTS), built on Jul  7 2023 17:21:55 by "MicrosoftCorporation" with MS VC++ 16.10 / 16.11 (VS2019)

END.
