#
# A fatal error has been detected by the Java Runtime Environment:
#
#  EXCEPTION_ACCESS_VIOLATION (0xc0000005) at pc=0x00007ffa2a24e0a9, pid=516, tid=6200
#
# JRE version: OpenJDK Runtime Environment Microsoft-8035246 (17.0.8+7) (build 17.0.8+7-LTS)
# Java VM: OpenJDK 64-Bit Server VM Microsoft-8035246 (17.0.8+7-LTS, mixed mode, sharing, tiered, compressed oops, compressed class ptrs, g1 gc, windows-amd64)
# Problematic frame:
# V  [jvm.dll+0x2be0a9]
#
# No core dump will be written. Minidumps are not enabled by default on client versions of Windows
#
# If you would like to submit a bug report, please visit:
#   https://github.com/microsoft/openjdk/issues
#

---------------  S U M M A R Y ------------

Command Line: -XX:MaxMetaspaceSize=512m --add-opens=java.base/java.util=ALL-UNNAMED --add-opens=java.base/java.lang=ALL-UNNAMED --add-opens=java.base/java.lang.invoke=ALL-UNNAMED --add-opens=java.prefs/java.util.prefs=ALL-UNNAMED --add-opens=java.base/java.nio.charset=ALL-UNNAMED --add-opens=java.base/java.net=ALL-UNNAMED --add-opens=java.base/java.util.concurrent.atomic=ALL-UNNAMED -Xmx2048m -Dfile.encoding=windows-1252 -Duser.country=US -Duser.language=en -Duser.variant -javaagent:C:\Users\user\.gradle\wrapper\dists\gradle-8.8-all\6gdy1pgp427xkqcjbxw3ylt6h\gradle-8.8\lib\agents\gradle-instrumentation-agent-8.8.jar org.gradle.launcher.daemon.bootstrap.GradleDaemon 8.8

Host: Intel(R) Core(TM) i5-5300U CPU @ 2.30GHz, 4 cores, 7G,  Windows 10 , 64 bit Build 19041 (10.0.19041.4717)
Time: Thu Aug 29 11:56:08 2024 Pakistan Standard Time elapsed time: 44.819823 seconds (0d 0h 0m 44s)

---------------  T H R E A D  ---------------

Current thread (0x0000027d58527770):  JavaThread "C2 CompilerThread0" daemon [_thread_in_native, id=6200, stack(0x0000008b30d00000,0x0000008b30e00000)]


Current CompileTask:
C2:  44819 11154       4       org.gradle.cache.internal.ExclusiveCacheAccessingWorker$1::call (10 bytes)

Stack: [0x0000008b30d00000,0x0000008b30e00000],  sp=0x0000008b30dfb390,  free space=1004k
Native frames: (J=compiled Java code, j=interpreted, Vv=VM code, C=native code)
V  [jvm.dll+0x2be0a9]
V  [jvm.dll+0x21ba8b]
V  [jvm.dll+0x21944b]
V  [jvm.dll+0x1a56b6]
V  [jvm.dll+0x2291ea]
V  [jvm.dll+0x22724c]
V  [jvm.dll+0x7efd0c]
V  [jvm.dll+0x7ea13a]
V  [jvm.dll+0x67ad85]
C  [ucrtbase.dll+0x21bb2]
C  [KERNEL32.DLL+0x17374]
C  [ntdll.dll+0x4cc91]


siginfo: EXCEPTION_ACCESS_VIOLATION (0xc0000005), reading address 0x0000000000000028


Register to memory mapping:

RIP=0x00007ffa2a24e0a9 jvm.dll
RAX=0x0000027d7a692ee0 points into unknown readable memory: 0x0000000000000000 | 00 00 00 00 00 00 00 00
RBX=0x0000000000001952 is an unknown value
RCX=0x0 is NULL
RDX=0x0 is NULL
RSP=0x0000008b30dfb390 is pointing into the stack for thread: 0x0000027d58527770
RBP=0x0000008b30dfb400 is pointing into the stack for thread: 0x0000027d58527770
RSI=0x0 is NULL
RDI=0x0000000000000051 is an unknown value
R8 =0x000000000000ffe0 is an unknown value
R9 =0x0 is NULL
R10=0x00007ffa7edc0000 VCRUNTIME140.dll
R11=0x0000027d7a692f00 points into unknown readable memory: 0x0000000000000000 | 00 00 00 00 00 00 00 00
R12=0x0000000000000050 is an unknown value
R13=0x0 is NULL
R14=0x0 is NULL
R15=0x0000008b30dfe5b0 is pointing into the stack for thread: 0x0000027d58527770


Registers:
RAX=0x0000027d7a692ee0, RBX=0x0000000000001952, RCX=0x0000000000000000, RDX=0x0000000000000000
RSP=0x0000008b30dfb390, RBP=0x0000008b30dfb400, RSI=0x0000000000000000, RDI=0x0000000000000051
R8 =0x000000000000ffe0, R9 =0x0000000000000000, R10=0x00007ffa7edc0000, R11=0x0000027d7a692f00
R12=0x0000000000000050, R13=0x0000000000000000, R14=0x0000000000000000, R15=0x0000008b30dfe5b0
RIP=0x00007ffa2a24e0a9, EFLAGS=0x0000000000010202

Top of Stack: (sp=0x0000008b30dfb390)
0x0000008b30dfb390:   0000000000001952 0000000000000000
0x0000008b30dfb3a0:   0000008b30dfe5b0 00007ffa2a1b38d1
0x0000008b30dfb3b0:   0000027d5851dd30 00007ffa00002000
0x0000008b30dfb3c0:   0000027d7a692ee0 0000027d00000000
0x0000008b30dfb3d0:   0000027d00000002 0000027d7acde2b0
0x0000008b30dfb3e0:   0000000000000002 0000027d5851dd30
0x0000008b30dfb3f0:   0000000000000000 0000000000000000
0x0000008b30dfb400:   0000027d584f5e40 0000027d38a0d730
0x0000008b30dfb410:   0000000000000051 00007ffa2a8d4c08
0x0000008b30dfb420:   0000008b30dfb530 00007ffa2a1aba8b
0x0000008b30dfb430:   0000008b30dfe5b0 00007ffa2a8d4c08
0x0000008b30dfb440:   0000008b30dfe5b0 0000008b30dfb530
0x0000008b30dfb450:   0000008b00000000 0000008b30dff110
0x0000008b30dfb460:   0000008b0000000f 0000008b30dfe5b0
0x0000008b30dfb470:   0000008b30dfb5e0 00007ffa00000000
0x0000008b30dfb480:   0000027d00000100 00007ffa2a8d4c08 

Instructions: (pc=0x00007ffa2a24e0a9)
0x00007ffa2a24dfa9:   3b d0 75 0b ff c1 41 3b c9 7c dc 48 8b c2 c3 33
0x00007ffa2a24dfb9:   c0 c3 cc cc cc cc cc 48 89 5c 24 18 55 56 57 41
0x00007ffa2a24dfc9:   55 41 57 48 8b ec 48 83 ec 70 65 48 8b 04 25 58
0x00007ffa2a24dfd9:   00 00 00 48 8b f2 44 8b 05 d2 8b 90 00 4c 8b f9
0x00007ffa2a24dfe9:   4a 8b 1c c0 b8 50 00 00 00 80 3c 18 00 75 05 e8
0x00007ffa2a24dff9:   8b 6f 5d 00 b8 20 00 00 00 48 8b 04 18 48 8b 98
0x00007ffa2a24e009:   38 02 00 00 48 89 5d b0 c7 45 b8 04 00 00 00 48
0x00007ffa2a24e019:   8b 43 18 48 83 f8 df 76 18 4c 8d 05 37 a9 65 00
0x00007ffa2a24e029:   ba 20 00 00 00 48 8b cb e8 5a eb de ff 48 8b 43
0x00007ffa2a24e039:   18 48 8d 48 20 48 3b 4b 20 76 11 45 33 c0 48 8b
0x00007ffa2a24e049:   cb 41 8d 50 20 e8 fd e8 de ff eb 04 48 89 4b 18
0x00007ffa2a24e059:   44 8b 45 b8 33 d2 49 c1 e0 03 48 8b c8 48 89 45
0x00007ffa2a24e069:   c0 e8 e3 80 5d 00 45 33 ed 48 8d 4d d0 44 89 6d
0x00007ffa2a24e079:   c8 e8 01 59 56 00 41 8b 9f 40 02 00 00 41 2b 9f
0x00007ffa2a24e089:   68 02 00 00 44 89 6d f0 3b 5d b8 72 0b 8b d3 48
0x00007ffa2a24e099:   8d 4d b0 e8 6f b3 39 00 48 8b 45 c0 4c 89 2c d8
0x00007ffa2a24e0a9:   8b 7e 28 8b df c1 eb 05 3b 5d d0 72 0b 8b d3 48
0x00007ffa2a24e0b9:   8d 4d d0 e8 1f 59 56 00 48 8b 45 d8 83 e7 1f 48
0x00007ffa2a24e0c9:   8d 14 98 40 0f b6 cf 41 b8 01 00 00 00 41 d3 e0
0x00007ffa2a24e0d9:   8b 0a 8b c1 41 0b c0 89 02 41 85 c8 75 21 8b 5d
0x00007ffa2a24e0e9:   c8 8d 43 01 89 45 c8 3b 5d b8 72 0b 8b d3 48 8d
0x00007ffa2a24e0f9:   4d b0 e8 10 b3 39 00 48 8b 45 c0 48 89 34 d8 44
0x00007ffa2a24e109:   39 6d c8 0f 86 77 01 00 00 4c 89 a4 24 a0 00 00
0x00007ffa2a24e119:   00 4c 89 b4 24 a8 00 00 00 48 8b 45 c0 41 8b cd
0x00007ffa2a24e129:   48 8b 34 c8 8b 46 2c 25 ff 1f 00 00 3d 04 10 00
0x00007ffa2a24e139:   00 0f 85 a7 00 00 00 bb 01 00 00 00 39 5e 18 76
0x00007ffa2a24e149:   39 66 0f 1f 44 00 00 48 8b 46 08 8b cb 48 8b 14
0x00007ffa2a24e159:   c8 48 85 d2 74 1d 48 83 7a 10 00 74 16 80 7a 2c
0x00007ffa2a24e169:   84 74 10 e8 7f 7e ee ff 48 8b d0 49 8b cf e8 a4
0x00007ffa2a24e179:   61 f6 ff ff c3 3b 5e 18 72 cd 48 8b 5e 10 8b 46
0x00007ffa2a24e189:   20 4c 8d 34 c3 49 3b de 73 54 48 8b 3b 8b 47 2c
0x00007ffa2a24e199:   83 e0 03 3c 03 75 2e 48 8b 07 48 8b cf ff 90 88 


Stack slot to memory mapping:
stack at sp + 0 slots: 0x0000000000001952 is an unknown value
stack at sp + 1 slots: 0x0 is NULL
stack at sp + 2 slots: 0x0000008b30dfe5b0 is pointing into the stack for thread: 0x0000027d58527770
stack at sp + 3 slots: 0x00007ffa2a1b38d1 jvm.dll
stack at sp + 4 slots: 0x0000027d5851dd30 points into unknown readable memory: 0x0000000000000006 | 06 00 00 00 00 00 00 00
stack at sp + 5 slots: 0x00007ffa00002000 is an unknown value
stack at sp + 6 slots: 0x0000027d7a692ee0 points into unknown readable memory: 0x0000000000000000 | 00 00 00 00 00 00 00 00
stack at sp + 7 slots: 0x0000027d00000000 is pointing into metadata


---------------  P R O C E S S  ---------------

Threads class SMR info:
_java_thread_list=0x0000027d7ab19640, length=89, elements={
0x0000027d389e6b50, 0x0000027d58508b10, 0x0000027d58509e40, 0x0000027d5851ef70,
0x0000027d585209b0, 0x0000027d58521a20, 0x0000027d58524ad0, 0x0000027d58527770,
0x0000027d58528820, 0x0000027d5853e0b0, 0x0000027d584f25f0, 0x0000027d58899650,
0x0000027d78c7e7d0, 0x0000027d5870ba10, 0x0000027d781ba630, 0x0000027d796e2880,
0x0000027d792142a0, 0x0000027d79129300, 0x0000027d79126a80, 0x0000027d79127ec0,
0x0000027d791283d0, 0x0000027d791288e0, 0x0000027d79126060, 0x0000027d79126570,
0x0000027d79128df0, 0x0000027d791274a0, 0x0000027d7a94fca0, 0x0000027d7a94bfe0,
0x0000027d7a94c4f0, 0x0000027d7a94a690, 0x0000027d7a949250, 0x0000027d7a94ed70,
0x0000027d7a948d40, 0x0000027d7a94f790, 0x0000027d7a948830, 0x0000027d7a94d930,
0x0000027d7a949c70, 0x0000027d7a94aba0, 0x0000027d7a9501b0, 0x0000027d7a94de40,
0x0000027d7a94e860, 0x0000027d7a94a180, 0x0000027d7a94b0b0, 0x0000027d7a94b5c0,
0x0000027d7a94bad0, 0x0000027d7a994df0, 0x0000027d7a995d20, 0x0000027d7a996230,
0x0000027d7a998fc0, 0x0000027d7a996740, 0x0000027d7a997b80, 0x0000027d7a993ec0,
0x0000027d7a992f90, 0x0000027d7a992060, 0x0000027d7a995300, 0x0000027d7a9939b0,
0x0000027d7a995810, 0x0000027d7a992a80, 0x0000027d7a9999e0, 0x0000027d7a997160,
0x0000027d7a9948e0, 0x0000027d7a9934a0, 0x0000027d7a996c50, 0x0000027d7a9985a0,
0x0000027d789cf1f0, 0x0000027d789c8290, 0x0000027d789cd8a0, 0x0000027d789ca600,
0x0000027d789c9be0, 0x0000027d789cb020, 0x0000027d789cece0, 0x0000027d789ce2c0,
0x0000027d789cf700, 0x0000027d789c8cb0, 0x0000027d789cfc10, 0x0000027d789c96d0,
0x0000027d789cce80, 0x0000027d789c87a0, 0x0000027d789cddb0, 0x0000027d789cbf50,
0x0000027d789ce7d0, 0x0000027d789c91c0, 0x0000027d789cd390, 0x0000027d587e8c40,
0x0000027d789cab10, 0x0000027d789cb530, 0x0000027d789cc460, 0x0000027d7a997670,
0x0000027d7a4ac730
}

Java Threads: ( => current thread )
  0x0000027d389e6b50 JavaThread "main" [_thread_blocked, id=14948, stack(0x0000008b30000000,0x0000008b30100000)]
  0x0000027d58508b10 JavaThread "Reference Handler" daemon [_thread_blocked, id=12636, stack(0x0000008b30700000,0x0000008b30800000)]
  0x0000027d58509e40 JavaThread "Finalizer" daemon [_thread_blocked, id=9000, stack(0x0000008b30800000,0x0000008b30900000)]
  0x0000027d5851ef70 JavaThread "Signal Dispatcher" daemon [_thread_blocked, id=9824, stack(0x0000008b30900000,0x0000008b30a00000)]
  0x0000027d585209b0 JavaThread "Attach Listener" daemon [_thread_blocked, id=14344, stack(0x0000008b30a00000,0x0000008b30b00000)]
  0x0000027d58521a20 JavaThread "Service Thread" daemon [_thread_blocked, id=11732, stack(0x0000008b30b00000,0x0000008b30c00000)]
  0x0000027d58524ad0 JavaThread "Monitor Deflation Thread" daemon [_thread_blocked, id=13208, stack(0x0000008b30c00000,0x0000008b30d00000)]
=>0x0000027d58527770 JavaThread "C2 CompilerThread0" daemon [_thread_in_native, id=6200, stack(0x0000008b30d00000,0x0000008b30e00000)]
  0x0000027d58528820 JavaThread "C1 CompilerThread0" daemon [_thread_blocked, id=2192, stack(0x0000008b30e00000,0x0000008b30f00000)]
  0x0000027d5853e0b0 JavaThread "Sweeper thread" daemon [_thread_blocked, id=9848, stack(0x0000008b30f00000,0x0000008b31000000)]
  0x0000027d584f25f0 JavaThread "Common-Cleaner" daemon [_thread_blocked, id=4852, stack(0x0000008b31000000,0x0000008b31100000)]
  0x0000027d58899650 JavaThread "Notification Thread" daemon [_thread_blocked, id=12632, stack(0x0000008b31100000,0x0000008b31200000)]
  0x0000027d78c7e7d0 JavaThread "Daemon health stats" [_thread_blocked, id=15124, stack(0x0000008b31700000,0x0000008b31800000)]
  0x0000027d5870ba10 JavaThread "Incoming local TCP Connector on port 57067" [_thread_in_native, id=7556, stack(0x0000008b31300000,0x0000008b31400000)]
  0x0000027d781ba630 JavaThread "Daemon periodic checks" [_thread_blocked, id=6296, stack(0x0000008b31800000,0x0000008b31900000)]
  0x0000027d796e2880 JavaThread "Daemon" [_thread_blocked, id=6460, stack(0x0000008b31900000,0x0000008b31a00000)]
  0x0000027d792142a0 JavaThread "Handler for socket connection from /127.0.0.1:57067 to /127.0.0.1:57068" [_thread_in_native, id=2664, stack(0x0000008b31a00000,0x0000008b31b00000)]
  0x0000027d79129300 JavaThread "Cancel handler" [_thread_blocked, id=13188, stack(0x0000008b31b00000,0x0000008b31c00000)]
  0x0000027d79126a80 JavaThread "Daemon worker" [_thread_in_Java, id=11528, stack(0x0000008b31c00000,0x0000008b31d00000)]
  0x0000027d79127ec0 JavaThread "Asynchronous log dispatcher for DefaultDaemonConnection: socket connection from /127.0.0.1:57067 to /127.0.0.1:57068" [_thread_blocked, id=11896, stack(0x0000008b31d00000,0x0000008b31e00000)]
  0x0000027d791283d0 JavaThread "Stdin handler" [_thread_blocked, id=13744, stack(0x0000008b31e00000,0x0000008b31f00000)]
  0x0000027d791288e0 JavaThread "Daemon client event forwarder" [_thread_blocked, id=716, stack(0x0000008b31f00000,0x0000008b32000000)]
  0x0000027d79126060 JavaThread "Cache worker for journal cache (C:\Users\user\.gradle\caches\journal-1)" [_thread_blocked, id=1432, stack(0x0000008b32000000,0x0000008b32100000)]
  0x0000027d79126570 JavaThread "File lock request listener" [_thread_in_native, id=14600, stack(0x0000008b32100000,0x0000008b32200000)]
  0x0000027d79128df0 JavaThread "Cache worker for file hash cache (C:\Users\user\.gradle\caches\8.8\fileHashes)" [_thread_blocked, id=12164, stack(0x0000008b32200000,0x0000008b32300000)]
  0x0000027d791274a0 JavaThread "Cache worker for file hash cache (D:\S.E\Bootcamp\techloset\EventLister\android\.gradle\8.8\fileHashes)" [_thread_blocked, id=2932, stack(0x0000008b32400000,0x0000008b32500000)]
  0x0000027d7a94fca0 JavaThread "File watcher server" daemon [_thread_in_native, id=13328, stack(0x0000008b32500000,0x0000008b32600000)]
  0x0000027d7a94bfe0 JavaThread "File watcher consumer" daemon [_thread_blocked, id=9604, stack(0x0000008b32600000,0x0000008b32700000)]
  0x0000027d7a94c4f0 JavaThread "Cache worker for checksums cache (D:\S.E\Bootcamp\techloset\EventLister\android\.gradle\8.8\checksums)" [_thread_blocked, id=5144, stack(0x0000008b32300000,0x0000008b32400000)]
  0x0000027d7a94a690 JavaThread "Cache worker for file content cache (C:\Users\user\.gradle\caches\8.8\fileContent)" [_thread_blocked, id=13736, stack(0x0000008b32700000,0x0000008b32800000)]
  0x0000027d7a949250 JavaThread "Cache worker for cache directory md-rule (C:\Users\user\.gradle\caches\8.8\md-rule)" [_thread_blocked, id=15276, stack(0x0000008b32900000,0x0000008b32a00000)]
  0x0000027d7a94ed70 JavaThread "Cache worker for cache directory md-supplier (C:\Users\user\.gradle\caches\8.8\md-supplier)" [_thread_blocked, id=15316, stack(0x0000008b32a00000,0x0000008b32b00000)]
  0x0000027d7a948d40 JavaThread "jar transforms" [_thread_blocked, id=11204, stack(0x0000008b32b00000,0x0000008b32c00000)]
  0x0000027d7a94f790 JavaThread "Unconstrained build operations" [_thread_blocked, id=1160, stack(0x0000008b32800000,0x0000008b32900000)]
  0x0000027d7a948830 JavaThread "Unconstrained build operations Thread 2" [_thread_blocked, id=228, stack(0x0000008b32e00000,0x0000008b32f00000)]
  0x0000027d7a94d930 JavaThread "Unconstrained build operations Thread 3" [_thread_blocked, id=8024, stack(0x0000008b32f00000,0x0000008b33000000)]
  0x0000027d7a949c70 JavaThread "Unconstrained build operations Thread 4" [_thread_blocked, id=8124, stack(0x0000008b33000000,0x0000008b33100000)]
  0x0000027d7a94aba0 JavaThread "Unconstrained build operations Thread 5" [_thread_blocked, id=7632, stack(0x0000008b33100000,0x0000008b33200000)]
  0x0000027d7a9501b0 JavaThread "Unconstrained build operations Thread 6" [_thread_blocked, id=4056, stack(0x0000008b33200000,0x0000008b33300000)]
  0x0000027d7a94de40 JavaThread "Cache worker for Build Output Cleanup Cache (D:\S.E\Bootcamp\techloset\EventLister\node_modules\@react-native\gradle-plugin\.gradle\buildOutputCleanup)" [_thread_blocked, id=13240, stack(0x0000008b33400000,0x0000008b33500000)]
  0x0000027d7a94e860 JavaThread "Unconstrained build operations Thread 7" [_thread_blocked, id=5496, stack(0x0000008b33500000,0x0000008b33600000)]
  0x0000027d7a94a180 JavaThread "Unconstrained build operations Thread 8" [_thread_blocked, id=7428, stack(0x0000008b33600000,0x0000008b33700000)]
  0x0000027d7a94b0b0 JavaThread "Unconstrained build operations Thread 9" [_thread_blocked, id=10192, stack(0x0000008b33700000,0x0000008b33800000)]
  0x0000027d7a94b5c0 JavaThread "Unconstrained build operations Thread 10" [_thread_blocked, id=232, stack(0x0000008b33800000,0x0000008b33900000)]
  0x0000027d7a94bad0 JavaThread "Unconstrained build operations Thread 11" [_thread_blocked, id=12324, stack(0x0000008b33900000,0x0000008b33a00000)]
  0x0000027d7a994df0 JavaThread "Unconstrained build operations Thread 12" [_thread_blocked, id=13952, stack(0x0000008b33a00000,0x0000008b33b00000)]
  0x0000027d7a995d20 JavaThread "Unconstrained build operations Thread 13" [_thread_blocked, id=6936, stack(0x0000008b33b00000,0x0000008b33c00000)]
  0x0000027d7a996230 JavaThread "Unconstrained build operations Thread 14" [_thread_blocked, id=10296, stack(0x0000008b33c00000,0x0000008b33d00000)]
  0x0000027d7a998fc0 JavaThread "Unconstrained build operations Thread 15" [_thread_blocked, id=8036, stack(0x0000008b33d00000,0x0000008b33e00000)]
  0x0000027d7a996740 JavaThread "Memory manager" [_thread_blocked, id=15112, stack(0x0000008b33e00000,0x0000008b33f00000)]
  0x0000027d7a997b80 JavaThread "build event listener" [_thread_blocked, id=14364, stack(0x0000008b33300000,0x0000008b33400000)]
  0x0000027d7a993ec0 JavaThread "ForkJoinPool.commonPool-worker-1" daemon [_thread_blocked, id=11552, stack(0x0000008b34000000,0x0000008b34100000)]
  0x0000027d7a992f90 JavaThread "ForkJoinPool.commonPool-worker-2" daemon [_thread_blocked, id=11208, stack(0x0000008b34100000,0x0000008b34200000)]
  0x0000027d7a992060 JavaThread "ForkJoinPool.commonPool-worker-3" daemon [_thread_blocked, id=13716, stack(0x0000008b34200000,0x0000008b34300000)]
  0x0000027d7a995300 JavaThread "included builds" [_thread_blocked, id=15100, stack(0x0000008b34300000,0x0000008b34400000)]
  0x0000027d7a9939b0 JavaThread "Execution worker" [_thread_blocked, id=9876, stack(0x0000008b34400000,0x0000008b34500000)]
  0x0000027d7a995810 JavaThread "Execution worker Thread 2" [_thread_blocked, id=12492, stack(0x0000008b34500000,0x0000008b34600000)]
  0x0000027d7a992a80 JavaThread "Execution worker Thread 3" [_thread_blocked, id=7084, stack(0x0000008b34600000,0x0000008b34700000)]
  0x0000027d7a9999e0 JavaThread "Cache worker for execution history cache (D:\S.E\Bootcamp\techloset\EventLister\node_modules\@react-native\gradle-plugin\.gradle\8.8\executionHistory)" [_thread_blocked, id=8296, stack(0x0000008b34700000,0x0000008b34800000)]
  0x0000027d7a997160 JavaThread "Unconstrained build operations Thread 16" [_thread_blocked, id=12876, stack(0x0000008b34800000,0x0000008b34900000)]
  0x0000027d7a9948e0 JavaThread "Unconstrained build operations Thread 17" [_thread_blocked, id=9600, stack(0x0000008b34900000,0x0000008b34a00000)]
  0x0000027d7a9934a0 JavaThread "Unconstrained build operations Thread 18" [_thread_blocked, id=6728, stack(0x0000008b34a00000,0x0000008b34b00000)]
  0x0000027d7a996c50 JavaThread "Unconstrained build operations Thread 19" [_thread_blocked, id=2940, stack(0x0000008b34b00000,0x0000008b34c00000)]
  0x0000027d7a9985a0 JavaThread "Unconstrained build operations Thread 20" [_thread_blocked, id=14500, stack(0x0000008b34c00000,0x0000008b34d00000)]
  0x0000027d789cf1f0 JavaThread "Unconstrained build operations Thread 21" [_thread_blocked, id=1772, stack(0x0000008b34d00000,0x0000008b34e00000)]
  0x0000027d789c8290 JavaThread "Unconstrained build operations Thread 22" [_thread_blocked, id=1532, stack(0x0000008b34e00000,0x0000008b34f00000)]
  0x0000027d789cd8a0 JavaThread "Unconstrained build operations Thread 23" [_thread_blocked, id=9024, stack(0x0000008b34f00000,0x0000008b35000000)]
  0x0000027d789ca600 JavaThread "Unconstrained build operations Thread 24" [_thread_blocked, id=9624, stack(0x0000008b35000000,0x0000008b35100000)]
  0x0000027d789c9be0 JavaThread "Unconstrained build operations Thread 25" [_thread_blocked, id=9528, stack(0x0000008b35100000,0x0000008b35200000)]
  0x0000027d789cb020 JavaThread "Unconstrained build operations Thread 26" [_thread_blocked, id=10812, stack(0x0000008b35200000,0x0000008b35300000)]
  0x0000027d789cece0 JavaThread "Unconstrained build operations Thread 27" [_thread_blocked, id=9584, stack(0x0000008b35300000,0x0000008b35400000)]
  0x0000027d789ce2c0 JavaThread "Unconstrained build operations Thread 28" [_thread_blocked, id=13612, stack(0x0000008b35400000,0x0000008b35500000)]
  0x0000027d789cf700 JavaThread "Unconstrained build operations Thread 29" [_thread_blocked, id=10780, stack(0x0000008b35500000,0x0000008b35600000)]
  0x0000027d789c8cb0 JavaThread "Unconstrained build operations Thread 30" [_thread_blocked, id=6448, stack(0x0000008b35600000,0x0000008b35700000)]
  0x0000027d789cfc10 JavaThread "Unconstrained build operations Thread 31" [_thread_blocked, id=448, stack(0x0000008b35700000,0x0000008b35800000)]
  0x0000027d789c96d0 JavaThread "Unconstrained build operations Thread 32" [_thread_blocked, id=8928, stack(0x0000008b35800000,0x0000008b35900000)]
  0x0000027d789cce80 JavaThread "Unconstrained build operations Thread 33" [_thread_blocked, id=13284, stack(0x0000008b35900000,0x0000008b35a00000)]
  0x0000027d789c87a0 JavaThread "Unconstrained build operations Thread 34" [_thread_blocked, id=15240, stack(0x0000008b35a00000,0x0000008b35b00000)]
  0x0000027d789cddb0 JavaThread "Unconstrained build operations Thread 35" [_thread_blocked, id=3524, stack(0x0000008b35b00000,0x0000008b35c00000)]
  0x0000027d789cbf50 JavaThread "Unconstrained build operations Thread 36" [_thread_blocked, id=10636, stack(0x0000008b35c00000,0x0000008b35d00000)]
  0x0000027d789ce7d0 JavaThread "jar transforms Thread 2" [_thread_blocked, id=14104, stack(0x0000008b35d00000,0x0000008b35e00000)]
  0x0000027d789c91c0 JavaThread "Cache worker for Build Output Cleanup Cache (D:\S.E\Bootcamp\techloset\EventLister\android\.gradle\buildOutputCleanup)" [_thread_blocked, id=6896, stack(0x0000008b35f00000,0x0000008b36000000)]
  0x0000027d789cd390 JavaThread "jar transforms Thread 3" [_thread_blocked, id=10736, stack(0x0000008b36000000,0x0000008b36100000)]
  0x0000027d587e8c40 JavaThread "C2 CompilerThread1" daemon [_thread_in_native, id=6440, stack(0x0000008b36100000,0x0000008b36200000)]
  0x0000027d789cab10 JavaThread "Unconstrained build operations Thread 37" [_thread_blocked, id=12668, stack(0x0000008b36200000,0x0000008b36300000)]
  0x0000027d789cb530 JavaThread "Unconstrained build operations Thread 38" [_thread_blocked, id=12172, stack(0x0000008b36300000,0x0000008b36400000)]
  0x0000027d789cc460 JavaThread "Unconstrained build operations Thread 39" [_thread_blocked, id=5232, stack(0x0000008b36400000,0x0000008b36500000)]
  0x0000027d7a997670 JavaThread "Unconstrained build operations Thread 40" [_thread_blocked, id=6204, stack(0x0000008b36500000,0x0000008b36600000)]
  0x0000027d7a4ac730 JavaThread "jar transforms Thread 4" [_thread_blocked, id=904, stack(0x0000008b36600000,0x0000008b36700000)]

Other Threads:
  0x0000027d58503940 VMThread "VM Thread" [stack: 0x0000008b30600000,0x0000008b30700000] [id=12896]
  0x0000027d389f74f0 WatcherThread [stack: 0x0000008b31200000,0x0000008b31300000] [id=6968]
  0x0000027d38a528e0 GCTaskThread "GC Thread#0" [stack: 0x0000008b30100000,0x0000008b30200000] [id=12312]
  0x0000027d58a93cd0 GCTaskThread "GC Thread#1" [stack: 0x0000008b31400000,0x0000008b31500000] [id=11468]
  0x0000027d58a93f90 GCTaskThread "GC Thread#2" [stack: 0x0000008b31500000,0x0000008b31600000] [id=2996]
  0x0000027d78827d80 GCTaskThread "GC Thread#3" [stack: 0x0000008b31600000,0x0000008b31700000] [id=9200]
  0x0000027d38a63640 ConcurrentGCThread "G1 Main Marker" [stack: 0x0000008b30200000,0x0000008b30300000] [id=11908]
  0x0000027d38a63e60 ConcurrentGCThread "G1 Conc#0" [stack: 0x0000008b30300000,0x0000008b30400000] [id=9408]
  0x0000027d38aa84e0 ConcurrentGCThread "G1 Refine#0" [stack: 0x0000008b30400000,0x0000008b30500000] [id=7676]
  0x0000027d7abeb690 ConcurrentGCThread "G1 Refine#1" [stack: 0x0000008b32c00000,0x0000008b32d00000] [id=10288]
  0x0000027d38aa8d20 ConcurrentGCThread "G1 Service" [stack: 0x0000008b30500000,0x0000008b30600000] [id=14388]

Threads with active compile tasks:
C2 CompilerThread0    44914 11154       4       org.gradle.cache.internal.ExclusiveCacheAccessingWorker$1::call (10 bytes)
C2 CompilerThread1    44914 11153   !   4       java.util.concurrent.FutureTask::run (123 bytes)

VM state: not at safepoint (normal execution)

VM Mutex/Monitor currently owned by a thread: None

Heap address: 0x0000000080000000, size: 2048 MB, Compressed Oops mode: 32-bit

CDS archive(s) mapped at: [0x0000027d59000000-0x0000027d59bd0000-0x0000027d59bd0000), size 12386304, SharedBaseAddress: 0x0000027d59000000, ArchiveRelocationMode: 1.
Compressed class space mapped at: 0x0000027d5a000000-0x0000027d74000000, reserved size: 436207616
Narrow klass base: 0x0000027d59000000, Narrow klass shift: 0, Narrow klass range: 0x100000000

GC Precious Log:
 CPUs: 4 total, 4 available
 Memory: 8064M
 Large Page Support: Disabled
 NUMA Support: Disabled
 Compressed Oops: Enabled (32-bit)
 Heap Region Size: 1M
 Heap Min Capacity: 8M
 Heap Initial Capacity: 128M
 Heap Max Capacity: 2G
 Pre-touch: Disabled
 Parallel Workers: 4
 Concurrent Workers: 1
 Concurrent Refinement Workers: 4
 Periodic GC: Disabled

Heap:
 garbage-first heap   total 260096K, used 191941K [0x0000000080000000, 0x0000000100000000)
  region size 1024K, 115 young (117760K), 12 survivors (12288K)
 Metaspace       used 76294K, committed 77056K, reserved 557056K
  class space    used 10676K, committed 11008K, reserved 425984K

Heap Regions: E=young(eden), S=young(survivor), O=old, HS=humongous(starts), HC=humongous(continues), CS=collection set, F=free, OA=open archive, CA=closed archive, TAMS=top-at-mark-start (previous, next)
|   0|0x0000000080000000, 0x0000000080100000, 0x0000000080100000|100%|HS|  |TAMS 0x0000000080100000, 0x0000000080000000| Complete 
|   1|0x0000000080100000, 0x0000000080200000, 0x0000000080200000|100%|HC|  |TAMS 0x0000000080200000, 0x0000000080100000| Complete 
|   2|0x0000000080200000, 0x0000000080300000, 0x0000000080300000|100%|HC|  |TAMS 0x0000000080300000, 0x0000000080200000| Complete 
|   3|0x0000000080300000, 0x0000000080400000, 0x0000000080400000|100%|HC|  |TAMS 0x0000000080400000, 0x0000000080300000| Complete 
|   4|0x0000000080400000, 0x0000000080500000, 0x0000000080500000|100%| O|  |TAMS 0x0000000080500000, 0x0000000080400000| Untracked 
|   5|0x0000000080500000, 0x0000000080600000, 0x0000000080600000|100%| O|  |TAMS 0x0000000080600000, 0x0000000080500000| Untracked 
|   6|0x0000000080600000, 0x0000000080700000, 0x0000000080700000|100%| O|  |TAMS 0x0000000080700000, 0x0000000080600000| Untracked 
|   7|0x0000000080700000, 0x0000000080800000, 0x0000000080800000|100%| O|  |TAMS 0x0000000080800000, 0x0000000080700000| Untracked 
|   8|0x0000000080800000, 0x0000000080900000, 0x0000000080900000|100%| O|  |TAMS 0x0000000080900000, 0x0000000080800000| Untracked 
|   9|0x0000000080900000, 0x0000000080a00000, 0x0000000080a00000|100%| O|  |TAMS 0x0000000080a00000, 0x0000000080900000| Untracked 
|  10|0x0000000080a00000, 0x0000000080b00000, 0x0000000080b00000|100%| O|  |TAMS 0x0000000080b00000, 0x0000000080a00000| Untracked 
|  11|0x0000000080b00000, 0x0000000080c00000, 0x0000000080c00000|100%|HS|  |TAMS 0x0000000080c00000, 0x0000000080b00000| Complete 
|  12|0x0000000080c00000, 0x0000000080d00000, 0x0000000080d00000|100%| O|  |TAMS 0x0000000080d00000, 0x0000000080c00000| Untracked 
|  13|0x0000000080d00000, 0x0000000080e00000, 0x0000000080e00000|100%| O|  |TAMS 0x0000000080e00000, 0x0000000080d00000| Untracked 
|  14|0x0000000080e00000, 0x0000000080f00000, 0x0000000080f00000|100%| O|  |TAMS 0x0000000080f00000, 0x0000000080e00000| Untracked 
|  15|0x0000000080f00000, 0x0000000081000000, 0x0000000081000000|100%| O|  |TAMS 0x0000000081000000, 0x0000000080f00000| Untracked 
|  16|0x0000000081000000, 0x0000000081100000, 0x0000000081100000|100%| O|  |TAMS 0x0000000081100000, 0x0000000081000000| Untracked 
|  17|0x0000000081100000, 0x0000000081200000, 0x0000000081200000|100%| O|  |TAMS 0x0000000081200000, 0x0000000081100000| Untracked 
|  18|0x0000000081200000, 0x0000000081300000, 0x0000000081300000|100%| O|  |TAMS 0x0000000081300000, 0x0000000081200000| Untracked 
|  19|0x0000000081300000, 0x0000000081400000, 0x0000000081400000|100%| O|  |TAMS 0x0000000081400000, 0x0000000081300000| Untracked 
|  20|0x0000000081400000, 0x00000000814b1400, 0x0000000081500000| 69%| O|  |TAMS 0x00000000814b1400, 0x0000000081400000| Untracked 
|  21|0x0000000081500000, 0x0000000081600000, 0x0000000081600000|100%| O|  |TAMS 0x0000000081600000, 0x0000000081500000| Untracked 
|  22|0x0000000081600000, 0x0000000081700000, 0x0000000081700000|100%| O|  |TAMS 0x0000000081700000, 0x0000000081600000| Untracked 
|  23|0x0000000081700000, 0x0000000081800000, 0x0000000081800000|100%| O|  |TAMS 0x0000000081700000, 0x0000000081700000| Untracked 
|  24|0x0000000081800000, 0x0000000081900000, 0x0000000081900000|100%| O|  |TAMS 0x0000000081900000, 0x0000000081800000| Untracked 
|  25|0x0000000081900000, 0x0000000081a00000, 0x0000000081a00000|100%| O|  |TAMS 0x0000000081a00000, 0x0000000081900000| Untracked 
|  26|0x0000000081a00000, 0x0000000081b00000, 0x0000000081b00000|100%| O|  |TAMS 0x0000000081b00000, 0x0000000081a00000| Untracked 
|  27|0x0000000081b00000, 0x0000000081c00000, 0x0000000081c00000|100%| O|  |TAMS 0x0000000081c00000, 0x0000000081b00000| Untracked 
|  28|0x0000000081c00000, 0x0000000081d00000, 0x0000000081d00000|100%| O|  |TAMS 0x0000000081d00000, 0x0000000081c00000| Untracked 
|  29|0x0000000081d00000, 0x0000000081e00000, 0x0000000081e00000|100%| O|  |TAMS 0x0000000081e00000, 0x0000000081d00000| Untracked 
|  30|0x0000000081e00000, 0x0000000081f00000, 0x0000000081f00000|100%| O|  |TAMS 0x0000000081f00000, 0x0000000081e00000| Untracked 
|  31|0x0000000081f00000, 0x0000000082000000, 0x0000000082000000|100%| O|  |TAMS 0x0000000082000000, 0x0000000081f00000| Untracked 
|  32|0x0000000082000000, 0x0000000082100000, 0x0000000082100000|100%| O|  |TAMS 0x0000000082100000, 0x0000000082000000| Untracked 
|  33|0x0000000082100000, 0x0000000082200000, 0x0000000082200000|100%| O|  |TAMS 0x0000000082200000, 0x0000000082100000| Untracked 
|  34|0x0000000082200000, 0x0000000082300000, 0x0000000082300000|100%| O|  |TAMS 0x0000000082300000, 0x0000000082200000| Untracked 
|  35|0x0000000082300000, 0x0000000082400000, 0x0000000082400000|100%| O|  |TAMS 0x0000000082400000, 0x0000000082300000| Untracked 
|  36|0x0000000082400000, 0x0000000082500000, 0x0000000082500000|100%| O|  |TAMS 0x0000000082500000, 0x0000000082400000| Untracked 
|  37|0x0000000082500000, 0x0000000082600000, 0x0000000082600000|100%| O|  |TAMS 0x0000000082600000, 0x0000000082500000| Untracked 
|  38|0x0000000082600000, 0x0000000082700000, 0x0000000082700000|100%| O|  |TAMS 0x0000000082700000, 0x0000000082600000| Untracked 
|  39|0x0000000082700000, 0x0000000082800000, 0x0000000082800000|100%| O|  |TAMS 0x0000000082800000, 0x0000000082700000| Untracked 
|  40|0x0000000082800000, 0x0000000082900000, 0x0000000082900000|100%| O|  |TAMS 0x0000000082900000, 0x0000000082800000| Untracked 
|  41|0x0000000082900000, 0x0000000082a00000, 0x0000000082a00000|100%| O|  |TAMS 0x0000000082a00000, 0x0000000082900000| Untracked 
|  42|0x0000000082a00000, 0x0000000082b00000, 0x0000000082b00000|100%| O|  |TAMS 0x0000000082b00000, 0x0000000082a00000| Untracked 
|  43|0x0000000082b00000, 0x0000000082c00000, 0x0000000082c00000|100%| O|  |TAMS 0x0000000082c00000, 0x0000000082b00000| Untracked 
|  44|0x0000000082c00000, 0x0000000082d00000, 0x0000000082d00000|100%| O|  |TAMS 0x0000000082d00000, 0x0000000082c00000| Untracked 
|  45|0x0000000082d00000, 0x0000000082e00000, 0x0000000082e00000|100%| O|  |TAMS 0x0000000082e00000, 0x0000000082d00000| Untracked 
|  46|0x0000000082e00000, 0x0000000082f00000, 0x0000000082f00000|100%| O|  |TAMS 0x0000000082f00000, 0x0000000082e00000| Untracked 
|  47|0x0000000082f00000, 0x0000000083000000, 0x0000000083000000|100%| O|  |TAMS 0x0000000083000000, 0x0000000082f00000| Untracked 
|  48|0x0000000083000000, 0x0000000083100000, 0x0000000083100000|100%|HS|  |TAMS 0x0000000083100000, 0x0000000083000000| Complete 
|  49|0x0000000083100000, 0x0000000083200000, 0x0000000083200000|100%|HC|  |TAMS 0x0000000083200000, 0x0000000083100000| Complete 
|  50|0x0000000083200000, 0x0000000083300000, 0x0000000083300000|100%|HS|  |TAMS 0x0000000083300000, 0x0000000083200000| Complete 
|  51|0x0000000083300000, 0x0000000083400000, 0x0000000083400000|100%|HC|  |TAMS 0x0000000083400000, 0x0000000083300000| Complete 
|  52|0x0000000083400000, 0x0000000083500000, 0x0000000083500000|100%|HS|  |TAMS 0x0000000083500000, 0x0000000083400000| Complete 
|  53|0x0000000083500000, 0x0000000083600000, 0x0000000083600000|100%|HC|  |TAMS 0x0000000083600000, 0x0000000083500000| Complete 
|  54|0x0000000083600000, 0x0000000083700000, 0x0000000083700000|100%|HC|  |TAMS 0x0000000083700000, 0x0000000083600000| Complete 
|  55|0x0000000083700000, 0x0000000083800000, 0x0000000083800000|100%|HC|  |TAMS 0x0000000083800000, 0x0000000083700000| Complete 
|  56|0x0000000083800000, 0x0000000083900000, 0x0000000083900000|100%|HS|  |TAMS 0x0000000083900000, 0x0000000083800000| Complete 
|  57|0x0000000083900000, 0x0000000083a00000, 0x0000000083a00000|100%|HC|  |TAMS 0x0000000083a00000, 0x0000000083900000| Complete 
|  58|0x0000000083a00000, 0x0000000083b00000, 0x0000000083b00000|100%|HC|  |TAMS 0x0000000083b00000, 0x0000000083a00000| Complete 
|  59|0x0000000083b00000, 0x0000000083c00000, 0x0000000083c00000|100%|HC|  |TAMS 0x0000000083c00000, 0x0000000083b00000| Complete 
|  60|0x0000000083c00000, 0x0000000083d00000, 0x0000000083d00000|100%| O|  |TAMS 0x0000000083d00000, 0x0000000083c00000| Untracked 
|  61|0x0000000083d00000, 0x0000000083e00000, 0x0000000083e00000|100%| O|  |TAMS 0x0000000083e00000, 0x0000000083d00000| Untracked 
|  62|0x0000000083e00000, 0x0000000083f00000, 0x0000000083f00000|100%| O|  |TAMS 0x0000000083f00000, 0x0000000083e00000| Untracked 
|  63|0x0000000083f00000, 0x0000000084000000, 0x0000000084000000|100%| O|  |TAMS 0x0000000084000000, 0x0000000083f00000| Untracked 
|  64|0x0000000084000000, 0x0000000084100000, 0x0000000084100000|100%| O|  |TAMS 0x0000000084100000, 0x0000000084000000| Untracked 
|  65|0x0000000084100000, 0x0000000084200000, 0x0000000084200000|100%| O|  |TAMS 0x0000000084200000, 0x0000000084100000| Untracked 
|  66|0x0000000084200000, 0x0000000084300000, 0x0000000084300000|100%| O|  |TAMS 0x0000000084300000, 0x0000000084200000| Untracked 
|  67|0x0000000084300000, 0x0000000084400000, 0x0000000084400000|100%| O|  |TAMS 0x0000000084400000, 0x0000000084300000| Untracked 
|  68|0x0000000084400000, 0x0000000084500000, 0x0000000084500000|100%|HS|  |TAMS 0x0000000084400000, 0x0000000084400000| Complete 
|  69|0x0000000084500000, 0x0000000084600000, 0x0000000084600000|100%| O|  |TAMS 0x000000008458ac00, 0x0000000084500000| Untracked 
|  70|0x0000000084600000, 0x0000000084700000, 0x0000000084700000|100%| O|  |TAMS 0x0000000084600000, 0x0000000084600000| Untracked 
|  71|0x0000000084700000, 0x0000000084800000, 0x0000000084800000|100%| O|  |TAMS 0x0000000084700000, 0x0000000084700000| Untracked 
|  72|0x0000000084800000, 0x0000000084900000, 0x0000000084900000|100%| O|  |TAMS 0x0000000084800000, 0x0000000084800000| Untracked 
|  73|0x0000000084900000, 0x000000008498cc00, 0x0000000084a00000| 54%| O|  |TAMS 0x0000000084900000, 0x0000000084900000| Untracked 
|  74|0x0000000084a00000, 0x0000000084b00000, 0x0000000084b00000|100%|HS|  |TAMS 0x0000000084a00000, 0x0000000084a00000| Complete 
|  75|0x0000000084b00000, 0x0000000084c00000, 0x0000000084c00000|100%|HS|  |TAMS 0x0000000084b00000, 0x0000000084b00000| Complete 
|  76|0x0000000084c00000, 0x0000000084c00000, 0x0000000084d00000|  0%| F|  |TAMS 0x0000000084c00000, 0x0000000084c00000| Untracked 
|  77|0x0000000084d00000, 0x0000000084d00000, 0x0000000084e00000|  0%| F|  |TAMS 0x0000000084d00000, 0x0000000084d00000| Untracked 
|  78|0x0000000084e00000, 0x0000000084e00000, 0x0000000084f00000|  0%| F|  |TAMS 0x0000000084e00000, 0x0000000084e00000| Untracked 
|  79|0x0000000084f00000, 0x0000000084f00000, 0x0000000085000000|  0%| F|  |TAMS 0x0000000084f00000, 0x0000000084f00000| Untracked 
|  80|0x0000000085000000, 0x0000000085000000, 0x0000000085100000|  0%| F|  |TAMS 0x0000000085000000, 0x0000000085000000| Untracked 
|  81|0x0000000085100000, 0x0000000085100000, 0x0000000085200000|  0%| F|  |TAMS 0x0000000085100000, 0x0000000085100000| Untracked 
|  82|0x0000000085200000, 0x0000000085200000, 0x0000000085300000|  0%| F|  |TAMS 0x0000000085200000, 0x0000000085200000| Untracked 
|  83|0x0000000085300000, 0x0000000085300000, 0x0000000085400000|  0%| F|  |TAMS 0x0000000085300000, 0x0000000085300000| Untracked 
|  84|0x0000000085400000, 0x0000000085400000, 0x0000000085500000|  0%| F|  |TAMS 0x0000000085400000, 0x0000000085400000| Untracked 
|  85|0x0000000085500000, 0x0000000085500000, 0x0000000085600000|  0%| F|  |TAMS 0x0000000085500000, 0x0000000085500000| Untracked 
|  86|0x0000000085600000, 0x0000000085600000, 0x0000000085700000|  0%| F|  |TAMS 0x0000000085600000, 0x0000000085600000| Untracked 
|  87|0x0000000085700000, 0x0000000085700000, 0x0000000085800000|  0%| F|  |TAMS 0x0000000085700000, 0x0000000085700000| Untracked 
|  88|0x0000000085800000, 0x0000000085800000, 0x0000000085900000|  0%| F|  |TAMS 0x0000000085800000, 0x0000000085800000| Untracked 
|  89|0x0000000085900000, 0x0000000085900000, 0x0000000085a00000|  0%| F|  |TAMS 0x0000000085900000, 0x0000000085900000| Untracked 
|  90|0x0000000085a00000, 0x0000000085a00000, 0x0000000085b00000|  0%| F|  |TAMS 0x0000000085a00000, 0x0000000085a00000| Untracked 
|  91|0x0000000085b00000, 0x0000000085b00000, 0x0000000085c00000|  0%| F|  |TAMS 0x0000000085b00000, 0x0000000085b00000| Untracked 
|  92|0x0000000085c00000, 0x0000000085c00000, 0x0000000085d00000|  0%| F|  |TAMS 0x0000000085c00000, 0x0000000085c00000| Untracked 
|  93|0x0000000085d00000, 0x0000000085d00000, 0x0000000085e00000|  0%| F|  |TAMS 0x0000000085d00000, 0x0000000085d00000| Untracked 
|  94|0x0000000085e00000, 0x0000000085e00000, 0x0000000085f00000|  0%| F|  |TAMS 0x0000000085e00000, 0x0000000085e00000| Untracked 
|  95|0x0000000085f00000, 0x0000000085f00000, 0x0000000086000000|  0%| F|  |TAMS 0x0000000085f00000, 0x0000000085f00000| Untracked 
|  96|0x0000000086000000, 0x0000000086000000, 0x0000000086100000|  0%| F|  |TAMS 0x0000000086000000, 0x0000000086000000| Untracked 
|  97|0x0000000086100000, 0x0000000086100000, 0x0000000086200000|  0%| F|  |TAMS 0x0000000086100000, 0x0000000086100000| Untracked 
|  98|0x0000000086200000, 0x0000000086200000, 0x0000000086300000|  0%| F|  |TAMS 0x0000000086200000, 0x0000000086200000| Untracked 
|  99|0x0000000086300000, 0x0000000086300000, 0x0000000086400000|  0%| F|  |TAMS 0x0000000086300000, 0x0000000086300000| Untracked 
| 100|0x0000000086400000, 0x0000000086400000, 0x0000000086500000|  0%| F|  |TAMS 0x0000000086400000, 0x0000000086400000| Untracked 
| 101|0x0000000086500000, 0x0000000086500000, 0x0000000086600000|  0%| F|  |TAMS 0x0000000086500000, 0x0000000086500000| Untracked 
| 102|0x0000000086600000, 0x0000000086600000, 0x0000000086700000|  0%| F|  |TAMS 0x0000000086600000, 0x0000000086600000| Untracked 
| 103|0x0000000086700000, 0x0000000086700000, 0x0000000086800000|  0%| F|  |TAMS 0x0000000086700000, 0x0000000086700000| Untracked 
| 104|0x0000000086800000, 0x0000000086800000, 0x0000000086900000|  0%| F|  |TAMS 0x0000000086800000, 0x0000000086800000| Untracked 
| 105|0x0000000086900000, 0x0000000086900000, 0x0000000086a00000|  0%| F|  |TAMS 0x0000000086900000, 0x0000000086900000| Untracked 
| 106|0x0000000086a00000, 0x0000000086a00000, 0x0000000086b00000|  0%| F|  |TAMS 0x0000000086a00000, 0x0000000086a00000| Untracked 
| 107|0x0000000086b00000, 0x0000000086b00000, 0x0000000086c00000|  0%| F|  |TAMS 0x0000000086b00000, 0x0000000086b00000| Untracked 
| 108|0x0000000086c00000, 0x0000000086c00000, 0x0000000086d00000|  0%| F|  |TAMS 0x0000000086c00000, 0x0000000086c00000| Untracked 
| 109|0x0000000086d00000, 0x0000000086d00000, 0x0000000086e00000|  0%| F|  |TAMS 0x0000000086d00000, 0x0000000086d00000| Untracked 
| 110|0x0000000086e00000, 0x0000000086e00000, 0x0000000086f00000|  0%| F|  |TAMS 0x0000000086e00000, 0x0000000086e00000| Untracked 
| 111|0x0000000086f00000, 0x0000000086f00000, 0x0000000087000000|  0%| F|  |TAMS 0x0000000086f00000, 0x0000000086f00000| Untracked 
| 112|0x0000000087000000, 0x0000000087000000, 0x0000000087100000|  0%| F|  |TAMS 0x0000000087000000, 0x0000000087000000| Untracked 
| 113|0x0000000087100000, 0x00000000871337c0, 0x0000000087200000| 20%| S|CS|TAMS 0x0000000087100000, 0x0000000087100000| Complete 
| 114|0x0000000087200000, 0x0000000087300000, 0x0000000087300000|100%| S|CS|TAMS 0x0000000087200000, 0x0000000087200000| Complete 
| 115|0x0000000087300000, 0x0000000087400000, 0x0000000087400000|100%| S|CS|TAMS 0x0000000087300000, 0x0000000087300000| Complete 
| 116|0x0000000087400000, 0x0000000087500000, 0x0000000087500000|100%| S|CS|TAMS 0x0000000087400000, 0x0000000087400000| Complete 
| 117|0x0000000087500000, 0x0000000087600000, 0x0000000087600000|100%| S|CS|TAMS 0x0000000087500000, 0x0000000087500000| Complete 
| 118|0x0000000087600000, 0x0000000087700000, 0x0000000087700000|100%| S|CS|TAMS 0x0000000087600000, 0x0000000087600000| Complete 
| 119|0x0000000087700000, 0x0000000087800000, 0x0000000087800000|100%| S|CS|TAMS 0x0000000087700000, 0x0000000087700000| Complete 
| 120|0x0000000087800000, 0x0000000087900000, 0x0000000087900000|100%| S|CS|TAMS 0x0000000087800000, 0x0000000087800000| Complete 
| 121|0x0000000087900000, 0x0000000087a00000, 0x0000000087a00000|100%| S|CS|TAMS 0x0000000087900000, 0x0000000087900000| Complete 
| 122|0x0000000087a00000, 0x0000000087a00000, 0x0000000087b00000|  0%| F|  |TAMS 0x0000000087a00000, 0x0000000087a00000| Untracked 
| 123|0x0000000087b00000, 0x0000000087c00000, 0x0000000087c00000|100%| S|CS|TAMS 0x0000000087b00000, 0x0000000087b00000| Complete 
| 124|0x0000000087c00000, 0x0000000087d00000, 0x0000000087d00000|100%| S|CS|TAMS 0x0000000087c00000, 0x0000000087c00000| Complete 
| 125|0x0000000087d00000, 0x0000000087e00000, 0x0000000087e00000|100%| S|CS|TAMS 0x0000000087d00000, 0x0000000087d00000| Complete 
| 126|0x0000000087e00000, 0x0000000087e00000, 0x0000000087f00000|  0%| F|  |TAMS 0x0000000087e00000, 0x0000000087e00000| Untracked 
| 127|0x0000000087f00000, 0x0000000087f00000, 0x0000000088000000|  0%| F|  |TAMS 0x0000000087f00000, 0x0000000087f00000| Untracked 
| 128|0x0000000088000000, 0x0000000088000000, 0x0000000088100000|  0%| F|  |TAMS 0x0000000088000000, 0x0000000088000000| Untracked 
| 129|0x0000000088100000, 0x0000000088100000, 0x0000000088200000|  0%| F|  |TAMS 0x0000000088100000, 0x0000000088100000| Untracked 
| 130|0x0000000088200000, 0x0000000088200000, 0x0000000088300000|  0%| F|  |TAMS 0x0000000088200000, 0x0000000088200000| Untracked 
| 131|0x0000000088300000, 0x0000000088300000, 0x0000000088400000|  0%| F|  |TAMS 0x0000000088300000, 0x0000000088300000| Untracked 
| 132|0x0000000088400000, 0x0000000088400000, 0x0000000088500000|  0%| F|  |TAMS 0x0000000088400000, 0x0000000088400000| Untracked 
| 133|0x0000000088500000, 0x0000000088500000, 0x0000000088600000|  0%| F|  |TAMS 0x0000000088500000, 0x0000000088500000| Untracked 
| 134|0x0000000088600000, 0x0000000088600000, 0x0000000088700000|  0%| F|  |TAMS 0x0000000088600000, 0x0000000088600000| Untracked 
| 135|0x0000000088700000, 0x0000000088700000, 0x0000000088800000|  0%| F|  |TAMS 0x0000000088700000, 0x0000000088700000| Untracked 
| 136|0x0000000088800000, 0x0000000088800000, 0x0000000088900000|  0%| F|  |TAMS 0x0000000088800000, 0x0000000088800000| Untracked 
| 137|0x0000000088900000, 0x0000000088900000, 0x0000000088a00000|  0%| F|  |TAMS 0x0000000088900000, 0x0000000088900000| Untracked 
| 138|0x0000000088a00000, 0x0000000088a00000, 0x0000000088b00000|  0%| F|  |TAMS 0x0000000088a00000, 0x0000000088a00000| Untracked 
| 139|0x0000000088b00000, 0x0000000088b00000, 0x0000000088c00000|  0%| F|  |TAMS 0x0000000088b00000, 0x0000000088b00000| Untracked 
| 140|0x0000000088c00000, 0x0000000088c00000, 0x0000000088d00000|  0%| F|  |TAMS 0x0000000088c00000, 0x0000000088c00000| Untracked 
| 141|0x0000000088d00000, 0x0000000088d00000, 0x0000000088e00000|  0%| F|  |TAMS 0x0000000088d00000, 0x0000000088d00000| Untracked 
| 142|0x0000000088e00000, 0x0000000088e00000, 0x0000000088f00000|  0%| F|  |TAMS 0x0000000088e00000, 0x0000000088e00000| Untracked 
| 143|0x0000000088f00000, 0x0000000088f00000, 0x0000000089000000|  0%| F|  |TAMS 0x0000000088f00000, 0x0000000088f00000| Untracked 
| 144|0x0000000089000000, 0x0000000089000000, 0x0000000089100000|  0%| F|  |TAMS 0x0000000089000000, 0x0000000089000000| Untracked 
| 145|0x0000000089100000, 0x0000000089100000, 0x0000000089200000|  0%| F|  |TAMS 0x0000000089100000, 0x0000000089100000| Untracked 
| 146|0x0000000089200000, 0x0000000089200000, 0x0000000089300000|  0%| F|  |TAMS 0x0000000089200000, 0x0000000089200000| Untracked 
| 147|0x0000000089300000, 0x0000000089300000, 0x0000000089400000|  0%| F|  |TAMS 0x0000000089300000, 0x0000000089300000| Untracked 
| 148|0x0000000089400000, 0x0000000089400000, 0x0000000089500000|  0%| F|  |TAMS 0x0000000089400000, 0x0000000089400000| Untracked 
| 149|0x0000000089500000, 0x0000000089500000, 0x0000000089600000|  0%| F|  |TAMS 0x0000000089500000, 0x0000000089500000| Untracked 
| 150|0x0000000089600000, 0x0000000089600000, 0x0000000089700000|  0%| F|  |TAMS 0x0000000089600000, 0x0000000089600000| Untracked 
| 151|0x0000000089700000, 0x00000000897975e8, 0x0000000089800000| 59%| E|  |TAMS 0x0000000089700000, 0x0000000089700000| Complete 
| 152|0x0000000089800000, 0x0000000089900000, 0x0000000089900000|100%| E|CS|TAMS 0x0000000089800000, 0x0000000089800000| Complete 
| 153|0x0000000089900000, 0x0000000089a00000, 0x0000000089a00000|100%| E|CS|TAMS 0x0000000089900000, 0x0000000089900000| Complete 
| 154|0x0000000089a00000, 0x0000000089b00000, 0x0000000089b00000|100%| E|CS|TAMS 0x0000000089a00000, 0x0000000089a00000| Complete 
| 155|0x0000000089b00000, 0x0000000089c00000, 0x0000000089c00000|100%| E|CS|TAMS 0x0000000089b00000, 0x0000000089b00000| Complete 
| 156|0x0000000089c00000, 0x0000000089d00000, 0x0000000089d00000|100%| E|CS|TAMS 0x0000000089c00000, 0x0000000089c00000| Complete 
| 157|0x0000000089d00000, 0x0000000089e00000, 0x0000000089e00000|100%| E|CS|TAMS 0x0000000089d00000, 0x0000000089d00000| Complete 
| 158|0x0000000089e00000, 0x0000000089f00000, 0x0000000089f00000|100%| E|CS|TAMS 0x0000000089e00000, 0x0000000089e00000| Complete 
| 159|0x0000000089f00000, 0x000000008a000000, 0x000000008a000000|100%| E|CS|TAMS 0x0000000089f00000, 0x0000000089f00000| Complete 
| 160|0x000000008a000000, 0x000000008a100000, 0x000000008a100000|100%| E|CS|TAMS 0x000000008a000000, 0x000000008a000000| Complete 
| 161|0x000000008a100000, 0x000000008a200000, 0x000000008a200000|100%| E|CS|TAMS 0x000000008a100000, 0x000000008a100000| Complete 
| 162|0x000000008a200000, 0x000000008a300000, 0x000000008a300000|100%| E|CS|TAMS 0x000000008a200000, 0x000000008a200000| Complete 
| 163|0x000000008a300000, 0x000000008a400000, 0x000000008a400000|100%| E|CS|TAMS 0x000000008a300000, 0x000000008a300000| Complete 
| 164|0x000000008a400000, 0x000000008a500000, 0x000000008a500000|100%| E|CS|TAMS 0x000000008a400000, 0x000000008a400000| Complete 
| 165|0x000000008a500000, 0x000000008a600000, 0x000000008a600000|100%| E|CS|TAMS 0x000000008a500000, 0x000000008a500000| Complete 
| 166|0x000000008a600000, 0x000000008a700000, 0x000000008a700000|100%| E|CS|TAMS 0x000000008a600000, 0x000000008a600000| Complete 
| 167|0x000000008a700000, 0x000000008a800000, 0x000000008a800000|100%| E|CS|TAMS 0x000000008a700000, 0x000000008a700000| Complete 
| 168|0x000000008a800000, 0x000000008a900000, 0x000000008a900000|100%| E|CS|TAMS 0x000000008a800000, 0x000000008a800000| Complete 
| 169|0x000000008a900000, 0x000000008aa00000, 0x000000008aa00000|100%| E|CS|TAMS 0x000000008a900000, 0x000000008a900000| Complete 
| 170|0x000000008aa00000, 0x000000008ab00000, 0x000000008ab00000|100%| E|CS|TAMS 0x000000008aa00000, 0x000000008aa00000| Complete 
| 171|0x000000008ab00000, 0x000000008ac00000, 0x000000008ac00000|100%| E|CS|TAMS 0x000000008ab00000, 0x000000008ab00000| Complete 
| 172|0x000000008ac00000, 0x000000008ad00000, 0x000000008ad00000|100%| E|CS|TAMS 0x000000008ac00000, 0x000000008ac00000| Complete 
| 173|0x000000008ad00000, 0x000000008ae00000, 0x000000008ae00000|100%| E|CS|TAMS 0x000000008ad00000, 0x000000008ad00000| Complete 
| 174|0x000000008ae00000, 0x000000008af00000, 0x000000008af00000|100%| E|CS|TAMS 0x000000008ae00000, 0x000000008ae00000| Complete 
| 175|0x000000008af00000, 0x000000008b000000, 0x000000008b000000|100%| E|CS|TAMS 0x000000008af00000, 0x000000008af00000| Complete 
| 176|0x000000008b000000, 0x000000008b100000, 0x000000008b100000|100%| E|CS|TAMS 0x000000008b000000, 0x000000008b000000| Complete 
| 177|0x000000008b100000, 0x000000008b200000, 0x000000008b200000|100%| E|CS|TAMS 0x000000008b100000, 0x000000008b100000| Complete 
| 178|0x000000008b200000, 0x000000008b300000, 0x000000008b300000|100%| E|CS|TAMS 0x000000008b200000, 0x000000008b200000| Complete 
| 179|0x000000008b300000, 0x000000008b400000, 0x000000008b400000|100%| E|CS|TAMS 0x000000008b300000, 0x000000008b300000| Complete 
| 180|0x000000008b400000, 0x000000008b500000, 0x000000008b500000|100%| E|CS|TAMS 0x000000008b400000, 0x000000008b400000| Complete 
| 181|0x000000008b500000, 0x000000008b600000, 0x000000008b600000|100%| E|CS|TAMS 0x000000008b500000, 0x000000008b500000| Complete 
| 182|0x000000008b600000, 0x000000008b700000, 0x000000008b700000|100%| E|CS|TAMS 0x000000008b600000, 0x000000008b600000| Complete 
| 183|0x000000008b700000, 0x000000008b800000, 0x000000008b800000|100%| E|CS|TAMS 0x000000008b700000, 0x000000008b700000| Complete 
| 184|0x000000008b800000, 0x000000008b900000, 0x000000008b900000|100%| E|CS|TAMS 0x000000008b800000, 0x000000008b800000| Complete 
| 185|0x000000008b900000, 0x000000008ba00000, 0x000000008ba00000|100%| E|CS|TAMS 0x000000008b900000, 0x000000008b900000| Complete 
| 186|0x000000008ba00000, 0x000000008bb00000, 0x000000008bb00000|100%| E|CS|TAMS 0x000000008ba00000, 0x000000008ba00000| Complete 
| 187|0x000000008bb00000, 0x000000008bc00000, 0x000000008bc00000|100%| E|CS|TAMS 0x000000008bb00000, 0x000000008bb00000| Complete 
| 188|0x000000008bc00000, 0x000000008bd00000, 0x000000008bd00000|100%| E|CS|TAMS 0x000000008bc00000, 0x000000008bc00000| Complete 
| 189|0x000000008bd00000, 0x000000008be00000, 0x000000008be00000|100%| E|CS|TAMS 0x000000008bd00000, 0x000000008bd00000| Complete 
| 190|0x000000008be00000, 0x000000008bf00000, 0x000000008bf00000|100%| E|CS|TAMS 0x000000008be00000, 0x000000008be00000| Complete 
| 191|0x000000008bf00000, 0x000000008c000000, 0x000000008c000000|100%| E|CS|TAMS 0x000000008bf00000, 0x000000008bf00000| Complete 
| 192|0x000000008c000000, 0x000000008c100000, 0x000000008c100000|100%| E|CS|TAMS 0x000000008c000000, 0x000000008c000000| Complete 
| 193|0x000000008c100000, 0x000000008c200000, 0x000000008c200000|100%| E|  |TAMS 0x000000008c100000, 0x000000008c100000| Complete 
| 194|0x000000008c200000, 0x000000008c300000, 0x000000008c300000|100%| E|CS|TAMS 0x000000008c200000, 0x000000008c200000| Complete 
| 195|0x000000008c300000, 0x000000008c400000, 0x000000008c400000|100%| E|CS|TAMS 0x000000008c300000, 0x000000008c300000| Complete 
| 196|0x000000008c400000, 0x000000008c500000, 0x000000008c500000|100%| E|CS|TAMS 0x000000008c400000, 0x000000008c400000| Complete 
| 197|0x000000008c500000, 0x000000008c600000, 0x000000008c600000|100%| E|CS|TAMS 0x000000008c500000, 0x000000008c500000| Complete 
| 198|0x000000008c600000, 0x000000008c700000, 0x000000008c700000|100%| E|CS|TAMS 0x000000008c600000, 0x000000008c600000| Complete 
| 199|0x000000008c700000, 0x000000008c800000, 0x000000008c800000|100%| E|CS|TAMS 0x000000008c700000, 0x000000008c700000| Complete 
| 200|0x000000008c800000, 0x000000008c900000, 0x000000008c900000|100%| E|CS|TAMS 0x000000008c800000, 0x000000008c800000| Complete 
| 201|0x000000008c900000, 0x000000008ca00000, 0x000000008ca00000|100%| E|CS|TAMS 0x000000008c900000, 0x000000008c900000| Complete 
| 202|0x000000008ca00000, 0x000000008cb00000, 0x000000008cb00000|100%| E|CS|TAMS 0x000000008ca00000, 0x000000008ca00000| Complete 
| 203|0x000000008cb00000, 0x000000008cc00000, 0x000000008cc00000|100%| E|CS|TAMS 0x000000008cb00000, 0x000000008cb00000| Complete 
| 204|0x000000008cc00000, 0x000000008cd00000, 0x000000008cd00000|100%| E|CS|TAMS 0x000000008cc00000, 0x000000008cc00000| Complete 
| 205|0x000000008cd00000, 0x000000008ce00000, 0x000000008ce00000|100%| E|CS|TAMS 0x000000008cd00000, 0x000000008cd00000| Complete 
| 206|0x000000008ce00000, 0x000000008cf00000, 0x000000008cf00000|100%| E|CS|TAMS 0x000000008ce00000, 0x000000008ce00000| Complete 
| 207|0x000000008cf00000, 0x000000008d000000, 0x000000008d000000|100%| E|CS|TAMS 0x000000008cf00000, 0x000000008cf00000| Complete 
| 208|0x000000008d000000, 0x000000008d100000, 0x000000008d100000|100%| E|CS|TAMS 0x000000008d000000, 0x000000008d000000| Complete 
| 209|0x000000008d100000, 0x000000008d200000, 0x000000008d200000|100%| E|CS|TAMS 0x000000008d100000, 0x000000008d100000| Complete 
| 210|0x000000008d200000, 0x000000008d300000, 0x000000008d300000|100%| E|CS|TAMS 0x000000008d200000, 0x000000008d200000| Complete 
| 211|0x000000008d300000, 0x000000008d400000, 0x000000008d400000|100%| E|CS|TAMS 0x000000008d300000, 0x000000008d300000| Complete 
| 212|0x000000008d400000, 0x000000008d500000, 0x000000008d500000|100%| E|CS|TAMS 0x000000008d400000, 0x000000008d400000| Complete 
| 213|0x000000008d500000, 0x000000008d600000, 0x000000008d600000|100%| E|CS|TAMS 0x000000008d500000, 0x000000008d500000| Complete 
| 214|0x000000008d600000, 0x000000008d700000, 0x000000008d700000|100%| E|CS|TAMS 0x000000008d600000, 0x000000008d600000| Complete 
| 215|0x000000008d700000, 0x000000008d800000, 0x000000008d800000|100%| E|CS|TAMS 0x000000008d700000, 0x000000008d700000| Complete 
| 216|0x000000008d800000, 0x000000008d900000, 0x000000008d900000|100%| E|CS|TAMS 0x000000008d800000, 0x000000008d800000| Complete 
| 217|0x000000008d900000, 0x000000008da00000, 0x000000008da00000|100%| E|CS|TAMS 0x000000008d900000, 0x000000008d900000| Complete 
| 218|0x000000008da00000, 0x000000008db00000, 0x000000008db00000|100%| E|CS|TAMS 0x000000008da00000, 0x000000008da00000| Complete 
| 219|0x000000008db00000, 0x000000008dc00000, 0x000000008dc00000|100%| E|CS|TAMS 0x000000008db00000, 0x000000008db00000| Complete 
| 220|0x000000008dc00000, 0x000000008dd00000, 0x000000008dd00000|100%| E|CS|TAMS 0x000000008dc00000, 0x000000008dc00000| Complete 
| 221|0x000000008dd00000, 0x000000008de00000, 0x000000008de00000|100%| E|CS|TAMS 0x000000008dd00000, 0x000000008dd00000| Complete 
| 222|0x000000008de00000, 0x000000008df00000, 0x000000008df00000|100%| E|CS|TAMS 0x000000008de00000, 0x000000008de00000| Complete 
| 223|0x000000008df00000, 0x000000008e000000, 0x000000008e000000|100%| E|CS|TAMS 0x000000008df00000, 0x000000008df00000| Complete 
| 224|0x000000008e000000, 0x000000008e100000, 0x000000008e100000|100%| E|CS|TAMS 0x000000008e000000, 0x000000008e000000| Complete 
| 225|0x000000008e100000, 0x000000008e200000, 0x000000008e200000|100%| E|CS|TAMS 0x000000008e100000, 0x000000008e100000| Complete 
| 226|0x000000008e200000, 0x000000008e300000, 0x000000008e300000|100%| E|CS|TAMS 0x000000008e200000, 0x000000008e200000| Complete 
| 227|0x000000008e300000, 0x000000008e400000, 0x000000008e400000|100%| E|CS|TAMS 0x000000008e300000, 0x000000008e300000| Complete 
| 228|0x000000008e400000, 0x000000008e500000, 0x000000008e500000|100%| E|CS|TAMS 0x000000008e400000, 0x000000008e400000| Complete 
| 229|0x000000008e500000, 0x000000008e600000, 0x000000008e600000|100%| E|CS|TAMS 0x000000008e500000, 0x000000008e500000| Complete 
| 230|0x000000008e600000, 0x000000008e700000, 0x000000008e700000|100%| E|CS|TAMS 0x000000008e600000, 0x000000008e600000| Complete 
| 231|0x000000008e700000, 0x000000008e800000, 0x000000008e800000|100%| E|CS|TAMS 0x000000008e700000, 0x000000008e700000| Complete 
| 232|0x000000008e800000, 0x000000008e900000, 0x000000008e900000|100%| E|CS|TAMS 0x000000008e800000, 0x000000008e800000| Complete 
| 233|0x000000008e900000, 0x000000008ea00000, 0x000000008ea00000|100%| E|CS|TAMS 0x000000008e900000, 0x000000008e900000| Complete 
| 234|0x000000008ea00000, 0x000000008eb00000, 0x000000008eb00000|100%| E|CS|TAMS 0x000000008ea00000, 0x000000008ea00000| Complete 
| 235|0x000000008eb00000, 0x000000008ec00000, 0x000000008ec00000|100%| E|CS|TAMS 0x000000008eb00000, 0x000000008eb00000| Complete 
| 236|0x000000008ec00000, 0x000000008ed00000, 0x000000008ed00000|100%| E|CS|TAMS 0x000000008ec00000, 0x000000008ec00000| Complete 
| 237|0x000000008ed00000, 0x000000008ee00000, 0x000000008ee00000|100%| E|CS|TAMS 0x000000008ed00000, 0x000000008ed00000| Complete 
| 238|0x000000008ee00000, 0x000000008ef00000, 0x000000008ef00000|100%| E|CS|TAMS 0x000000008ee00000, 0x000000008ee00000| Complete 
| 239|0x000000008ef00000, 0x000000008f000000, 0x000000008f000000|100%| E|CS|TAMS 0x000000008ef00000, 0x000000008ef00000| Complete 
| 240|0x000000008f000000, 0x000000008f100000, 0x000000008f100000|100%| E|CS|TAMS 0x000000008f000000, 0x000000008f000000| Complete 
| 241|0x000000008f100000, 0x000000008f200000, 0x000000008f200000|100%| E|CS|TAMS 0x000000008f100000, 0x000000008f100000| Complete 
| 242|0x000000008f200000, 0x000000008f300000, 0x000000008f300000|100%| E|CS|TAMS 0x000000008f200000, 0x000000008f200000| Complete 
| 243|0x000000008f300000, 0x000000008f400000, 0x000000008f400000|100%| E|CS|TAMS 0x000000008f300000, 0x000000008f300000| Complete 
| 244|0x000000008f400000, 0x000000008f500000, 0x000000008f500000|100%| E|CS|TAMS 0x000000008f400000, 0x000000008f400000| Complete 
| 245|0x000000008f500000, 0x000000008f600000, 0x000000008f600000|100%| E|CS|TAMS 0x000000008f500000, 0x000000008f500000| Complete 
| 246|0x000000008f600000, 0x000000008f700000, 0x000000008f700000|100%| E|CS|TAMS 0x000000008f600000, 0x000000008f600000| Complete 
| 247|0x000000008f700000, 0x000000008f800000, 0x000000008f800000|100%| E|CS|TAMS 0x000000008f700000, 0x000000008f700000| Complete 
| 248|0x000000008f800000, 0x000000008f900000, 0x000000008f900000|100%| E|CS|TAMS 0x000000008f800000, 0x000000008f800000| Complete 
| 249|0x000000008f900000, 0x000000008fa00000, 0x000000008fa00000|100%| E|CS|TAMS 0x000000008f900000, 0x000000008f900000| Complete 
| 250|0x000000008fa00000, 0x000000008fb00000, 0x000000008fb00000|100%| E|CS|TAMS 0x000000008fa00000, 0x000000008fa00000| Complete 
| 251|0x000000008fb00000, 0x000000008fc00000, 0x000000008fc00000|100%| E|CS|TAMS 0x000000008fb00000, 0x000000008fb00000| Complete 
| 252|0x000000008fc00000, 0x000000008fd00000, 0x000000008fd00000|100%| E|CS|TAMS 0x000000008fc00000, 0x000000008fc00000| Complete 
| 253|0x000000008fd00000, 0x000000008fe00000, 0x000000008fe00000|100%| E|CS|TAMS 0x000000008fd00000, 0x000000008fd00000| Complete 

Card table byte_map: [0x0000027d516f0000,0x0000027d51af0000] _byte_map_base: 0x0000027d512f0000

Marking Bits (Prev, Next): (CMBitMap*) 0x0000027d38a52d10, (CMBitMap*) 0x0000027d38a52d50
 Prev Bits: [0x0000027d51ef0000, 0x0000027d53ef0000)
 Next Bits: [0x0000027d53ef0000, 0x0000027d55ef0000)

Polling page: 0x0000027d38ab0000

Metaspace:

Usage:
  Non-class:     64.08 MB used.
      Class:     10.43 MB used.
       Both:     74.51 MB used.

Virtual space:
  Non-class space:      128.00 MB reserved,      64.50 MB ( 50%) committed,  2 nodes.
      Class space:      416.00 MB reserved,      10.75 MB (  3%) committed,  1 nodes.
             Both:      544.00 MB reserved,      75.25 MB ( 14%) committed. 

Chunk freelists:
   Non-Class:  15.53 MB
       Class:  5.25 MB
        Both:  20.79 MB

MaxMetaspaceSize: 512.00 MB
CompressedClassSpaceSize: 416.00 MB
Initial GC threshold: 21.00 MB
Current GC threshold: 116.06 MB
CDS: on
MetaspaceReclaimPolicy: balanced
 - commit_granule_bytes: 65536.
 - commit_granule_words: 8192.
 - virtual_space_node_default_size: 8388608.
 - enlarge_chunks_in_place: 1.
 - new_chunks_are_fully_committed: 0.
 - uncommit_free_chunks: 1.
 - use_allocation_guard: 0.
 - handle_deallocations: 1.


Internal statistics:

num_allocs_failed_limit: 6.
num_arena_births: 1066.
num_arena_deaths: 0.
num_vsnodes_births: 3.
num_vsnodes_deaths: 0.
num_space_committed: 1204.
num_space_uncommitted: 0.
num_chunks_returned_to_freelist: 6.
num_chunks_taken_from_freelist: 4254.
num_chunk_merges: 6.
num_chunk_splits: 2700.
num_chunks_enlarged: 1676.
num_inconsistent_stats: 0.

CodeHeap 'non-profiled nmethods': size=120000Kb used=5472Kb max_used=5747Kb free=114527Kb
 bounds [0x0000027d49790000, 0x0000027d49d30000, 0x0000027d50cc0000]
CodeHeap 'profiled nmethods': size=120000Kb used=17939Kb max_used=20218Kb free=102060Kb
 bounds [0x0000027d41cc0000, 0x0000027d43080000, 0x0000027d491f0000]
CodeHeap 'non-nmethods': size=5760Kb used=2413Kb max_used=2464Kb free=3346Kb
 bounds [0x0000027d491f0000, 0x0000027d49460000, 0x0000027d49790000]
 total_blobs=10445 nmethods=9501 adapters=856
 compilation: enabled
              stopped_count=0, restarted_count=0
 full_count=0

Compilation events (20 events):
Event: 44.715 Thread 0x0000027d58528820 11155       3       org.gradle.internal.serialize.HashCodeSerializer::read (6 bytes)
Event: 44.716 Thread 0x0000027d58528820 nmethod 11155 0x0000027d41da2a10 code [0x0000027d41da2be0, 0x0000027d41da2fc8]
Event: 44.738 Thread 0x0000027d58528820 11156       3       com.google.common.collect.AbstractMapEntry::hashCode (36 bytes)
Event: 44.738 Thread 0x0000027d58528820 nmethod 11156 0x0000027d41ecf610 code [0x0000027d41ecf7e0, 0x0000027d41ecfb78]
Event: 44.756 Thread 0x0000027d58528820 11159       3       org.codehaus.groovy.util.FastArray::set (8 bytes)
Event: 44.756 Thread 0x0000027d58528820 nmethod 11159 0x0000027d41e70f10 code [0x0000027d41e710c0, 0x0000027d41e71378]
Event: 44.757 Thread 0x0000027d58528820 11160   !   3       java.security.AccessController::doPrivileged (22 bytes)
Event: 44.757 Thread 0x0000027d58528820 nmethod 11160 0x0000027d41cc3510 code [0x0000027d41cc3700, 0x0000027d41cc3bd8]
Event: 44.760 Thread 0x0000027d58528820 11162       3       org.codehaus.groovy.runtime.metaclass.MetaMethodIndex::getHeader (38 bytes)
Event: 44.761 Thread 0x0000027d58528820 nmethod 11162 0x0000027d41fff110 code [0x0000027d41fff300, 0x0000027d41fff938]
Event: 44.762 Thread 0x0000027d58528820 11163       3       groovyjarjarasm.asm.Symbol::<init> (38 bytes)
Event: 44.762 Thread 0x0000027d58528820 nmethod 11163 0x0000027d41f3f310 code [0x0000027d41f3f4c0, 0x0000027d41f3f758]
Event: 44.762 Thread 0x0000027d58528820 11165       3       groovyjarjarasm.asm.ByteVector::putUTF8 (144 bytes)
Event: 44.763 Thread 0x0000027d58528820 nmethod 11165 0x0000027d42040710 code [0x0000027d42040980, 0x0000027d420414e8]
Event: 44.763 Thread 0x0000027d58528820 11164       3       groovyjarjarasm.asm.SymbolTable::put (150 bytes)
Event: 44.764 Thread 0x0000027d58528820 nmethod 11164 0x0000027d41d86110 code [0x0000027d41d86300, 0x0000027d41d86b98]
Event: 44.766 Thread 0x0000027d58528820 11166       3       jdk.internal.loader.URLClassPath$3::run (172 bytes)
Event: 44.768 Thread 0x0000027d58528820 nmethod 11166 0x0000027d41dd4d90 code [0x0000027d41dd50c0, 0x0000027d41dd62a8]
Event: 44.768 Thread 0x0000027d58528820 11167       3       jdk.internal.loader.URLClassPath$Loader::<init> (10 bytes)
Event: 44.768 Thread 0x0000027d58528820 nmethod 11167 0x0000027d41f44010 code [0x0000027d41f441a0, 0x0000027d41f44358]

GC Heap History (20 events):
Event: 27.702 GC heap before
{Heap before GC invocations=24 (full 0):
 garbage-first heap   total 94208K, used 77722K [0x0000000080000000, 0x0000000100000000)
  region size 1024K, 14 young (14336K), 1 survivors (1024K)
 Metaspace       used 64316K, committed 64960K, reserved 491520K
  class space    used 9008K, committed 9344K, reserved 425984K
}
Event: 27.705 GC heap after
{Heap after GC invocations=25 (full 0):
 garbage-first heap   total 113664K, used 64983K [0x0000000080000000, 0x0000000100000000)
  region size 1024K, 1 young (1024K), 1 survivors (1024K)
 Metaspace       used 64316K, committed 64960K, reserved 491520K
  class space    used 9008K, committed 9344K, reserved 425984K
}
Event: 28.586 GC heap before
{Heap before GC invocations=26 (full 0):
 garbage-first heap   total 116736K, used 92631K [0x0000000080000000, 0x0000000100000000)
  region size 1024K, 28 young (28672K), 1 survivors (1024K)
 Metaspace       used 66222K, committed 66944K, reserved 491520K
  class space    used 9269K, committed 9600K, reserved 425984K
}
Event: 28.591 GC heap after
{Heap after GC invocations=27 (full 0):
 garbage-first heap   total 116736K, used 66655K [0x0000000080000000, 0x0000000100000000)
  region size 1024K, 3 young (3072K), 3 survivors (3072K)
 Metaspace       used 66222K, committed 66944K, reserved 491520K
  class space    used 9269K, committed 9600K, reserved 425984K
}
Event: 28.637 GC heap before
{Heap before GC invocations=27 (full 0):
 garbage-first heap   total 116736K, used 68703K [0x0000000080000000, 0x0000000100000000)
  region size 1024K, 5 young (5120K), 3 survivors (3072K)
 Metaspace       used 66339K, committed 67008K, reserved 491520K
  class space    used 9285K, committed 9600K, reserved 425984K
}
Event: 28.645 GC heap after
{Heap after GC invocations=28 (full 0):
 garbage-first heap   total 116736K, used 66265K [0x0000000080000000, 0x0000000100000000)
  region size 1024K, 1 young (1024K), 1 survivors (1024K)
 Metaspace       used 66339K, committed 67008K, reserved 491520K
  class space    used 9285K, committed 9600K, reserved 425984K
}
Event: 29.219 GC heap before
{Heap before GC invocations=28 (full 0):
 garbage-first heap   total 116736K, used 94937K [0x0000000080000000, 0x0000000100000000)
  region size 1024K, 29 young (29696K), 1 survivors (1024K)
 Metaspace       used 67923K, committed 68608K, reserved 491520K
  class space    used 9485K, committed 9792K, reserved 425984K
}
Event: 29.222 GC heap after
{Heap after GC invocations=29 (full 0):
 garbage-first heap   total 116736K, used 66888K [0x0000000080000000, 0x0000000100000000)
  region size 1024K, 1 young (1024K), 1 survivors (1024K)
 Metaspace       used 67923K, committed 68608K, reserved 491520K
  class space    used 9485K, committed 9792K, reserved 425984K
}
Event: 30.070 GC heap before
{Heap before GC invocations=30 (full 0):
 garbage-first heap   total 119808K, used 96584K [0x0000000080000000, 0x0000000100000000)
  region size 1024K, 30 young (30720K), 1 survivors (1024K)
 Metaspace       used 69207K, committed 69952K, reserved 491520K
  class space    used 9669K, committed 10048K, reserved 425984K
}
Event: 30.078 GC heap after
{Heap after GC invocations=31 (full 0):
 garbage-first heap   total 119808K, used 70458K [0x0000000080000000, 0x0000000100000000)
  region size 1024K, 4 young (4096K), 4 survivors (4096K)
 Metaspace       used 69207K, committed 69952K, reserved 491520K
  class space    used 9669K, committed 10048K, reserved 425984K
}
Event: 30.109 GC heap before
{Heap before GC invocations=31 (full 0):
 garbage-first heap   total 119808K, used 71482K [0x0000000080000000, 0x0000000100000000)
  region size 1024K, 5 young (5120K), 4 survivors (4096K)
 Metaspace       used 69214K, committed 69952K, reserved 491520K
  class space    used 9670K, committed 10048K, reserved 425984K
}
Event: 30.121 GC heap after
{Heap after GC invocations=32 (full 0):
 garbage-first heap   total 119808K, used 70359K [0x0000000080000000, 0x0000000100000000)
  region size 1024K, 1 young (1024K), 1 survivors (1024K)
 Metaspace       used 69214K, committed 69952K, reserved 491520K
  class space    used 9670K, committed 10048K, reserved 425984K
}
Event: 31.322 GC heap before
{Heap before GC invocations=32 (full 0):
 garbage-first heap   total 119808K, used 96983K [0x0000000080000000, 0x0000000100000000)
  region size 1024K, 28 young (28672K), 1 survivors (1024K)
 Metaspace       used 70372K, committed 71104K, reserved 491520K
  class space    used 9828K, committed 10176K, reserved 425984K
}
Event: 31.328 GC heap after
{Heap after GC invocations=33 (full 0):
 garbage-first heap   total 119808K, used 73421K [0x0000000080000000, 0x0000000100000000)
  region size 1024K, 4 young (4096K), 4 survivors (4096K)
 Metaspace       used 70372K, committed 71104K, reserved 491520K
  class space    used 9828K, committed 10176K, reserved 425984K
}
Event: 32.015 GC heap before
{Heap before GC invocations=34 (full 0):
 garbage-first heap   total 130048K, used 95949K [0x0000000080000000, 0x0000000100000000)
  region size 1024K, 27 young (27648K), 4 survivors (4096K)
 Metaspace       used 71924K, committed 72704K, reserved 491520K
  class space    used 10065K, committed 10432K, reserved 425984K
}
Event: 32.027 GC heap after
{Heap after GC invocations=35 (full 0):
 garbage-first heap   total 130048K, used 75107K [0x0000000080000000, 0x0000000100000000)
  region size 1024K, 2 young (2048K), 2 survivors (2048K)
 Metaspace       used 71924K, committed 72704K, reserved 491520K
  class space    used 10065K, committed 10432K, reserved 425984K
}
Event: 32.155 GC heap before
{Heap before GC invocations=35 (full 0):
 garbage-first heap   total 130048K, used 79203K [0x0000000080000000, 0x0000000100000000)
  region size 1024K, 6 young (6144K), 2 survivors (2048K)
 Metaspace       used 72104K, committed 72832K, reserved 491520K
  class space    used 10086K, committed 10432K, reserved 425984K
}
Event: 32.163 GC heap after
{Heap after GC invocations=36 (full 0):
 garbage-first heap   total 260096K, used 74617K [0x0000000080000000, 0x0000000100000000)
  region size 1024K, 1 young (1024K), 1 survivors (1024K)
 Metaspace       used 72104K, committed 72832K, reserved 491520K
  class space    used 10086K, committed 10432K, reserved 425984K
}
Event: 42.967 GC heap before
{Heap before GC invocations=36 (full 0):
 garbage-first heap   total 260096K, used 205689K [0x0000000080000000, 0x0000000100000000)
  region size 1024K, 129 young (132096K), 1 survivors (1024K)
 Metaspace       used 76245K, committed 76992K, reserved 557056K
  class space    used 10672K, committed 11008K, reserved 425984K
}
Event: 42.986 GC heap after
{Heap after GC invocations=37 (full 0):
 garbage-first heap   total 260096K, used 85445K [0x0000000080000000, 0x0000000100000000)
  region size 1024K, 12 young (12288K), 12 survivors (12288K)
 Metaspace       used 76245K, committed 76992K, reserved 557056K
  class space    used 10672K, committed 11008K, reserved 425984K
}

Dll operation events (14 events):
Event: 0.021 Loaded shared library C:\Program Files\Microsoft\jdk-17.0.8.7-hotspot\bin\java.dll
Event: 0.064 Loaded shared library C:\Program Files\Microsoft\jdk-17.0.8.7-hotspot\bin\jsvml.dll
Event: 0.149 Loaded shared library C:\Program Files\Microsoft\jdk-17.0.8.7-hotspot\bin\zip.dll
Event: 0.155 Loaded shared library C:\Program Files\Microsoft\jdk-17.0.8.7-hotspot\bin\instrument.dll
Event: 0.163 Loaded shared library C:\Program Files\Microsoft\jdk-17.0.8.7-hotspot\bin\net.dll
Event: 0.165 Loaded shared library C:\Program Files\Microsoft\jdk-17.0.8.7-hotspot\bin\nio.dll
Event: 0.169 Loaded shared library C:\Program Files\Microsoft\jdk-17.0.8.7-hotspot\bin\zip.dll
Event: 0.689 Loaded shared library C:\Program Files\Microsoft\jdk-17.0.8.7-hotspot\bin\jimage.dll
Event: 0.920 Loaded shared library C:\Program Files\Microsoft\jdk-17.0.8.7-hotspot\bin\verify.dll
Event: 1.242 Loaded shared library C:\Users\user\.gradle\native\c067742578af261105cb4f569cf0c3c89f3d7b1fecec35dd04571415982c5e48\windows-amd64\native-platform.dll
Event: 1.267 Loaded shared library C:\Users\user\.gradle\native\100fb08df4bc3b14c8652ba06237920a3bd2aa13389f12d3474272988ae205f9\windows-amd64\native-platform-file-events.dll
Event: 4.463 Loaded shared library C:\Program Files\Microsoft\jdk-17.0.8.7-hotspot\bin\management.dll
Event: 4.468 Loaded shared library C:\Program Files\Microsoft\jdk-17.0.8.7-hotspot\bin\management_ext.dll
Event: 6.671 Loaded shared library C:\Program Files\Microsoft\jdk-17.0.8.7-hotspot\bin\sunmscapi.dll

Deoptimization events (20 events):
Event: 44.687 Thread 0x0000027d7a94e860 Uncommon trap: trap_request=0xffffffd6 fr.pc=0x0000027d49929750 relative=0x00000000000026d0
Event: 44.687 Thread 0x0000027d7a94e860 Uncommon trap: reason=array_check action=maybe_recompile pc=0x0000027d49929750 method=java.util.TimSort.reverseRange([Ljava/lang/Object;II)V @ 20 c2
Event: 44.687 Thread 0x0000027d7a94e860 DEOPT PACKING pc=0x0000027d49929750 sp=0x0000008b335fd3e0
Event: 44.687 Thread 0x0000027d7a94e860 DEOPT UNPACKING pc=0x0000027d492469a3 sp=0x0000008b335fd2a8 mode 2
Event: 44.698 Thread 0x0000027d79126a80 Uncommon trap: trap_request=0xffffffd6 fr.pc=0x0000027d49929750 relative=0x00000000000026d0
Event: 44.698 Thread 0x0000027d79126a80 Uncommon trap: reason=array_check action=maybe_recompile pc=0x0000027d49929750 method=java.util.TimSort.reverseRange([Ljava/lang/Object;II)V @ 20 c2
Event: 44.698 Thread 0x0000027d79126a80 DEOPT PACKING pc=0x0000027d49929750 sp=0x0000008b31cf7580
Event: 44.698 Thread 0x0000027d79126a80 DEOPT UNPACKING pc=0x0000027d492469a3 sp=0x0000008b31cf7448 mode 2
Event: 44.698 Thread 0x0000027d79126a80 Uncommon trap: trap_request=0xffffffd6 fr.pc=0x0000027d49929750 relative=0x00000000000026d0
Event: 44.698 Thread 0x0000027d79126a80 Uncommon trap: reason=array_check action=maybe_recompile pc=0x0000027d49929750 method=java.util.TimSort.reverseRange([Ljava/lang/Object;II)V @ 20 c2
Event: 44.698 Thread 0x0000027d79126a80 DEOPT PACKING pc=0x0000027d49929750 sp=0x0000008b31cf7580
Event: 44.698 Thread 0x0000027d79126a80 DEOPT UNPACKING pc=0x0000027d492469a3 sp=0x0000008b31cf7448 mode 2
Event: 44.775 Thread 0x0000027d79126a80 DEOPT PACKING pc=0x0000027d41f1b1e1 sp=0x0000008b31cf7f00
Event: 44.775 Thread 0x0000027d79126a80 DEOPT UNPACKING pc=0x0000027d49247143 sp=0x0000008b31cf7480 mode 0
Event: 44.785 Thread 0x0000027d79126a80 Uncommon trap: trap_request=0xffffff45 fr.pc=0x0000027d4991da0c relative=0x000000000000252c
Event: 44.785 Thread 0x0000027d79126a80 Uncommon trap: reason=unstable_if action=reinterpret pc=0x0000027d4991da0c method=java.util.zip.ZipFile.getInputStream(Ljava/util/zip/ZipEntry;)Ljava/io/InputStream; @ 101 c2
Event: 44.785 Thread 0x0000027d79126a80 DEOPT PACKING pc=0x0000027d4991da0c sp=0x0000008b31cf8160
Event: 44.785 Thread 0x0000027d79126a80 DEOPT UNPACKING pc=0x0000027d492469a3 sp=0x0000008b31cf8128 mode 2
Event: 44.796 Thread 0x0000027d79126a80 DEOPT PACKING pc=0x0000027d41f1b1e1 sp=0x0000008b31cf7ea0
Event: 44.796 Thread 0x0000027d79126a80 DEOPT UNPACKING pc=0x0000027d49247143 sp=0x0000008b31cf7420 mode 0

Classes unloaded (0 events):
No events

Classes redefined (0 events):
No events

Internal exceptions (20 events):
Event: 41.103 Thread 0x0000027d79126a80 Exception <a 'java/lang/ClassNotFoundException'{0x000000008b9ab378}: java/util/AbstractCollectionBeanInfo> (0x000000008b9ab378) 
thrown [s\src\hotspot\share\classfile\systemDictionary.cpp, line 256]
Event: 41.103 Thread 0x0000027d79126a80 Exception <a 'java/lang/ClassNotFoundException'{0x000000008b9b3128}: java/util/AbstractCollectionCustomizer> (0x000000008b9b3128) 
thrown [s\src\hotspot\share\classfile\systemDictionary.cpp, line 256]
Event: 41.106 Thread 0x0000027d79126a80 Exception <a 'java/lang/ClassNotFoundException'{0x000000008b9d2c48}: org/gradle/api/internal/DefaultDomainObjectCollectionCustomizer> (0x000000008b9d2c48) 
thrown [s\src\hotspot\share\classfile\systemDictionary.cpp, line 256]
Event: 41.108 Thread 0x0000027d79126a80 Exception <a 'java/lang/ClassNotFoundException'{0x000000008b809598}: org/gradle/api/internal/DefaultNamedDomainObjectCollectionCustomizer> (0x000000008b809598) 
thrown [s\src\hotspot\share\classfile\systemDictionary.cpp, line 256]
Event: 41.112 Thread 0x0000027d79126a80 Exception <a 'java/lang/ClassNotFoundException'{0x000000008b848488}: org/gradle/api/internal/DefaultNamedDomainObjectListCustomizer> (0x000000008b848488) 
thrown [s\src\hotspot\share\classfile\systemDictionary.cpp, line 256]
Event: 41.116 Thread 0x0000027d79126a80 Exception <a 'java/lang/ClassNotFoundException'{0x000000008b87e940}: org/gradle/api/internal/artifacts/DefaultArtifactRepositoryContainerCustomizer> (0x000000008b87e940) 
thrown [s\src\hotspot\share\classfile\systemDictionary.cpp, line 256]
Event: 41.118 Thread 0x0000027d79126a80 Exception <a 'java/lang/ClassNotFoundException'{0x000000008b8a94b0}: org/gradle/api/internal/artifacts/dsl/DefaultRepositoryHandlerCustomizer> (0x000000008b8a94b0) 
thrown [s\src\hotspot\share\classfile\systemDictionary.cpp, line 256]
Event: 41.121 Thread 0x0000027d79126a80 Exception <a 'java/lang/ClassNotFoundException'{0x000000008b8e17d0}: org/gradle/api/internal/artifacts/dsl/DefaultRepositoryHandler_DecoratedCustomizer> (0x000000008b8e17d0) 
thrown [s\src\hotspot\share\classfile\systemDictionary.cpp, line 256]
Event: 41.138 Thread 0x0000027d79126a80 Exception <a 'java/lang/ClassNotFoundException'{0x000000008b78a568}: org/gradle/api/internal/artifacts/dsl/dependencies/DefaultDependencyHandler_DecoratedBeanInfo> (0x000000008b78a568) 
thrown [s\src\hotspot\share\classfile\systemDictionary.cpp, line 256]
Event: 41.140 Thread 0x0000027d79126a80 Exception <a 'java/lang/ClassNotFoundException'{0x000000008b7a25f8}: org/gradle/api/internal/artifacts/dsl/dependencies/DefaultDependencyHandlerBeanInfo> (0x000000008b7a25f8) 
thrown [s\src\hotspot\share\classfile\systemDictionary.cpp, line 256]
Event: 41.142 Thread 0x0000027d79126a80 Exception <a 'java/lang/ClassNotFoundException'{0x000000008b7ba0f8}: org/gradle/api/internal/artifacts/dsl/dependencies/DefaultDependencyHandlerCustomizer> (0x000000008b7ba0f8) 
thrown [s\src\hotspot\share\classfile\systemDictionary.cpp, line 256]
Event: 41.146 Thread 0x0000027d79126a80 Exception <a 'java/lang/ClassNotFoundException'{0x000000008b7f9d60}: org/gradle/api/internal/artifacts/dsl/dependencies/DefaultDependencyHandler_DecoratedCustomizer> (0x000000008b7f9d60) 
thrown [s\src\hotspot\share\classfile\systemDictionary.cpp, line 256]
Event: 41.999 Thread 0x0000027d7a992a80 Exception <a 'sun/nio/fs/WindowsException'{0x000000008fbf3be0}> (0x000000008fbf3be0) 
thrown [s\src\hotspot\share\prims\jni.cpp, line 516]
Event: 42.000 Thread 0x0000027d7a992a80 Exception <a 'sun/nio/fs/WindowsException'{0x000000008fbf6508}> (0x000000008fbf6508) 
thrown [s\src\hotspot\share\prims\jni.cpp, line 516]
Event: 42.001 Thread 0x0000027d7a992a80 Exception <a 'sun/nio/fs/WindowsException'{0x000000008fbf8bc0}> (0x000000008fbf8bc0) 
thrown [s\src\hotspot\share\prims\jni.cpp, line 516]
Event: 42.001 Thread 0x0000027d7a992a80 Exception <a 'sun/nio/fs/WindowsException'{0x000000008fbfae90}> (0x000000008fbfae90) 
thrown [s\src\hotspot\share\prims\jni.cpp, line 516]
Event: 42.699 Thread 0x0000027d7a94aba0 Implicit null exception at 0x0000027d49d10f64 to 0x0000027d49d11638
Event: 43.879 Thread 0x0000027d7a94e860 Implicit null exception at 0x0000027d49bc00fc to 0x0000027d49bc0908
Event: 44.758 Thread 0x0000027d79126a80 Exception <a 'java/lang/ClassNotFoundException'{0x0000000089ae3700}: build_9pz0w2gmunsi37m34asghashjBeanInfo> (0x0000000089ae3700) 
thrown [s\src\hotspot\share\classfile\systemDictionary.cpp, line 256]
Event: 44.759 Thread 0x0000027d79126a80 Exception <a 'java/lang/ClassNotFoundException'{0x0000000089aea978}: build_9pz0w2gmunsi37m34asghashjCustomizer> (0x0000000089aea978) 
thrown [s\src\hotspot\share\classfile\systemDictionary.cpp, line 256]

VM Operations (20 events):
Event: 41.109 Executing VM operation: Cleanup
Event: 41.110 Executing VM operation: Cleanup done
Event: 41.172 Executing VM operation: HandshakeAllThreads
Event: 41.172 Executing VM operation: HandshakeAllThreads done
Event: 41.633 Executing VM operation: ICBufferFull
Event: 41.634 Executing VM operation: ICBufferFull done
Event: 41.771 Executing VM operation: ICBufferFull
Event: 41.772 Executing VM operation: ICBufferFull done
Event: 42.421 Executing VM operation: ICBufferFull
Event: 42.422 Executing VM operation: ICBufferFull done
Event: 42.966 Executing VM operation: G1CollectForAllocation
Event: 42.988 Executing VM operation: G1CollectForAllocation done
Event: 43.102 Executing VM operation: HandshakeAllThreads
Event: 43.102 Executing VM operation: HandshakeAllThreads done
Event: 43.189 Executing VM operation: HandshakeAllThreads
Event: 43.189 Executing VM operation: HandshakeAllThreads done
Event: 43.218 Executing VM operation: HandshakeAllThreads
Event: 43.218 Executing VM operation: HandshakeAllThreads done
Event: 43.871 Executing VM operation: ICBufferFull
Event: 43.871 Executing VM operation: ICBufferFull done

Events (20 events):
Event: 43.236 Thread 0x0000027d5853e0b0 flushing nmethod 0x0000027d42bdb210
Event: 43.236 Thread 0x0000027d5853e0b0 flushing nmethod 0x0000027d42bdee10
Event: 43.236 Thread 0x0000027d5853e0b0 flushing nmethod 0x0000027d42be4690
Event: 43.236 Thread 0x0000027d5853e0b0 flushing nmethod 0x0000027d42be4b10
Event: 43.236 Thread 0x0000027d5853e0b0 flushing nmethod 0x0000027d42be5e90
Event: 43.237 Thread 0x0000027d5853e0b0 flushing nmethod 0x0000027d42c2d310
Event: 43.237 Thread 0x0000027d5853e0b0 flushing nmethod 0x0000027d42c3cf10
Event: 43.237 Thread 0x0000027d5853e0b0 flushing nmethod 0x0000027d42c86190
Event: 43.237 Thread 0x0000027d5853e0b0 flushing nmethod 0x0000027d42c8ab10
Event: 43.237 Thread 0x0000027d5853e0b0 flushing nmethod 0x0000027d42cac010
Event: 43.237 Thread 0x0000027d5853e0b0 flushing nmethod 0x0000027d42cad910
Event: 43.237 Thread 0x0000027d5853e0b0 flushing nmethod 0x0000027d42d04610
Event: 43.237 Thread 0x0000027d5853e0b0 flushing nmethod 0x0000027d42d26110
Event: 43.238 Thread 0x0000027d5853e0b0 flushing nmethod 0x0000027d42d35f10
Event: 43.238 Thread 0x0000027d5853e0b0 flushing nmethod 0x0000027d42d52890
Event: 43.238 Thread 0x0000027d5853e0b0 flushing nmethod 0x0000027d42d73310
Event: 43.238 Thread 0x0000027d5853e0b0 flushing nmethod 0x0000027d42dfc210
Event: 43.239 Thread 0x0000027d5853e0b0 flushing nmethod 0x0000027d42e41e10
Event: 43.239 Thread 0x0000027d5853e0b0 flushing nmethod 0x0000027d42f37d10
Event: 44.746 Thread 0x0000027d7a4ac730 Thread added: 0x0000027d7a4ac730


Dynamic libraries:
0x00007ff72f9f0000 - 0x00007ff72f9fe000 	C:\Program Files\Microsoft\jdk-17.0.8.7-hotspot\bin\java.exe
0x00007ffa96bd0000 - 0x00007ffa96dc8000 	C:\WINDOWS\SYSTEM32\ntdll.dll
0x00007ffa95a20000 - 0x00007ffa95ae1000 	C:\WINDOWS\System32\KERNEL32.DLL
0x00007ffa94890000 - 0x00007ffa94b8d000 	C:\WINDOWS\System32\KERNELBASE.dll
0x00007ffa94410000 - 0x00007ffa94510000 	C:\WINDOWS\System32\ucrtbase.dll
0x00007ffa7edc0000 - 0x00007ffa7eddb000 	C:\Program Files\Microsoft\jdk-17.0.8.7-hotspot\bin\VCRUNTIME140.dll
0x00007ffa7bc80000 - 0x00007ffa7bc97000 	C:\Program Files\Microsoft\jdk-17.0.8.7-hotspot\bin\jli.dll
0x00007ffa957d0000 - 0x00007ffa9596d000 	C:\WINDOWS\System32\USER32.dll
0x00007ffa82bf0000 - 0x00007ffa82e8a000 	C:\WINDOWS\WinSxS\amd64_microsoft.windows.common-controls_6595b64144ccf1df_6.0.19041.4355_none_60b8b9eb71f62e16\COMCTL32.dll
0x00007ffa95970000 - 0x00007ffa95a0e000 	C:\WINDOWS\System32\msvcrt.dll
0x00007ffa94280000 - 0x00007ffa942a2000 	C:\WINDOWS\System32\win32u.dll
0x00007ffa96a30000 - 0x00007ffa96a5b000 	C:\WINDOWS\System32\GDI32.dll
0x00007ffa945c0000 - 0x00007ffa946d7000 	C:\WINDOWS\System32\gdi32full.dll
0x00007ffa94710000 - 0x00007ffa947ad000 	C:\WINDOWS\System32\msvcp_win.dll
0x00007ffa94f30000 - 0x00007ffa94f5f000 	C:\WINDOWS\System32\IMM32.DLL
0x00007ffa7edb0000 - 0x00007ffa7edbc000 	C:\Program Files\Microsoft\jdk-17.0.8.7-hotspot\bin\vcruntime140_1.dll
0x00007ffa6d210000 - 0x00007ffa6d29d000 	C:\Program Files\Microsoft\jdk-17.0.8.7-hotspot\bin\msvcp140.dll
0x00007ffa29f90000 - 0x00007ffa2abf5000 	C:\Program Files\Microsoft\jdk-17.0.8.7-hotspot\bin\server\jvm.dll
0x00007ffa95100000 - 0x00007ffa951b0000 	C:\WINDOWS\System32\ADVAPI32.dll
0x00007ffa96a60000 - 0x00007ffa96b00000 	C:\WINDOWS\System32\sechost.dll
0x00007ffa94e00000 - 0x00007ffa94f23000 	C:\WINDOWS\System32\RPCRT4.dll
0x00007ffa946e0000 - 0x00007ffa94707000 	C:\WINDOWS\System32\bcrypt.dll
0x00007ffa81b10000 - 0x00007ffa81b19000 	C:\WINDOWS\SYSTEM32\WSOCK32.dll
0x00007ffa937c0000 - 0x00007ffa9380b000 	C:\WINDOWS\SYSTEM32\POWRPROF.dll
0x00007ffa83aa0000 - 0x00007ffa83ac7000 	C:\WINDOWS\SYSTEM32\WINMM.dll
0x00007ffa95af0000 - 0x00007ffa95b5b000 	C:\WINDOWS\System32\WS2_32.dll
0x00007ffa80c10000 - 0x00007ffa80c1a000 	C:\WINDOWS\SYSTEM32\VERSION.dll
0x00007ffa93630000 - 0x00007ffa93642000 	C:\WINDOWS\SYSTEM32\UMPDC.dll
0x00007ffa920c0000 - 0x00007ffa920d2000 	C:\WINDOWS\SYSTEM32\kernel.appcore.dll
0x00007ffa7d200000 - 0x00007ffa7d20a000 	C:\Program Files\Microsoft\jdk-17.0.8.7-hotspot\bin\jimage.dll
0x00007ffa862c0000 - 0x00007ffa864a4000 	C:\WINDOWS\SYSTEM32\DBGHELP.DLL
0x00007ffa80b10000 - 0x00007ffa80b44000 	C:\WINDOWS\SYSTEM32\dbgcore.DLL
0x00007ffa947b0000 - 0x00007ffa94832000 	C:\WINDOWS\System32\bcryptPrimitives.dll
0x00007ffa7aa60000 - 0x00007ffa7aa6e000 	C:\Program Files\Microsoft\jdk-17.0.8.7-hotspot\bin\instrument.dll
0x00007ffa7bc50000 - 0x00007ffa7bc75000 	C:\Program Files\Microsoft\jdk-17.0.8.7-hotspot\bin\java.dll
0x00007ffa29eb0000 - 0x00007ffa29f87000 	C:\Program Files\Microsoft\jdk-17.0.8.7-hotspot\bin\jsvml.dll
0x00007ffa962c0000 - 0x00007ffa96a2f000 	C:\WINDOWS\System32\SHELL32.dll
0x00007ffa922c0000 - 0x00007ffa92a5f000 	C:\WINDOWS\SYSTEM32\windows.storage.dll
0x00007ffa95d50000 - 0x00007ffa960a3000 	C:\WINDOWS\System32\combase.dll
0x00007ffa93bc0000 - 0x00007ffa93bee000 	C:\WINDOWS\SYSTEM32\Wldp.dll
0x00007ffa94c00000 - 0x00007ffa94ccd000 	C:\WINDOWS\System32\OLEAUT32.dll
0x00007ffa95c10000 - 0x00007ffa95cbd000 	C:\WINDOWS\System32\SHCORE.dll
0x00007ffa94f60000 - 0x00007ffa94fb5000 	C:\WINDOWS\System32\shlwapi.dll
0x00007ffa941b0000 - 0x00007ffa941d4000 	C:\WINDOWS\SYSTEM32\profapi.dll
0x00007ffa731e0000 - 0x00007ffa731f8000 	C:\Program Files\Microsoft\jdk-17.0.8.7-hotspot\bin\zip.dll
0x00007ffa7bc30000 - 0x00007ffa7bc49000 	C:\Program Files\Microsoft\jdk-17.0.8.7-hotspot\bin\net.dll
0x00007ffa8be70000 - 0x00007ffa8bf7d000 	C:\WINDOWS\SYSTEM32\WINHTTP.dll
0x00007ffa939a0000 - 0x00007ffa93a0a000 	C:\WINDOWS\system32\mswsock.dll
0x00007ffa7bc10000 - 0x00007ffa7bc26000 	C:\Program Files\Microsoft\jdk-17.0.8.7-hotspot\bin\nio.dll
0x00007ffa7cd70000 - 0x00007ffa7cd80000 	C:\Program Files\Microsoft\jdk-17.0.8.7-hotspot\bin\verify.dll
0x00007ffa731b0000 - 0x00007ffa731d7000 	C:\Users\user\.gradle\native\c067742578af261105cb4f569cf0c3c89f3d7b1fecec35dd04571415982c5e48\windows-amd64\native-platform.dll
0x00007ffa29d60000 - 0x00007ffa29ea4000 	C:\Users\user\.gradle\native\100fb08df4bc3b14c8652ba06237920a3bd2aa13389f12d3474272988ae205f9\windows-amd64\native-platform-file-events.dll
0x00007ffa7bc00000 - 0x00007ffa7bc09000 	C:\Program Files\Microsoft\jdk-17.0.8.7-hotspot\bin\management.dll
0x00007ffa7ab30000 - 0x00007ffa7ab3b000 	C:\Program Files\Microsoft\jdk-17.0.8.7-hotspot\bin\management_ext.dll
0x00007ffa95a10000 - 0x00007ffa95a18000 	C:\WINDOWS\System32\PSAPI.DLL
0x00007ffa93f10000 - 0x00007ffa93f28000 	C:\WINDOWS\SYSTEM32\CRYPTSP.dll
0x00007ffa93270000 - 0x00007ffa932a4000 	C:\WINDOWS\system32\rsaenh.dll
0x00007ffa94120000 - 0x00007ffa9414e000 	C:\WINDOWS\SYSTEM32\USERENV.dll
0x00007ffa93b30000 - 0x00007ffa93b3c000 	C:\WINDOWS\SYSTEM32\CRYPTBASE.dll
0x00007ffa93650000 - 0x00007ffa9368b000 	C:\WINDOWS\SYSTEM32\IPHLPAPI.DLL
0x00007ffa95d20000 - 0x00007ffa95d28000 	C:\WINDOWS\System32\NSI.dll
0x00007ffa8c040000 - 0x00007ffa8c057000 	C:\WINDOWS\SYSTEM32\dhcpcsvc6.DLL
0x00007ffa8c490000 - 0x00007ffa8c4ad000 	C:\WINDOWS\SYSTEM32\dhcpcsvc.DLL
0x00007ffa936a0000 - 0x00007ffa9376a000 	C:\WINDOWS\SYSTEM32\DNSAPI.dll
0x00007ffa7a1f0000 - 0x00007ffa7a1fe000 	C:\Program Files\Microsoft\jdk-17.0.8.7-hotspot\bin\sunmscapi.dll
0x00007ffa942b0000 - 0x00007ffa9440e000 	C:\WINDOWS\System32\CRYPT32.dll
0x00007ffa93c30000 - 0x00007ffa93c59000 	C:\WINDOWS\SYSTEM32\ncrypt.dll
0x00007ffa93bf0000 - 0x00007ffa93c2b000 	C:\WINDOWS\SYSTEM32\NTASN1.dll
0x00007ffa8f570000 - 0x00007ffa8f577000 	C:\WINDOWS\system32\wshunix.dll
0x00007ffa84df0000 - 0x00007ffa84dfa000 	C:\Windows\System32\rasadhlp.dll
0x00007ffa84680000 - 0x00007ffa84700000 	C:\WINDOWS\System32\fwpuclnt.dll
0x00007ffa7f750000 - 0x00007ffa7f767000 	C:\WINDOWS\system32\napinsp.dll
0x00007ffa7f140000 - 0x00007ffa7f15b000 	C:\WINDOWS\system32\pnrpnsp.dll
0x00007ffa8f160000 - 0x00007ffa8f175000 	C:\WINDOWS\system32\wshbth.dll
0x00007ffa8efb0000 - 0x00007ffa8efcd000 	C:\WINDOWS\system32\NLAapi.dll
0x00007ffa7ef20000 - 0x00007ffa7ef32000 	C:\WINDOWS\System32\winrnr.dll

dbghelp: loaded successfully - version: 4.0.5 - missing functions: none
symbol engine: initialized successfully - sym options: 0x614 - pdb path: .;C:\Program Files\Microsoft\jdk-17.0.8.7-hotspot\bin;C:\WINDOWS\SYSTEM32;C:\WINDOWS\WinSxS\amd64_microsoft.windows.common-controls_6595b64144ccf1df_6.0.19041.4355_none_60b8b9eb71f62e16;C:\Program Files\Microsoft\jdk-17.0.8.7-hotspot\bin\server;C:\Users\user\.gradle\native\c067742578af261105cb4f569cf0c3c89f3d7b1fecec35dd04571415982c5e48\windows-amd64;C:\Users\user\.gradle\native\100fb08df4bc3b14c8652ba06237920a3bd2aa13389f12d3474272988ae205f9\windows-amd64

VM Arguments:
jvm_args: -XX:MaxMetaspaceSize=512m --add-opens=java.base/java.util=ALL-UNNAMED --add-opens=java.base/java.lang=ALL-UNNAMED --add-opens=java.base/java.lang.invoke=ALL-UNNAMED --add-opens=java.prefs/java.util.prefs=ALL-UNNAMED --add-opens=java.base/java.nio.charset=ALL-UNNAMED --add-opens=java.base/java.net=ALL-UNNAMED --add-opens=java.base/java.util.concurrent.atomic=ALL-UNNAMED -Xmx2048m -Dfile.encoding=windows-1252 -Duser.country=US -Duser.language=en -Duser.variant -javaagent:C:\Users\user\.gradle\wrapper\dists\gradle-8.8-all\6gdy1pgp427xkqcjbxw3ylt6h\gradle-8.8\lib\agents\gradle-instrumentation-agent-8.8.jar 
java_command: org.gradle.launcher.daemon.bootstrap.GradleDaemon 8.8
java_class_path (initial): C:\Users\user\.gradle\wrapper\dists\gradle-8.8-all\6gdy1pgp427xkqcjbxw3ylt6h\gradle-8.8\lib\gradle-launcher-8.8.jar
Launcher Type: SUN_STANDARD

[Global flags]
     intx CICompilerCount                          = 3                                         {product} {ergonomic}
   size_t CompressedClassSpaceSize                 = 436207616                                 {product} {ergonomic}
     uint ConcGCThreads                            = 1                                         {product} {ergonomic}
     uint G1ConcRefinementThreads                  = 4                                         {product} {ergonomic}
   size_t G1HeapRegionSize                         = 1048576                                   {product} {ergonomic}
    uintx GCDrainStackTargetSize                   = 64                                        {product} {ergonomic}
   size_t InitialHeapSize                          = 134217728                                 {product} {ergonomic}
   size_t MarkStackSize                            = 4194304                                   {product} {ergonomic}
   size_t MaxHeapSize                              = 2147483648                                {product} {command line}
   size_t MaxMetaspaceSize                         = 536870912                                 {product} {command line}
   size_t MaxNewSize                               = 1287651328                                {product} {ergonomic}
   size_t MinHeapDeltaBytes                        = 1048576                                   {product} {ergonomic}
   size_t MinHeapSize                              = 8388608                                   {product} {ergonomic}
    uintx NonNMethodCodeHeapSize                   = 5832780                                {pd product} {ergonomic}
    uintx NonProfiledCodeHeapSize                  = 122912730                              {pd product} {ergonomic}
    uintx ProfiledCodeHeapSize                     = 122912730                              {pd product} {ergonomic}
    uintx ReservedCodeCacheSize                    = 251658240                              {pd product} {ergonomic}
     bool SegmentedCodeCache                       = true                                      {product} {ergonomic}
   size_t SoftMaxHeapSize                          = 2147483648                             {manageable} {ergonomic}
     bool UseCompressedClassPointers               = true                           {product lp64_product} {ergonomic}
     bool UseCompressedOops                        = true                           {product lp64_product} {ergonomic}
     bool UseG1GC                                  = true                                      {product} {ergonomic}
     bool UseLargePagesIndividualAllocation        = false                                  {pd product} {ergonomic}

Logging:
Log output configuration:
 #0: stdout all=warning uptime,level,tags
 #1: stderr all=off uptime,level,tags

Environment Variables:
JAVA_HOME=C:\Program Files\Microsoft\jdk-17.0.8.7-hotspot\
CLASSPATH=D:\S.E\Bootcamp\techloset\EventLister\android\\gradle\wrapper\gradle-wrapper.jar
PATH=D:\S.E\Bootcamp\techloset\EventLister\node_modules\.bin;D:\S.E\Bootcamp\techloset\EventLister\node_modules\.bin;D:\S.E\Bootcamp\techloset\node_modules\.bin;D:\S.E\Bootcamp\node_modules\.bin;D:\S.E\node_modules\.bin;D:\node_modules\.bin;C:\Users\user\AppData\Roaming\npm\node_modules\npm\node_modules\@npmcli\run-script\lib\node-gyp-bin;D:\S.E\Bootcamp\techloset\EventLister\node_modules\.bin;D:\S.E\Bootcamp\techloset\node_modules\.bin;D:\S.E\Bootcamp\node_modules\.bin;D:\S.E\node_modules\.bin;D:\node_modules\.bin;C:\Users\user\AppData\Roaming\npm\node_modules\npm\node_modules\@npmcli\run-script\lib\node-gyp-bin;C:\Program Files\Microsoft\jdk-17.0.8.7-hotspot\bin;C:\WINDOWS\system32;C:\WINDOWS;C:\WINDOWS\System32\Wbem;C:\WINDOWS\System32\WindowsPowerShell\v1.0\;C:\WINDOWS\System32\OpenSSH\;C:\Program Files\Microsoft SQL Server\110\Tools\Binn\;C:\ProgramData\chocolatey\bin;C:\Program Files\nodejs\;C:\Users\user\AppData\Local\Android\Sdk\platform-tools;C:\Program Files\Git\cmd;C:\Users\user\AppData\Local\Android\Sdk\tools;C:\Users\user\AppData\Local\Programs\Python\Python312\Scripts\;C:\Users\user\AppData\Local\Programs\Python\Python312\;C:\Users\user\AppData\Local\Microsoft\WindowsApps;C:\Users\user\AppData\Local\Programs\Microsoft VS Code\bin;C:\MinGW\bin;C:\Users\user\AppData\Local\Android\Sdk\platform-tools;C:\Users\user\AppData\Roaming\npm
USERNAME=user
LANG=en_US.UTF-8
OS=Windows_NT
PROCESSOR_IDENTIFIER=Intel64 Family 6 Model 61 Stepping 4, GenuineIntel
TMP=C:\Users\user\AppData\Local\Temp
TEMP=C:\Users\user\AppData\Local\Temp



---------------  S Y S T E M  ---------------

OS:
 Windows 10 , 64 bit Build 19041 (10.0.19041.4717)
OS uptime: 1 days 1:36 hours
Hyper-V role detected

CPU: total 4 (initial active 4) (2 cores per cpu, 2 threads per core) family 6 model 61 stepping 4 microcode 0x2d, cx8, cmov, fxsr, ht, mmx, 3dnowpref, sse, sse2, sse3, ssse3, sse4.1, sse4.2, popcnt, lzcnt, tsc, tscinvbit, avx, avx2, aes, erms, clmul, bmi1, bmi2, rtm, adx, fma, vzeroupper, clflush, hv
Processor Information for all 4 processors :
  Max Mhz: 2295, Current Mhz: 2295, Mhz Limit: 2295

Memory: 4k page, system-wide physical 8064M (697M free)
TotalPageFile size 16128M (AvailPageFile size 4260M)
current process WorkingSet (physical memory assigned to process): 476M, peak: 483M
current process commit charge ("private bytes"): 517M, peak: 523M

vm_info: OpenJDK 64-Bit Server VM (17.0.8+7-LTS) for windows-amd64 JRE (17.0.8+7-LTS), built on Jul  7 2023 17:21:55 by "MicrosoftCorporation" with MS VC++ 16.10 / 16.11 (VS2019)

END.
