#
# A fatal error has been detected by the Java Runtime Environment:
#
#  EXCEPTION_ACCESS_VIOLATION (0xc0000005) at pc=0x00007ffa2486e0a9, pid=648, tid=9108
#
# JRE version: OpenJDK Runtime Environment Microsoft-8035246 (17.0.8+7) (build 17.0.8+7-LTS)
# Java VM: OpenJDK 64-Bit Server VM Microsoft-8035246 (17.0.8+7-LTS, mixed mode, sharing, tiered, compressed oops, compressed class ptrs, g1 gc, windows-amd64)
# Problematic frame:
# V  [jvm.dll+0x2be0a9]
#
# No core dump will be written. Minidumps are not enabled by default on client versions of Windows
#
# If you would like to submit a bug report, please visit:
#   https://github.com/microsoft/openjdk/issues
#

---------------  S U M M A R Y ------------

Command Line: -XX:MaxMetaspaceSize=512m --add-opens=java.base/java.util=ALL-UNNAMED --add-opens=java.base/java.lang=ALL-UNNAMED --add-opens=java.base/java.lang.invoke=ALL-UNNAMED --add-opens=java.prefs/java.util.prefs=ALL-UNNAMED --add-opens=java.base/java.nio.charset=ALL-UNNAMED --add-opens=java.base/java.net=ALL-UNNAMED --add-opens=java.base/java.util.concurrent.atomic=ALL-UNNAMED -Xmx2048m -Dfile.encoding=windows-1252 -Duser.country=US -Duser.language=en -Duser.variant -javaagent:C:\Users\user\.gradle\wrapper\dists\gradle-8.8-all\6gdy1pgp427xkqcjbxw3ylt6h\gradle-8.8\lib\agents\gradle-instrumentation-agent-8.8.jar org.gradle.launcher.daemon.bootstrap.GradleDaemon 8.8

Host: Intel(R) Core(TM) i5-5300U CPU @ 2.30GHz, 4 cores, 7G,  Windows 10 , 64 bit Build 19041 (10.0.19041.4717)
Time: Thu Aug 22 09:34:30 2024 Pakistan Standard Time elapsed time: 55.633814 seconds (0d 0h 0m 55s)

---------------  T H R E A D  ---------------

Current thread (0x000001bc5b5d2a00):  JavaThread "C2 CompilerThread1" daemon [_thread_in_native, id=9108, stack(0x0000007236c00000,0x0000007236d00000)]


Current CompileTask:
C2:  55633 12842       4       org.gradle.cache.internal.ExclusiveCacheAccessingWorker$1::call (10 bytes)

Stack: [0x0000007236c00000,0x0000007236d00000],  sp=0x0000007236cfb280,  free space=1004k
Native frames: (J=compiled Java code, j=interpreted, Vv=VM code, C=native code)
V  [jvm.dll+0x2be0a9]
V  [jvm.dll+0x21ba8b]
V  [jvm.dll+0x21944b]
V  [jvm.dll+0x1a56b6]
V  [jvm.dll+0x2291ea]
V  [jvm.dll+0x22724c]
V  [jvm.dll+0x7efd0c]
V  [jvm.dll+0x7ea13a]
V  [jvm.dll+0x67ad85]
C  [ucrtbase.dll+0x21bb2]
C  [KERNEL32.DLL+0x17374]
C  [ntdll.dll+0x4cc91]


siginfo: EXCEPTION_ACCESS_VIOLATION (0xc0000005), reading address 0x0000000000000028


Register to memory mapping:

RIP=0x00007ffa2486e0a9 jvm.dll
RAX=0x000001bc5dc0e280 points into unknown readable memory: 0x0000000000000000 | 00 00 00 00 00 00 00 00
RBX=0x000000000000180d is an unknown value
RCX=0x0 is NULL
RDX=0x0 is NULL
RSP=0x0000007236cfb280 is pointing into the stack for thread: 0x000001bc5b5d2a00
RBP=0x0000007236cfb2f0 is pointing into the stack for thread: 0x000001bc5b5d2a00
RSI=0x0 is NULL
RDI=0x0000000000000048 is an unknown value
R8 =0x000000000000ffe0 is an unknown value
R9 =0x0 is NULL
R10=0x00007ffa65b80000 VCRUNTIME140.dll
R11=0x000001bc5dc0e2a0 points into unknown readable memory: 0x0000000000000000 | 00 00 00 00 00 00 00 00
R12=0x0000000000000050 is an unknown value
R13=0x0 is NULL
R14=0x0 is NULL
R15=0x0000007236cfe4a0 is pointing into the stack for thread: 0x000001bc5b5d2a00


Registers:
RAX=0x000001bc5dc0e280, RBX=0x000000000000180d, RCX=0x0000000000000000, RDX=0x0000000000000000
RSP=0x0000007236cfb280, RBP=0x0000007236cfb2f0, RSI=0x0000000000000000, RDI=0x0000000000000048
R8 =0x000000000000ffe0, R9 =0x0000000000000000, R10=0x00007ffa65b80000, R11=0x000001bc5dc0e2a0
R12=0x0000000000000050, R13=0x0000000000000000, R14=0x0000000000000000, R15=0x0000007236cfe4a0
RIP=0x00007ffa2486e0a9, EFLAGS=0x0000000000010202

Top of Stack: (sp=0x0000007236cfb280)
0x0000007236cfb280:   000000000000180d 0000000000000000
0x0000007236cfb290:   0000007236cfe4a0 00007ffa247d38d1
0x0000007236cfb2a0:   000001bc5cb2f570 00007ffa00002000
0x0000007236cfb2b0:   000001bc5dc0e280 000001bc00000000
0x0000007236cfb2c0:   0000000000000002 000001bc6474c630
0x0000007236cfb2d0:   0000000000000002 000001bc5cb2f570
0x0000007236cfb2e0:   0000000000000000 0000000000000000
0x0000007236cfb2f0:   000001bc5afb28f0 000001bc1bce3980
0x0000007236cfb300:   0000000000000048 00007ffa24ef4c08
0x0000007236cfb310:   0000007236cfb420 00007ffa247cba8b
0x0000007236cfb320:   0000007236cfe4a0 00007ffa24ef4c08
0x0000007236cfb330:   0000007236cfe4a0 0000007236cfb420
0x0000007236cfb340:   0000007200000000 0000007236cff000
0x0000007236cfb350:   000000720000000f 0000007236cfe4a0
0x0000007236cfb360:   0000007236cfb4d0 00007ffa00000000
0x0000007236cfb370:   000001bc00000100 00007ffa24ef4c08 

Instructions: (pc=0x00007ffa2486e0a9)
0x00007ffa2486dfa9:   3b d0 75 0b ff c1 41 3b c9 7c dc 48 8b c2 c3 33
0x00007ffa2486dfb9:   c0 c3 cc cc cc cc cc 48 89 5c 24 18 55 56 57 41
0x00007ffa2486dfc9:   55 41 57 48 8b ec 48 83 ec 70 65 48 8b 04 25 58
0x00007ffa2486dfd9:   00 00 00 48 8b f2 44 8b 05 d2 8b 90 00 4c 8b f9
0x00007ffa2486dfe9:   4a 8b 1c c0 b8 50 00 00 00 80 3c 18 00 75 05 e8
0x00007ffa2486dff9:   8b 6f 5d 00 b8 20 00 00 00 48 8b 04 18 48 8b 98
0x00007ffa2486e009:   38 02 00 00 48 89 5d b0 c7 45 b8 04 00 00 00 48
0x00007ffa2486e019:   8b 43 18 48 83 f8 df 76 18 4c 8d 05 37 a9 65 00
0x00007ffa2486e029:   ba 20 00 00 00 48 8b cb e8 5a eb de ff 48 8b 43
0x00007ffa2486e039:   18 48 8d 48 20 48 3b 4b 20 76 11 45 33 c0 48 8b
0x00007ffa2486e049:   cb 41 8d 50 20 e8 fd e8 de ff eb 04 48 89 4b 18
0x00007ffa2486e059:   44 8b 45 b8 33 d2 49 c1 e0 03 48 8b c8 48 89 45
0x00007ffa2486e069:   c0 e8 e3 80 5d 00 45 33 ed 48 8d 4d d0 44 89 6d
0x00007ffa2486e079:   c8 e8 01 59 56 00 41 8b 9f 40 02 00 00 41 2b 9f
0x00007ffa2486e089:   68 02 00 00 44 89 6d f0 3b 5d b8 72 0b 8b d3 48
0x00007ffa2486e099:   8d 4d b0 e8 6f b3 39 00 48 8b 45 c0 4c 89 2c d8
0x00007ffa2486e0a9:   8b 7e 28 8b df c1 eb 05 3b 5d d0 72 0b 8b d3 48
0x00007ffa2486e0b9:   8d 4d d0 e8 1f 59 56 00 48 8b 45 d8 83 e7 1f 48
0x00007ffa2486e0c9:   8d 14 98 40 0f b6 cf 41 b8 01 00 00 00 41 d3 e0
0x00007ffa2486e0d9:   8b 0a 8b c1 41 0b c0 89 02 41 85 c8 75 21 8b 5d
0x00007ffa2486e0e9:   c8 8d 43 01 89 45 c8 3b 5d b8 72 0b 8b d3 48 8d
0x00007ffa2486e0f9:   4d b0 e8 10 b3 39 00 48 8b 45 c0 48 89 34 d8 44
0x00007ffa2486e109:   39 6d c8 0f 86 77 01 00 00 4c 89 a4 24 a0 00 00
0x00007ffa2486e119:   00 4c 89 b4 24 a8 00 00 00 48 8b 45 c0 41 8b cd
0x00007ffa2486e129:   48 8b 34 c8 8b 46 2c 25 ff 1f 00 00 3d 04 10 00
0x00007ffa2486e139:   00 0f 85 a7 00 00 00 bb 01 00 00 00 39 5e 18 76
0x00007ffa2486e149:   39 66 0f 1f 44 00 00 48 8b 46 08 8b cb 48 8b 14
0x00007ffa2486e159:   c8 48 85 d2 74 1d 48 83 7a 10 00 74 16 80 7a 2c
0x00007ffa2486e169:   84 74 10 e8 7f 7e ee ff 48 8b d0 49 8b cf e8 a4
0x00007ffa2486e179:   61 f6 ff ff c3 3b 5e 18 72 cd 48 8b 5e 10 8b 46
0x00007ffa2486e189:   20 4c 8d 34 c3 49 3b de 73 54 48 8b 3b 8b 47 2c
0x00007ffa2486e199:   83 e0 03 3c 03 75 2e 48 8b 07 48 8b cf ff 90 88 


Stack slot to memory mapping:
stack at sp + 0 slots: 0x000000000000180d is an unknown value
stack at sp + 1 slots: 0x0 is NULL
stack at sp + 2 slots: 0x0000007236cfe4a0 is pointing into the stack for thread: 0x000001bc5b5d2a00
stack at sp + 3 slots: 0x00007ffa247d38d1 jvm.dll
stack at sp + 4 slots: 0x000001bc5cb2f570 points into unknown readable memory: 0x0000000000000006 | 06 00 00 00 00 00 00 00
stack at sp + 5 slots: 0x00007ffa00002000 is an unknown value
stack at sp + 6 slots: 0x000001bc5dc0e280 points into unknown readable memory: 0x0000000000000000 | 00 00 00 00 00 00 00 00
stack at sp + 7 slots: 0x000001bc00000000 is an unknown value


---------------  P R O C E S S  ---------------

Threads class SMR info:
_java_thread_list=0x000001bc64e45e10, length=90, elements={
0x000001bc1bccae70, 0x000001bc39866960, 0x000001bc39867e90, 0x000001bc3987bb70,
0x000001bc3987e810, 0x000001bc39880c90, 0x000001bc39881d00, 0x000001bc398ae050,
0x000001bc398b3540, 0x000001bc398b7f80, 0x000001bc39ab4d60, 0x000001bc39ba9b60,
0x000001bc5a30b830, 0x000001bc5a840600, 0x000001bc5a8489c0, 0x000001bc5a7b2210,
0x000001bc5abbcbf0, 0x000001bc59f861d0, 0x000001bc59f87610, 0x000001bc59f866e0,
0x000001bc59f86bf0, 0x000001bc59f83e60, 0x000001bc59f84d90, 0x000001bc59f852a0,
0x000001bc59f857b0, 0x000001bc5c3ebd60, 0x000001bc5c3ef510, 0x000001bc5c3eeaf0,
0x000001bc5c3ee0d0, 0x000001bc5c3ee5e0, 0x000001bc5c3ef000, 0x000001bc5c3ec270,
0x000001bc5c3eb340, 0x000001bc5c3ed1a0, 0x000001bc5c3e8ac0, 0x000001bc5c3e99f0,
0x000001bc5c3ed6b0, 0x000001bc5c3e8fd0, 0x000001bc5c3e94e0, 0x000001bc5c3edbc0,
0x000001bc5d511550, 0x000001bc5d514d00, 0x000001bc5d5138c0, 0x000001bc5d512ea0,
0x000001bc5d510b30, 0x000001bc5d50f6f0, 0x000001bc5d50ecd0, 0x000001bc5d5133b0,
0x000001bc5d515720, 0x000001bc5d513dd0, 0x000001bc5d50f1e0, 0x000001bc5d511040,
0x000001bc5d510620, 0x000001bc5d511f70, 0x000001bc5d512480, 0x000001bc5d510110,
0x000001bc5d5142e0, 0x000001bc5d515210, 0x000001bc5d512990, 0x000001bc5d515c30,
0x000001bc5d50e7c0, 0x000001bc5c10e9e0, 0x000001bc5c10e4d0, 0x000001bc5c1084a0,
0x000001bc5c10cb80, 0x000001bc5c10eef0, 0x000001bc5c108ec0, 0x000001bc5c1093d0,
0x000001bc5c107a80, 0x000001bc5c1089b0, 0x000001bc5c10bc50, 0x000001bc5c1098e0,
0x000001bc5c10f400, 0x000001bc5c109df0, 0x000001bc5c10b230, 0x000001bc5c10a810,
0x000001bc5c10d090, 0x000001bc5c10a300, 0x000001bc5c10dfc0, 0x000001bc5c10ad20,
0x000001bc5c10c670, 0x000001bc5c107f90, 0x000001bc5c10d5a0, 0x000001bc5c10b740,
0x000001bc5c10dab0, 0x000001bc5d5bb2f0, 0x000001bc5d5bb800, 0x000001bc5d5ba3c0,
0x000001bc5d5b48a0, 0x000001bc5b5d2a00
}

Java Threads: ( => current thread )
  0x000001bc1bccae70 JavaThread "main" [_thread_blocked, id=17348, stack(0x0000007230700000,0x0000007230800000)]
  0x000001bc39866960 JavaThread "Reference Handler" daemon [_thread_blocked, id=7840, stack(0x0000007230e00000,0x0000007230f00000)]
  0x000001bc39867e90 JavaThread "Finalizer" daemon [_thread_blocked, id=11864, stack(0x0000007230f00000,0x0000007231000000)]
  0x000001bc3987bb70 JavaThread "Signal Dispatcher" daemon [_thread_blocked, id=5048, stack(0x0000007231000000,0x0000007231100000)]
  0x000001bc3987e810 JavaThread "Attach Listener" daemon [_thread_blocked, id=11360, stack(0x0000007231100000,0x0000007231200000)]
  0x000001bc39880c90 JavaThread "Service Thread" daemon [_thread_blocked, id=3256, stack(0x0000007231200000,0x0000007231300000)]
  0x000001bc39881d00 JavaThread "Monitor Deflation Thread" daemon [_thread_blocked, id=15140, stack(0x0000007231300000,0x0000007231400000)]
  0x000001bc398ae050 JavaThread "C2 CompilerThread0" daemon [_thread_in_native, id=10960, stack(0x0000007231400000,0x0000007231500000)]
  0x000001bc398b3540 JavaThread "C1 CompilerThread0" daemon [_thread_blocked, id=7528, stack(0x0000007231500000,0x0000007231600000)]
  0x000001bc398b7f80 JavaThread "Sweeper thread" daemon [_thread_blocked, id=16940, stack(0x0000007231600000,0x0000007231700000)]
  0x000001bc39ab4d60 JavaThread "Common-Cleaner" daemon [_thread_blocked, id=7384, stack(0x0000007231700000,0x0000007231800000)]
  0x000001bc39ba9b60 JavaThread "Notification Thread" daemon [_thread_blocked, id=15752, stack(0x0000007231800000,0x0000007231900000)]
  0x000001bc5a30b830 JavaThread "Daemon health stats" [_thread_blocked, id=16416, stack(0x0000007231d00000,0x0000007231e00000)]
  0x000001bc5a840600 JavaThread "Incoming local TCP Connector on port 62750" [_thread_in_native, id=17008, stack(0x0000007231e00000,0x0000007231f00000)]
  0x000001bc5a8489c0 JavaThread "Daemon periodic checks" [_thread_blocked, id=13736, stack(0x0000007231f00000,0x0000007232000000)]
  0x000001bc5a7b2210 JavaThread "Daemon" [_thread_blocked, id=12660, stack(0x0000007232100000,0x0000007232200000)]
  0x000001bc5abbcbf0 JavaThread "Handler for socket connection from /127.0.0.1:62750 to /127.0.0.1:62751" [_thread_in_native, id=13200, stack(0x0000007232200000,0x0000007232300000)]
  0x000001bc59f861d0 JavaThread "Cancel handler" [_thread_blocked, id=10544, stack(0x0000007232300000,0x0000007232400000)]
  0x000001bc59f87610 JavaThread "Daemon worker" [_thread_in_native, id=15316, stack(0x0000007232400000,0x0000007232500000)]
  0x000001bc59f866e0 JavaThread "Asynchronous log dispatcher for DefaultDaemonConnection: socket connection from /127.0.0.1:62750 to /127.0.0.1:62751" [_thread_blocked, id=9440, stack(0x0000007232500000,0x0000007232600000)]
  0x000001bc59f86bf0 JavaThread "Stdin handler" [_thread_blocked, id=12216, stack(0x0000007232600000,0x0000007232700000)]
  0x000001bc59f83e60 JavaThread "Daemon client event forwarder" [_thread_blocked, id=5496, stack(0x0000007232700000,0x0000007232800000)]
  0x000001bc59f84d90 JavaThread "Cache worker for journal cache (C:\Users\user\.gradle\caches\journal-1)" [_thread_blocked, id=16764, stack(0x0000007232000000,0x0000007232100000)]
  0x000001bc59f852a0 JavaThread "File lock request listener" [_thread_in_native, id=15344, stack(0x0000007232800000,0x0000007232900000)]
  0x000001bc59f857b0 JavaThread "Cache worker for file hash cache (C:\Users\user\.gradle\caches\8.8\fileHashes)" [_thread_in_Java, id=13448, stack(0x0000007232900000,0x0000007232a00000)]
  0x000001bc5c3ebd60 JavaThread "Cache worker for file hash cache (D:\S.E\Bootcamp\techloset\EventLister\android\.gradle\8.8\fileHashes)" [_thread_blocked, id=6932, stack(0x0000007232a00000,0x0000007232b00000)]
  0x000001bc5c3ef510 JavaThread "File watcher server" daemon [_thread_in_native, id=1584, stack(0x0000007232b00000,0x0000007232c00000)]
  0x000001bc5c3eeaf0 JavaThread "File watcher consumer" daemon [_thread_blocked, id=13836, stack(0x0000007232c00000,0x0000007232d00000)]
  0x000001bc5c3ee0d0 JavaThread "Cache worker for checksums cache (D:\S.E\Bootcamp\techloset\EventLister\android\.gradle\8.8\checksums)" [_thread_blocked, id=8012, stack(0x0000007232d00000,0x0000007232e00000)]
  0x000001bc5c3ee5e0 JavaThread "Cache worker for file content cache (C:\Users\user\.gradle\caches\8.8\fileContent)" [_thread_blocked, id=13800, stack(0x0000007232e00000,0x0000007232f00000)]
  0x000001bc5c3ef000 JavaThread "Cache worker for cache directory md-rule (C:\Users\user\.gradle\caches\8.8\md-rule)" [_thread_blocked, id=15600, stack(0x0000007233000000,0x0000007233100000)]
  0x000001bc5c3ec270 JavaThread "Cache worker for cache directory md-supplier (C:\Users\user\.gradle\caches\8.8\md-supplier)" [_thread_blocked, id=9876, stack(0x0000007233100000,0x0000007233200000)]
  0x000001bc5c3eb340 JavaThread "jar transforms" [_thread_blocked, id=11500, stack(0x0000007233200000,0x0000007233300000)]
  0x000001bc5c3ed1a0 JavaThread "Unconstrained build operations" [_thread_blocked, id=10180, stack(0x0000007233400000,0x0000007233500000)]
  0x000001bc5c3e8ac0 JavaThread "Unconstrained build operations Thread 2" [_thread_blocked, id=10456, stack(0x0000007233500000,0x0000007233600000)]
  0x000001bc5c3e99f0 JavaThread "Unconstrained build operations Thread 3" [_thread_blocked, id=9540, stack(0x0000007233600000,0x0000007233700000)]
  0x000001bc5c3ed6b0 JavaThread "Unconstrained build operations Thread 4" [_thread_blocked, id=14780, stack(0x0000007233700000,0x0000007233800000)]
  0x000001bc5c3e8fd0 JavaThread "Unconstrained build operations Thread 5" [_thread_blocked, id=10188, stack(0x0000007233800000,0x0000007233900000)]
  0x000001bc5c3e94e0 JavaThread "Unconstrained build operations Thread 6" [_thread_blocked, id=7364, stack(0x0000007233900000,0x0000007233a00000)]
  0x000001bc5c3edbc0 JavaThread "Cache worker for Build Output Cleanup Cache (D:\S.E\Bootcamp\techloset\EventLister\node_modules\@react-native\gradle-plugin\.gradle\buildOutputCleanup)" [_thread_blocked, id=12236, stack(0x0000007233a00000,0x0000007233b00000)]
  0x000001bc5d511550 JavaThread "Unconstrained build operations Thread 7" [_thread_blocked, id=16788, stack(0x0000007233b00000,0x0000007233c00000)]
  0x000001bc5d514d00 JavaThread "Unconstrained build operations Thread 8" [_thread_blocked, id=15620, stack(0x0000007233c00000,0x0000007233d00000)]
  0x000001bc5d5138c0 JavaThread "Unconstrained build operations Thread 9" [_thread_blocked, id=12596, stack(0x0000007233d00000,0x0000007233e00000)]
  0x000001bc5d512ea0 JavaThread "Unconstrained build operations Thread 10" [_thread_blocked, id=12908, stack(0x0000007233e00000,0x0000007233f00000)]
  0x000001bc5d510b30 JavaThread "Unconstrained build operations Thread 11" [_thread_blocked, id=8240, stack(0x0000007233f00000,0x0000007234000000)]
  0x000001bc5d50f6f0 JavaThread "Unconstrained build operations Thread 12" [_thread_blocked, id=10516, stack(0x0000007234000000,0x0000007234100000)]
  0x000001bc5d50ecd0 JavaThread "Unconstrained build operations Thread 13" [_thread_blocked, id=15392, stack(0x0000007234100000,0x0000007234200000)]
  0x000001bc5d5133b0 JavaThread "Unconstrained build operations Thread 14" [_thread_blocked, id=11572, stack(0x0000007234200000,0x0000007234300000)]
  0x000001bc5d515720 JavaThread "Unconstrained build operations Thread 15" [_thread_blocked, id=10732, stack(0x0000007234300000,0x0000007234400000)]
  0x000001bc5d513dd0 JavaThread "Memory manager" [_thread_blocked, id=13700, stack(0x0000007234400000,0x0000007234500000)]
  0x000001bc5d50f1e0 JavaThread "build event listener" [_thread_blocked, id=7136, stack(0x0000007234500000,0x0000007234600000)]
  0x000001bc5d511040 JavaThread "ForkJoinPool.commonPool-worker-1" daemon [_thread_blocked, id=9584, stack(0x0000007232f00000,0x0000007233000000)]
  0x000001bc5d510620 JavaThread "ForkJoinPool.commonPool-worker-2" daemon [_thread_blocked, id=13956, stack(0x0000007234600000,0x0000007234700000)]
  0x000001bc5d511f70 JavaThread "ForkJoinPool.commonPool-worker-3" daemon [_thread_blocked, id=8780, stack(0x0000007234700000,0x0000007234800000)]
  0x000001bc5d512480 JavaThread "included builds" [_thread_blocked, id=15244, stack(0x0000007234800000,0x0000007234900000)]
  0x000001bc5d510110 JavaThread "Execution worker" [_thread_blocked, id=13808, stack(0x0000007234900000,0x0000007234a00000)]
  0x000001bc5d5142e0 JavaThread "Execution worker Thread 2" [_thread_blocked, id=12180, stack(0x0000007234a00000,0x0000007234b00000)]
  0x000001bc5d515210 JavaThread "Execution worker Thread 3" [_thread_blocked, id=10712, stack(0x0000007234b00000,0x0000007234c00000)]
  0x000001bc5d512990 JavaThread "Cache worker for execution history cache (D:\S.E\Bootcamp\techloset\EventLister\node_modules\@react-native\gradle-plugin\.gradle\8.8\executionHistory)" [_thread_blocked, id=6252, stack(0x0000007234c00000,0x0000007234d00000)]
  0x000001bc5d515c30 JavaThread "Unconstrained build operations Thread 16" [_thread_blocked, id=5972, stack(0x0000007234d00000,0x0000007234e00000)]
  0x000001bc5d50e7c0 JavaThread "Unconstrained build operations Thread 17" [_thread_blocked, id=7672, stack(0x0000007234e00000,0x0000007234f00000)]
  0x000001bc5c10e9e0 JavaThread "Unconstrained build operations Thread 18" [_thread_blocked, id=3640, stack(0x0000007234f00000,0x0000007235000000)]
  0x000001bc5c10e4d0 JavaThread "Unconstrained build operations Thread 19" [_thread_blocked, id=3028, stack(0x0000007235000000,0x0000007235100000)]
  0x000001bc5c1084a0 JavaThread "Unconstrained build operations Thread 20" [_thread_blocked, id=3428, stack(0x0000007235100000,0x0000007235200000)]
  0x000001bc5c10cb80 JavaThread "Unconstrained build operations Thread 21" [_thread_in_Java, id=12996, stack(0x0000007235200000,0x0000007235300000)]
  0x000001bc5c10eef0 JavaThread "Unconstrained build operations Thread 22" [_thread_in_native, id=12992, stack(0x0000007235300000,0x0000007235400000)]
  0x000001bc5c108ec0 JavaThread "Unconstrained build operations Thread 23" [_thread_in_native, id=5896, stack(0x0000007235400000,0x0000007235500000)]
  0x000001bc5c1093d0 JavaThread "Unconstrained build operations Thread 24" [_thread_blocked, id=13920, stack(0x0000007235500000,0x0000007235600000)]
  0x000001bc5c107a80 JavaThread "Unconstrained build operations Thread 25" [_thread_blocked, id=2168, stack(0x0000007235600000,0x0000007235700000)]
  0x000001bc5c1089b0 JavaThread "Unconstrained build operations Thread 26" [_thread_blocked, id=9500, stack(0x0000007235700000,0x0000007235800000)]
  0x000001bc5c10bc50 JavaThread "Unconstrained build operations Thread 27" [_thread_blocked, id=16616, stack(0x0000007235800000,0x0000007235900000)]
  0x000001bc5c1098e0 JavaThread "Unconstrained build operations Thread 28" [_thread_blocked, id=852, stack(0x0000007235900000,0x0000007235a00000)]
  0x000001bc5c10f400 JavaThread "Unconstrained build operations Thread 29" [_thread_blocked, id=10344, stack(0x0000007235a00000,0x0000007235b00000)]
  0x000001bc5c109df0 JavaThread "Unconstrained build operations Thread 30" [_thread_blocked, id=7668, stack(0x0000007235b00000,0x0000007235c00000)]
  0x000001bc5c10b230 JavaThread "Unconstrained build operations Thread 31" [_thread_blocked, id=9016, stack(0x0000007235c00000,0x0000007235d00000)]
  0x000001bc5c10a810 JavaThread "Unconstrained build operations Thread 32" [_thread_blocked, id=2948, stack(0x0000007235d00000,0x0000007235e00000)]
  0x000001bc5c10d090 JavaThread "Unconstrained build operations Thread 33" [_thread_blocked, id=8448, stack(0x0000007235e00000,0x0000007235f00000)]
  0x000001bc5c10a300 JavaThread "Unconstrained build operations Thread 34" [_thread_blocked, id=12108, stack(0x0000007235f00000,0x0000007236000000)]
  0x000001bc5c10dfc0 JavaThread "Unconstrained build operations Thread 35" [_thread_blocked, id=10744, stack(0x0000007236000000,0x0000007236100000)]
  0x000001bc5c10ad20 JavaThread "Unconstrained build operations Thread 36" [_thread_blocked, id=9640, stack(0x0000007236100000,0x0000007236200000)]
  0x000001bc5c10c670 JavaThread "jar transforms Thread 2" [_thread_blocked, id=4668, stack(0x0000007236200000,0x0000007236300000)]
  0x000001bc5c107f90 JavaThread "Cache worker for Build Output Cleanup Cache (D:\S.E\Bootcamp\techloset\EventLister\android\.gradle\buildOutputCleanup)" [_thread_blocked, id=11344, stack(0x0000007236600000,0x0000007236700000)]
  0x000001bc5c10d5a0 JavaThread "jar transforms Thread 3" [_thread_blocked, id=16888, stack(0x0000007236700000,0x0000007236800000)]
  0x000001bc5c10b740 JavaThread "Unconstrained build operations Thread 37" [_thread_blocked, id=2932, stack(0x0000007236800000,0x0000007236900000)]
  0x000001bc5c10dab0 JavaThread "Unconstrained build operations Thread 38" [_thread_blocked, id=9744, stack(0x0000007236900000,0x0000007236a00000)]
  0x000001bc5d5bb2f0 JavaThread "Unconstrained build operations Thread 39" [_thread_blocked, id=15664, stack(0x0000007236a00000,0x0000007236b00000)]
  0x000001bc5d5bb800 JavaThread "Unconstrained build operations Thread 40" [_thread_blocked, id=7260, stack(0x0000007236b00000,0x0000007236c00000)]
  0x000001bc5d5ba3c0 JavaThread "jar transforms Thread 4" [_thread_blocked, id=13168, stack(0x0000007236500000,0x0000007236600000)]
  0x000001bc5d5b48a0 JavaThread "build event listener" [_thread_blocked, id=11340, stack(0x0000007236d00000,0x0000007236e00000)]
=>0x000001bc5b5d2a00 JavaThread "C2 CompilerThread1" daemon [_thread_in_native, id=9108, stack(0x0000007236c00000,0x0000007236d00000)]

Other Threads:
  0x000001bc3985e270 VMThread "VM Thread" [stack: 0x0000007230d00000,0x0000007230e00000] [id=10660]
  0x000001bc39bc4500 WatcherThread [stack: 0x0000007231900000,0x0000007231a00000] [id=3524]
  0x000001bc19c0e9d0 GCTaskThread "GC Thread#0" [stack: 0x0000007230800000,0x0000007230900000] [id=2540]
  0x000001bc59031260 GCTaskThread "GC Thread#1" [stack: 0x0000007231a00000,0x0000007231b00000] [id=2576]
  0x000001bc59031520 GCTaskThread "GC Thread#2" [stack: 0x0000007231b00000,0x0000007231c00000] [id=11592]
  0x000001bc596e1be0 GCTaskThread "GC Thread#3" [stack: 0x0000007231c00000,0x0000007231d00000] [id=6748]
  0x000001bc1bd36a50 ConcurrentGCThread "G1 Main Marker" [stack: 0x0000007230900000,0x0000007230a00000] [id=13428]
  0x000001bc1bd37b10 ConcurrentGCThread "G1 Conc#0" [stack: 0x0000007230a00000,0x0000007230b00000] [id=13064]
  0x000001bc397220c0 ConcurrentGCThread "G1 Refine#0" [stack: 0x0000007230b00000,0x0000007230c00000] [id=7096]
  0x000001bc5b103930 ConcurrentGCThread "G1 Refine#1" [stack: 0x0000007233300000,0x0000007233400000] [id=11948]
  0x000001bc39722a00 ConcurrentGCThread "G1 Service" [stack: 0x0000007230c00000,0x0000007230d00000] [id=15232]

Threads with active compile tasks:
C2 CompilerThread0    55742 12843       4       org.gradle.cache.internal.AsyncCacheAccessDecoratedCache$$Lambda$533/0x000001bc3b4811d0::create (12 bytes)
C2 CompilerThread1    55742 12842       4       org.gradle.cache.internal.ExclusiveCacheAccessingWorker$1::call (10 bytes)

VM state: not at safepoint (normal execution)

VM Mutex/Monitor currently owned by a thread: None

Heap address: 0x0000000080000000, size: 2048 MB, Compressed Oops mode: 32-bit

CDS archive(s) mapped at: [0x000001bc3a000000-0x000001bc3abd0000-0x000001bc3abd0000), size 12386304, SharedBaseAddress: 0x000001bc3a000000, ArchiveRelocationMode: 1.
Compressed class space mapped at: 0x000001bc3b000000-0x000001bc55000000, reserved size: 436207616
Narrow klass base: 0x000001bc3a000000, Narrow klass shift: 0, Narrow klass range: 0x100000000

GC Precious Log:
 CPUs: 4 total, 4 available
 Memory: 8064M
 Large Page Support: Disabled
 NUMA Support: Disabled
 Compressed Oops: Enabled (32-bit)
 Heap Region Size: 1M
 Heap Min Capacity: 8M
 Heap Initial Capacity: 128M
 Heap Max Capacity: 2G
 Pre-touch: Disabled
 Parallel Workers: 4
 Concurrent Workers: 1
 Concurrent Refinement Workers: 4
 Periodic GC: Disabled

Heap:
 garbage-first heap   total 199680K, used 144979K [0x0000000080000000, 0x0000000100000000)
  region size 1024K, 26 young (26624K), 6 survivors (6144K)
 Metaspace       used 94267K, committed 95232K, reserved 557056K
  class space    used 13271K, committed 13760K, reserved 425984K

Heap Regions: E=young(eden), S=young(survivor), O=old, HS=humongous(starts), HC=humongous(continues), CS=collection set, F=free, OA=open archive, CA=closed archive, TAMS=top-at-mark-start (previous, next)
|   0|0x0000000080000000, 0x0000000080100000, 0x0000000080100000|100%|HS|  |TAMS 0x0000000080100000, 0x0000000080000000| Complete 
|   1|0x0000000080100000, 0x0000000080200000, 0x0000000080200000|100%|HC|  |TAMS 0x0000000080200000, 0x0000000080100000| Complete 
|   2|0x0000000080200000, 0x0000000080300000, 0x0000000080300000|100%|HC|  |TAMS 0x0000000080300000, 0x0000000080200000| Complete 
|   3|0x0000000080300000, 0x0000000080400000, 0x0000000080400000|100%|HC|  |TAMS 0x0000000080400000, 0x0000000080300000| Complete 
|   4|0x0000000080400000, 0x0000000080500000, 0x0000000080500000|100%| O|  |TAMS 0x0000000080500000, 0x0000000080400000| Untracked 
|   5|0x0000000080500000, 0x0000000080600000, 0x0000000080600000|100%| O|  |TAMS 0x0000000080600000, 0x0000000080500000| Untracked 
|   6|0x0000000080600000, 0x0000000080700000, 0x0000000080700000|100%| O|  |TAMS 0x0000000080700000, 0x0000000080600000| Untracked 
|   7|0x0000000080700000, 0x0000000080800000, 0x0000000080800000|100%| O|  |TAMS 0x0000000080800000, 0x0000000080700000| Untracked 
|   8|0x0000000080800000, 0x0000000080900000, 0x0000000080900000|100%| O|  |TAMS 0x0000000080900000, 0x0000000080800000| Untracked 
|   9|0x0000000080900000, 0x0000000080a00000, 0x0000000080a00000|100%| O|  |TAMS 0x0000000080a00000, 0x0000000080900000| Untracked 
|  10|0x0000000080a00000, 0x0000000080b00000, 0x0000000080b00000|100%| O|  |TAMS 0x0000000080b00000, 0x0000000080a00000| Untracked 
|  11|0x0000000080b00000, 0x0000000080c00000, 0x0000000080c00000|100%|HS|  |TAMS 0x0000000080c00000, 0x0000000080b00000| Complete 
|  12|0x0000000080c00000, 0x0000000080d00000, 0x0000000080d00000|100%| O|  |TAMS 0x0000000080d00000, 0x0000000080c00000| Untracked 
|  13|0x0000000080d00000, 0x0000000080e00000, 0x0000000080e00000|100%| O|  |TAMS 0x0000000080e00000, 0x0000000080d00000| Untracked 
|  14|0x0000000080e00000, 0x0000000080f00000, 0x0000000080f00000|100%| O|  |TAMS 0x0000000080f00000, 0x0000000080e00000| Untracked 
|  15|0x0000000080f00000, 0x0000000081000000, 0x0000000081000000|100%| O|  |TAMS 0x0000000081000000, 0x0000000080f00000| Untracked 
|  16|0x0000000081000000, 0x0000000081100000, 0x0000000081100000|100%| O|  |TAMS 0x0000000081100000, 0x0000000081000000| Untracked 
|  17|0x0000000081100000, 0x0000000081200000, 0x0000000081200000|100%| O|  |TAMS 0x0000000081200000, 0x0000000081100000| Untracked 
|  18|0x0000000081200000, 0x0000000081300000, 0x0000000081300000|100%| O|  |TAMS 0x0000000081300000, 0x0000000081200000| Untracked 
|  19|0x0000000081300000, 0x0000000081400000, 0x0000000081400000|100%| O|  |TAMS 0x0000000081400000, 0x0000000081300000| Untracked 
|  20|0x0000000081400000, 0x0000000081500000, 0x0000000081500000|100%| O|  |TAMS 0x0000000081500000, 0x0000000081400000| Untracked 
|  21|0x0000000081500000, 0x0000000081600000, 0x0000000081600000|100%| O|  |TAMS 0x0000000081600000, 0x0000000081500000| Untracked 
|  22|0x0000000081600000, 0x0000000081700000, 0x0000000081700000|100%| O|  |TAMS 0x0000000081700000, 0x0000000081600000| Untracked 
|  23|0x0000000081700000, 0x0000000081800000, 0x0000000081800000|100%| O|  |TAMS 0x0000000081800000, 0x0000000081700000| Untracked 
|  24|0x0000000081800000, 0x0000000081900000, 0x0000000081900000|100%| O|  |TAMS 0x0000000081900000, 0x0000000081800000| Untracked 
|  25|0x0000000081900000, 0x0000000081a00000, 0x0000000081a00000|100%| O|  |TAMS 0x0000000081a00000, 0x0000000081900000| Untracked 
|  26|0x0000000081a00000, 0x0000000081b00000, 0x0000000081b00000|100%| O|  |TAMS 0x0000000081b00000, 0x0000000081a00000| Untracked 
|  27|0x0000000081b00000, 0x0000000081c00000, 0x0000000081c00000|100%| O|  |TAMS 0x0000000081c00000, 0x0000000081b00000| Untracked 
|  28|0x0000000081c00000, 0x0000000081d00000, 0x0000000081d00000|100%| O|  |TAMS 0x0000000081d00000, 0x0000000081c00000| Untracked 
|  29|0x0000000081d00000, 0x0000000081e00000, 0x0000000081e00000|100%| O|  |TAMS 0x0000000081e00000, 0x0000000081d00000| Untracked 
|  30|0x0000000081e00000, 0x0000000081f00000, 0x0000000081f00000|100%| O|  |TAMS 0x0000000081f00000, 0x0000000081e00000| Untracked 
|  31|0x0000000081f00000, 0x0000000082000000, 0x0000000082000000|100%| O|  |TAMS 0x0000000082000000, 0x0000000081f00000| Untracked 
|  32|0x0000000082000000, 0x0000000082100000, 0x0000000082100000|100%| O|  |TAMS 0x0000000082100000, 0x0000000082000000| Untracked 
|  33|0x0000000082100000, 0x0000000082200000, 0x0000000082200000|100%| O|  |TAMS 0x0000000082200000, 0x0000000082100000| Untracked 
|  34|0x0000000082200000, 0x0000000082300000, 0x0000000082300000|100%| O|  |TAMS 0x0000000082300000, 0x0000000082200000| Untracked 
|  35|0x0000000082300000, 0x0000000082400000, 0x0000000082400000|100%| O|  |TAMS 0x0000000082400000, 0x0000000082300000| Untracked 
|  36|0x0000000082400000, 0x0000000082500000, 0x0000000082500000|100%| O|  |TAMS 0x0000000082500000, 0x0000000082400000| Untracked 
|  37|0x0000000082500000, 0x0000000082600000, 0x0000000082600000|100%| O|  |TAMS 0x0000000082600000, 0x0000000082500000| Untracked 
|  38|0x0000000082600000, 0x0000000082700000, 0x0000000082700000|100%| O|  |TAMS 0x0000000082700000, 0x0000000082600000| Untracked 
|  39|0x0000000082700000, 0x0000000082800000, 0x0000000082800000|100%| O|  |TAMS 0x0000000082800000, 0x0000000082700000| Untracked 
|  40|0x0000000082800000, 0x0000000082900000, 0x0000000082900000|100%| O|  |TAMS 0x0000000082900000, 0x0000000082800000| Untracked 
|  41|0x0000000082900000, 0x0000000082a00000, 0x0000000082a00000|100%| O|  |TAMS 0x0000000082a00000, 0x0000000082900000| Untracked 
|  42|0x0000000082a00000, 0x0000000082b00000, 0x0000000082b00000|100%|HS|  |TAMS 0x0000000082b00000, 0x0000000082a00000| Complete 
|  43|0x0000000082b00000, 0x0000000082c00000, 0x0000000082c00000|100%| O|  |TAMS 0x0000000082c00000, 0x0000000082b00000| Untracked 
|  44|0x0000000082c00000, 0x0000000082d00000, 0x0000000082d00000|100%|HS|  |TAMS 0x0000000082d00000, 0x0000000082c00000| Complete 
|  45|0x0000000082d00000, 0x0000000082e00000, 0x0000000082e00000|100%|HC|  |TAMS 0x0000000082e00000, 0x0000000082d00000| Complete 
|  46|0x0000000082e00000, 0x0000000082f00000, 0x0000000082f00000|100%|HS|  |TAMS 0x0000000082f00000, 0x0000000082e00000| Complete 
|  47|0x0000000082f00000, 0x0000000083000000, 0x0000000083000000|100%|HC|  |TAMS 0x0000000083000000, 0x0000000082f00000| Complete 
|  48|0x0000000083000000, 0x0000000083100000, 0x0000000083100000|100%|HS|  |TAMS 0x0000000083100000, 0x0000000083000000| Complete 
|  49|0x0000000083100000, 0x0000000083200000, 0x0000000083200000|100%|HC|  |TAMS 0x0000000083200000, 0x0000000083100000| Complete 
|  50|0x0000000083200000, 0x0000000083300000, 0x0000000083300000|100%|HC|  |TAMS 0x0000000083300000, 0x0000000083200000| Complete 
|  51|0x0000000083300000, 0x0000000083400000, 0x0000000083400000|100%|HC|  |TAMS 0x0000000083400000, 0x0000000083300000| Complete 
|  52|0x0000000083400000, 0x0000000083500000, 0x0000000083500000|100%|HS|  |TAMS 0x0000000083500000, 0x0000000083400000| Complete 
|  53|0x0000000083500000, 0x0000000083600000, 0x0000000083600000|100%|HC|  |TAMS 0x0000000083600000, 0x0000000083500000| Complete 
|  54|0x0000000083600000, 0x0000000083700000, 0x0000000083700000|100%|HC|  |TAMS 0x0000000083700000, 0x0000000083600000| Complete 
|  55|0x0000000083700000, 0x0000000083800000, 0x0000000083800000|100%|HC|  |TAMS 0x0000000083800000, 0x0000000083700000| Complete 
|  56|0x0000000083800000, 0x0000000083900000, 0x0000000083900000|100%| O|  |TAMS 0x0000000083900000, 0x0000000083800000| Untracked 
|  57|0x0000000083900000, 0x0000000083a00000, 0x0000000083a00000|100%| O|  |TAMS 0x0000000083a00000, 0x0000000083900000| Untracked 
|  58|0x0000000083a00000, 0x0000000083b00000, 0x0000000083b00000|100%| O|  |TAMS 0x0000000083b00000, 0x0000000083a00000| Untracked 
|  59|0x0000000083b00000, 0x0000000083c00000, 0x0000000083c00000|100%| O|  |TAMS 0x0000000083c00000, 0x0000000083b00000| Untracked 
|  60|0x0000000083c00000, 0x0000000083d00000, 0x0000000083d00000|100%| O|  |TAMS 0x0000000083d00000, 0x0000000083c00000| Untracked 
|  61|0x0000000083d00000, 0x0000000083e00000, 0x0000000083e00000|100%| O|  |TAMS 0x0000000083e00000, 0x0000000083d00000| Untracked 
|  62|0x0000000083e00000, 0x0000000083f00000, 0x0000000083f00000|100%| O|  |TAMS 0x0000000083f00000, 0x0000000083e00000| Untracked 
|  63|0x0000000083f00000, 0x0000000084000000, 0x0000000084000000|100%| O|  |TAMS 0x0000000084000000, 0x0000000083f00000| Untracked 
|  64|0x0000000084000000, 0x0000000084100000, 0x0000000084100000|100%|HS|  |TAMS 0x0000000084100000, 0x0000000084000000| Complete 
|  65|0x0000000084100000, 0x0000000084200000, 0x0000000084200000|100%| O|  |TAMS 0x0000000084100000, 0x0000000084100000| Untracked 
|  66|0x0000000084200000, 0x0000000084300000, 0x0000000084300000|100%| O|  |TAMS 0x0000000084300000, 0x0000000084200000| Untracked 
|  67|0x0000000084300000, 0x0000000084400000, 0x0000000084400000|100%| O|  |TAMS 0x0000000084400000, 0x0000000084300000| Untracked 
|  68|0x0000000084400000, 0x0000000084500000, 0x0000000084500000|100%| O|  |TAMS 0x0000000084500000, 0x0000000084400000| Untracked 
|  69|0x0000000084500000, 0x0000000084600000, 0x0000000084600000|100%| O|  |TAMS 0x0000000084600000, 0x0000000084500000| Untracked 
|  70|0x0000000084600000, 0x0000000084700000, 0x0000000084700000|100%| O|  |TAMS 0x0000000084700000, 0x0000000084600000| Untracked 
|  71|0x0000000084700000, 0x0000000084800000, 0x0000000084800000|100%| O|  |TAMS 0x0000000084800000, 0x0000000084700000| Untracked 
|  72|0x0000000084800000, 0x0000000084900000, 0x0000000084900000|100%| O|  |TAMS 0x0000000084900000, 0x0000000084800000| Untracked 
|  73|0x0000000084900000, 0x0000000084a00000, 0x0000000084a00000|100%| O|  |TAMS 0x0000000084a00000, 0x0000000084900000| Untracked 
|  74|0x0000000084a00000, 0x0000000084b00000, 0x0000000084b00000|100%| O|  |TAMS 0x0000000084b00000, 0x0000000084a00000| Untracked 
|  75|0x0000000084b00000, 0x0000000084c00000, 0x0000000084c00000|100%| O|  |TAMS 0x0000000084c00000, 0x0000000084b00000| Untracked 
|  76|0x0000000084c00000, 0x0000000084d00000, 0x0000000084d00000|100%| O|  |TAMS 0x0000000084d00000, 0x0000000084c00000| Untracked 
|  77|0x0000000084d00000, 0x0000000084e00000, 0x0000000084e00000|100%| O|  |TAMS 0x0000000084e00000, 0x0000000084d00000| Untracked 
|  78|0x0000000084e00000, 0x0000000084f00000, 0x0000000084f00000|100%| O|  |TAMS 0x0000000084f00000, 0x0000000084e00000| Untracked 
|  79|0x0000000084f00000, 0x0000000085000000, 0x0000000085000000|100%| O|  |TAMS 0x0000000085000000, 0x0000000084f00000| Untracked 
|  80|0x0000000085000000, 0x0000000085100000, 0x0000000085100000|100%| O|  |TAMS 0x0000000085000000, 0x0000000085000000| Untracked 
|  81|0x0000000085100000, 0x0000000085200000, 0x0000000085200000|100%| O|  |TAMS 0x0000000085100000, 0x0000000085100000| Untracked 
|  82|0x0000000085200000, 0x0000000085300000, 0x0000000085300000|100%| O|  |TAMS 0x0000000085281600, 0x0000000085200000| Untracked 
|  83|0x0000000085300000, 0x0000000085400000, 0x0000000085400000|100%|HS|  |TAMS 0x0000000085300000, 0x0000000085300000| Complete 
|  84|0x0000000085400000, 0x0000000085500000, 0x0000000085500000|100%|HS|  |TAMS 0x0000000085400000, 0x0000000085400000| Complete 
|  85|0x0000000085500000, 0x0000000085600000, 0x0000000085600000|100%| O|  |TAMS 0x0000000085500000, 0x0000000085500000| Untracked 
|  86|0x0000000085600000, 0x0000000085700000, 0x0000000085700000|100%|HS|  |TAMS 0x0000000085600000, 0x0000000085600000| Complete 
|  87|0x0000000085700000, 0x0000000085800000, 0x0000000085800000|100%|HS|  |TAMS 0x0000000085700000, 0x0000000085700000| Complete 
|  88|0x0000000085800000, 0x0000000085900000, 0x0000000085900000|100%| O|  |TAMS 0x0000000085800000, 0x0000000085800000| Untracked 
|  89|0x0000000085900000, 0x0000000085a00000, 0x0000000085a00000|100%| O|  |TAMS 0x0000000085900000, 0x0000000085900000| Untracked 
|  90|0x0000000085a00000, 0x0000000085b00000, 0x0000000085b00000|100%| O|  |TAMS 0x0000000085a00000, 0x0000000085a00000| Untracked 
|  91|0x0000000085b00000, 0x0000000085c00000, 0x0000000085c00000|100%| O|  |TAMS 0x0000000085b00000, 0x0000000085b00000| Untracked 
|  92|0x0000000085c00000, 0x0000000085d00000, 0x0000000085d00000|100%| O|  |TAMS 0x0000000085c00000, 0x0000000085c00000| Untracked 
|  93|0x0000000085d00000, 0x0000000085e00000, 0x0000000085e00000|100%| O|  |TAMS 0x0000000085d00000, 0x0000000085d00000| Untracked 
|  94|0x0000000085e00000, 0x0000000085f00000, 0x0000000085f00000|100%| O|  |TAMS 0x0000000085e00000, 0x0000000085e00000| Untracked 
|  95|0x0000000085f00000, 0x0000000086000000, 0x0000000086000000|100%| O|  |TAMS 0x0000000085f00000, 0x0000000085f00000| Untracked 
|  96|0x0000000086000000, 0x0000000086100000, 0x0000000086100000|100%| O|  |TAMS 0x0000000086000000, 0x0000000086000000| Untracked 
|  97|0x0000000086100000, 0x0000000086200000, 0x0000000086200000|100%| O|  |TAMS 0x0000000086100000, 0x0000000086100000| Untracked 
|  98|0x0000000086200000, 0x0000000086300000, 0x0000000086300000|100%| O|  |TAMS 0x0000000086200000, 0x0000000086200000| Untracked 
|  99|0x0000000086300000, 0x0000000086400000, 0x0000000086400000|100%|HS|  |TAMS 0x0000000086300000, 0x0000000086300000| Complete 
| 100|0x0000000086400000, 0x0000000086500000, 0x0000000086500000|100%| O|  |TAMS 0x0000000086400000, 0x0000000086400000| Untracked 
| 101|0x0000000086500000, 0x0000000086600000, 0x0000000086600000|100%| O|  |TAMS 0x0000000086500000, 0x0000000086500000| Untracked 
| 102|0x0000000086600000, 0x0000000086700000, 0x0000000086700000|100%| O|  |TAMS 0x0000000086600000, 0x0000000086600000| Untracked 
| 103|0x0000000086700000, 0x0000000086800000, 0x0000000086800000|100%| O|  |TAMS 0x0000000086700000, 0x0000000086700000| Untracked 
| 104|0x0000000086800000, 0x0000000086900000, 0x0000000086900000|100%| O|  |TAMS 0x0000000086800000, 0x0000000086800000| Untracked 
| 105|0x0000000086900000, 0x0000000086a00000, 0x0000000086a00000|100%| O|  |TAMS 0x0000000086900000, 0x0000000086900000| Untracked 
| 106|0x0000000086a00000, 0x0000000086b00000, 0x0000000086b00000|100%| O|  |TAMS 0x0000000086a00000, 0x0000000086a00000| Untracked 
| 107|0x0000000086b00000, 0x0000000086c00000, 0x0000000086c00000|100%| O|  |TAMS 0x0000000086b00000, 0x0000000086b00000| Untracked 
| 108|0x0000000086c00000, 0x0000000086d00000, 0x0000000086d00000|100%| O|  |TAMS 0x0000000086c00000, 0x0000000086c00000| Untracked 
| 109|0x0000000086d00000, 0x0000000086e00000, 0x0000000086e00000|100%| O|  |TAMS 0x0000000086d00000, 0x0000000086d00000| Untracked 
| 110|0x0000000086e00000, 0x0000000086f00000, 0x0000000086f00000|100%| O|  |TAMS 0x0000000086e00000, 0x0000000086e00000| Untracked 
| 111|0x0000000086f00000, 0x0000000087000000, 0x0000000087000000|100%| O|  |TAMS 0x0000000086f00000, 0x0000000086f00000| Untracked 
| 112|0x0000000087000000, 0x0000000087100000, 0x0000000087100000|100%| O|  |TAMS 0x0000000087000000, 0x0000000087000000| Untracked 
| 113|0x0000000087100000, 0x0000000087200000, 0x0000000087200000|100%| O|  |TAMS 0x0000000087100000, 0x0000000087100000| Untracked 
| 114|0x0000000087200000, 0x0000000087300000, 0x0000000087300000|100%| O|  |TAMS 0x0000000087200000, 0x0000000087200000| Untracked 
| 115|0x0000000087300000, 0x0000000087400000, 0x0000000087400000|100%| O|  |TAMS 0x0000000087300000, 0x0000000087300000| Untracked 
| 116|0x0000000087400000, 0x0000000087500000, 0x0000000087500000|100%| O|  |TAMS 0x0000000087400000, 0x0000000087400000| Untracked 
| 117|0x0000000087500000, 0x00000000875f6c00, 0x0000000087600000| 96%| O|  |TAMS 0x0000000087500000, 0x0000000087500000| Untracked 
| 118|0x0000000087600000, 0x0000000087600000, 0x0000000087700000|  0%| F|  |TAMS 0x0000000087600000, 0x0000000087600000| Untracked 
| 119|0x0000000087700000, 0x0000000087700000, 0x0000000087800000|  0%| F|  |TAMS 0x0000000087700000, 0x0000000087700000| Untracked 
| 120|0x0000000087800000, 0x0000000087800000, 0x0000000087900000|  0%| F|  |TAMS 0x0000000087800000, 0x0000000087800000| Untracked 
| 121|0x0000000087900000, 0x0000000087900000, 0x0000000087a00000|  0%| F|  |TAMS 0x0000000087900000, 0x0000000087900000| Untracked 
| 122|0x0000000087a00000, 0x0000000087a00000, 0x0000000087b00000|  0%| F|  |TAMS 0x0000000087a00000, 0x0000000087a00000| Untracked 
| 123|0x0000000087b00000, 0x0000000087b00000, 0x0000000087c00000|  0%| F|  |TAMS 0x0000000087b00000, 0x0000000087b00000| Untracked 
| 124|0x0000000087c00000, 0x0000000087c00000, 0x0000000087d00000|  0%| F|  |TAMS 0x0000000087c00000, 0x0000000087c00000| Untracked 
| 125|0x0000000087d00000, 0x0000000087d00000, 0x0000000087e00000|  0%| F|  |TAMS 0x0000000087d00000, 0x0000000087d00000| Untracked 
| 126|0x0000000087e00000, 0x0000000087e00000, 0x0000000087f00000|  0%| F|  |TAMS 0x0000000087e00000, 0x0000000087e00000| Untracked 
| 127|0x0000000087f00000, 0x0000000087f00000, 0x0000000088000000|  0%| F|  |TAMS 0x0000000087f00000, 0x0000000087f00000| Untracked 
| 128|0x0000000088000000, 0x0000000088000000, 0x0000000088100000|  0%| F|  |TAMS 0x0000000088000000, 0x0000000088000000| Untracked 
| 129|0x0000000088100000, 0x0000000088100000, 0x0000000088200000|  0%| F|  |TAMS 0x0000000088100000, 0x0000000088100000| Untracked 
| 130|0x0000000088200000, 0x0000000088200000, 0x0000000088300000|  0%| F|  |TAMS 0x0000000088200000, 0x0000000088200000| Untracked 
| 131|0x0000000088300000, 0x0000000088300000, 0x0000000088400000|  0%| F|  |TAMS 0x0000000088300000, 0x0000000088300000| Untracked 
| 132|0x0000000088400000, 0x0000000088400000, 0x0000000088500000|  0%| F|  |TAMS 0x0000000088400000, 0x0000000088400000| Untracked 
| 133|0x0000000088500000, 0x0000000088500000, 0x0000000088600000|  0%| F|  |TAMS 0x0000000088500000, 0x0000000088500000| Untracked 
| 134|0x0000000088600000, 0x0000000088600000, 0x0000000088700000|  0%| F|  |TAMS 0x0000000088600000, 0x0000000088600000| Untracked 
| 135|0x0000000088700000, 0x0000000088700000, 0x0000000088800000|  0%| F|  |TAMS 0x0000000088700000, 0x0000000088700000| Untracked 
| 136|0x0000000088800000, 0x0000000088800000, 0x0000000088900000|  0%| F|  |TAMS 0x0000000088800000, 0x0000000088800000| Untracked 
| 137|0x0000000088900000, 0x0000000088900000, 0x0000000088a00000|  0%| F|  |TAMS 0x0000000088900000, 0x0000000088900000| Untracked 
| 138|0x0000000088a00000, 0x0000000088a00000, 0x0000000088b00000|  0%| F|  |TAMS 0x0000000088a00000, 0x0000000088a00000| Untracked 
| 139|0x0000000088b00000, 0x0000000088b00000, 0x0000000088c00000|  0%| F|  |TAMS 0x0000000088b00000, 0x0000000088b00000| Untracked 
| 140|0x0000000088c00000, 0x0000000088c00000, 0x0000000088d00000|  0%| F|  |TAMS 0x0000000088c00000, 0x0000000088c00000| Untracked 
| 141|0x0000000088d00000, 0x0000000088d00000, 0x0000000088e00000|  0%| F|  |TAMS 0x0000000088d00000, 0x0000000088d00000| Untracked 
| 142|0x0000000088e00000, 0x0000000088e00000, 0x0000000088f00000|  0%| F|  |TAMS 0x0000000088e00000, 0x0000000088e00000| Untracked 
| 143|0x0000000088f00000, 0x0000000088f00000, 0x0000000089000000|  0%| F|  |TAMS 0x0000000088f00000, 0x0000000088f00000| Untracked 
| 144|0x0000000089000000, 0x000000008909e290, 0x0000000089100000| 61%| S|CS|TAMS 0x0000000089000000, 0x0000000089000000| Complete 
| 145|0x0000000089100000, 0x0000000089200000, 0x0000000089200000|100%| S|CS|TAMS 0x0000000089100000, 0x0000000089100000| Complete 
| 146|0x0000000089200000, 0x0000000089300000, 0x0000000089300000|100%| S|CS|TAMS 0x0000000089200000, 0x0000000089200000| Complete 
| 147|0x0000000089300000, 0x0000000089400000, 0x0000000089400000|100%| S|CS|TAMS 0x0000000089300000, 0x0000000089300000| Complete 
| 148|0x0000000089400000, 0x0000000089500000, 0x0000000089500000|100%| S|CS|TAMS 0x0000000089400000, 0x0000000089400000| Complete 
| 149|0x0000000089500000, 0x0000000089600000, 0x0000000089600000|100%| S|CS|TAMS 0x0000000089500000, 0x0000000089500000| Complete 
| 150|0x0000000089600000, 0x0000000089600000, 0x0000000089700000|  0%| F|  |TAMS 0x0000000089600000, 0x0000000089600000| Untracked 
| 151|0x0000000089700000, 0x0000000089700000, 0x0000000089800000|  0%| F|  |TAMS 0x0000000089700000, 0x0000000089700000| Untracked 
| 152|0x0000000089800000, 0x0000000089800000, 0x0000000089900000|  0%| F|  |TAMS 0x0000000089800000, 0x0000000089800000| Untracked 
| 153|0x0000000089900000, 0x0000000089900000, 0x0000000089a00000|  0%| F|  |TAMS 0x0000000089900000, 0x0000000089900000| Untracked 
| 154|0x0000000089a00000, 0x0000000089a00000, 0x0000000089b00000|  0%| F|  |TAMS 0x0000000089a00000, 0x0000000089a00000| Untracked 
| 155|0x0000000089b00000, 0x0000000089b00000, 0x0000000089c00000|  0%| F|  |TAMS 0x0000000089b00000, 0x0000000089b00000| Untracked 
| 156|0x0000000089c00000, 0x0000000089c00000, 0x0000000089d00000|  0%| F|  |TAMS 0x0000000089c00000, 0x0000000089c00000| Untracked 
| 157|0x0000000089d00000, 0x0000000089d00000, 0x0000000089e00000|  0%| F|  |TAMS 0x0000000089d00000, 0x0000000089d00000| Untracked 
| 158|0x0000000089e00000, 0x0000000089e00000, 0x0000000089f00000|  0%| F|  |TAMS 0x0000000089e00000, 0x0000000089e00000| Untracked 
| 159|0x0000000089f00000, 0x0000000089f00000, 0x000000008a000000|  0%| F|  |TAMS 0x0000000089f00000, 0x0000000089f00000| Untracked 
| 160|0x000000008a000000, 0x000000008a000000, 0x000000008a100000|  0%| F|  |TAMS 0x000000008a000000, 0x000000008a000000| Untracked 
| 161|0x000000008a100000, 0x000000008a100000, 0x000000008a200000|  0%| F|  |TAMS 0x000000008a100000, 0x000000008a100000| Untracked 
| 162|0x000000008a200000, 0x000000008a200000, 0x000000008a300000|  0%| F|  |TAMS 0x000000008a200000, 0x000000008a200000| Untracked 
| 163|0x000000008a300000, 0x000000008a300000, 0x000000008a400000|  0%| F|  |TAMS 0x000000008a300000, 0x000000008a300000| Untracked 
| 164|0x000000008a400000, 0x000000008a400000, 0x000000008a500000|  0%| F|  |TAMS 0x000000008a400000, 0x000000008a400000| Untracked 
| 165|0x000000008a500000, 0x000000008a500000, 0x000000008a600000|  0%| F|  |TAMS 0x000000008a500000, 0x000000008a500000| Untracked 
| 166|0x000000008a600000, 0x000000008a600000, 0x000000008a700000|  0%| F|  |TAMS 0x000000008a600000, 0x000000008a600000| Untracked 
| 167|0x000000008a700000, 0x000000008a700000, 0x000000008a800000|  0%| F|  |TAMS 0x000000008a700000, 0x000000008a700000| Untracked 
| 168|0x000000008a800000, 0x000000008a800000, 0x000000008a900000|  0%| F|  |TAMS 0x000000008a800000, 0x000000008a800000| Untracked 
| 169|0x000000008a900000, 0x000000008a900000, 0x000000008aa00000|  0%| F|  |TAMS 0x000000008a900000, 0x000000008a900000| Untracked 
| 170|0x000000008aa00000, 0x000000008aa00000, 0x000000008ab00000|  0%| F|  |TAMS 0x000000008aa00000, 0x000000008aa00000| Untracked 
| 171|0x000000008ab00000, 0x000000008ab00000, 0x000000008ac00000|  0%| F|  |TAMS 0x000000008ab00000, 0x000000008ab00000| Untracked 
| 172|0x000000008ac00000, 0x000000008ac00000, 0x000000008ad00000|  0%| F|  |TAMS 0x000000008ac00000, 0x000000008ac00000| Untracked 
| 173|0x000000008ad00000, 0x000000008ad0f838, 0x000000008ae00000|  6%| E|  |TAMS 0x000000008ad00000, 0x000000008ad00000| Complete 
| 174|0x000000008ae00000, 0x000000008af00000, 0x000000008af00000|100%| E|CS|TAMS 0x000000008ae00000, 0x000000008ae00000| Complete 
| 175|0x000000008af00000, 0x000000008b000000, 0x000000008b000000|100%| E|CS|TAMS 0x000000008af00000, 0x000000008af00000| Complete 
| 176|0x000000008b000000, 0x000000008b100000, 0x000000008b100000|100%| E|CS|TAMS 0x000000008b000000, 0x000000008b000000| Complete 
| 177|0x000000008b100000, 0x000000008b200000, 0x000000008b200000|100%| E|CS|TAMS 0x000000008b100000, 0x000000008b100000| Complete 
| 178|0x000000008b200000, 0x000000008b300000, 0x000000008b300000|100%| E|CS|TAMS 0x000000008b200000, 0x000000008b200000| Complete 
| 179|0x000000008b300000, 0x000000008b400000, 0x000000008b400000|100%| E|CS|TAMS 0x000000008b300000, 0x000000008b300000| Complete 
| 180|0x000000008b400000, 0x000000008b500000, 0x000000008b500000|100%| E|CS|TAMS 0x000000008b400000, 0x000000008b400000| Complete 
| 181|0x000000008b500000, 0x000000008b600000, 0x000000008b600000|100%| E|CS|TAMS 0x000000008b500000, 0x000000008b500000| Complete 
| 182|0x000000008b600000, 0x000000008b700000, 0x000000008b700000|100%| E|CS|TAMS 0x000000008b600000, 0x000000008b600000| Complete 
| 183|0x000000008b700000, 0x000000008b800000, 0x000000008b800000|100%| E|  |TAMS 0x000000008b700000, 0x000000008b700000| Complete 
| 184|0x000000008b800000, 0x000000008b900000, 0x000000008b900000|100%| E|CS|TAMS 0x000000008b800000, 0x000000008b800000| Complete 
| 185|0x000000008b900000, 0x000000008ba00000, 0x000000008ba00000|100%| E|CS|TAMS 0x000000008b900000, 0x000000008b900000| Complete 
| 186|0x000000008ba00000, 0x000000008bb00000, 0x000000008bb00000|100%| E|CS|TAMS 0x000000008ba00000, 0x000000008ba00000| Complete 
| 187|0x000000008bb00000, 0x000000008bc00000, 0x000000008bc00000|100%| E|CS|TAMS 0x000000008bb00000, 0x000000008bb00000| Complete 
| 188|0x000000008bc00000, 0x000000008bd00000, 0x000000008bd00000|100%| E|CS|TAMS 0x000000008bc00000, 0x000000008bc00000| Complete 
| 189|0x000000008bd00000, 0x000000008be00000, 0x000000008be00000|100%| E|CS|TAMS 0x000000008bd00000, 0x000000008bd00000| Complete 
| 190|0x000000008be00000, 0x000000008bf00000, 0x000000008bf00000|100%| E|CS|TAMS 0x000000008be00000, 0x000000008be00000| Complete 
| 191|0x000000008bf00000, 0x000000008c000000, 0x000000008c000000|100%| E|CS|TAMS 0x000000008bf00000, 0x000000008bf00000| Complete 
| 192|0x000000008c000000, 0x000000008c100000, 0x000000008c100000|100%| E|CS|TAMS 0x000000008c000000, 0x000000008c000000| Complete 
| 193|0x000000008c100000, 0x000000008c200000, 0x000000008c200000|100%| E|CS|TAMS 0x000000008c100000, 0x000000008c100000| Complete 
| 194|0x000000008c200000, 0x000000008c300000, 0x000000008c300000|100%| E|CS|TAMS 0x000000008c200000, 0x000000008c200000| Complete 

Card table byte_map: [0x000001bc32bc0000,0x000001bc32fc0000] _byte_map_base: 0x000001bc327c0000

Marking Bits (Prev, Next): (CMBitMap*) 0x000001bc1bd26160, (CMBitMap*) 0x000001bc1bd26120
 Prev Bits: [0x000001bc353c0000, 0x000001bc373c0000)
 Next Bits: [0x000001bc333c0000, 0x000001bc353c0000)

Polling page: 0x000001bc19ae0000

Metaspace:

Usage:
  Non-class:     79.10 MB used.
      Class:     12.96 MB used.
       Both:     92.06 MB used.

Virtual space:
  Non-class space:      128.00 MB reserved,      79.56 MB ( 62%) committed,  2 nodes.
      Class space:      416.00 MB reserved,      13.44 MB (  3%) committed,  1 nodes.
             Both:      544.00 MB reserved,      93.00 MB ( 17%) committed. 

Chunk freelists:
   Non-Class:  15.88 MB
       Class:  2.50 MB
        Both:  18.37 MB

MaxMetaspaceSize: 512.00 MB
CompressedClassSpaceSize: 416.00 MB
Initial GC threshold: 21.00 MB
Current GC threshold: 114.94 MB
CDS: on
MetaspaceReclaimPolicy: balanced
 - commit_granule_bytes: 65536.
 - commit_granule_words: 8192.
 - virtual_space_node_default_size: 8388608.
 - enlarge_chunks_in_place: 1.
 - new_chunks_are_fully_committed: 0.
 - uncommit_free_chunks: 1.
 - use_allocation_guard: 0.
 - handle_deallocations: 1.


Internal statistics:

num_allocs_failed_limit: 6.
num_arena_births: 1264.
num_arena_deaths: 0.
num_vsnodes_births: 3.
num_vsnodes_deaths: 0.
num_space_committed: 1488.
num_space_uncommitted: 0.
num_chunks_returned_to_freelist: 6.
num_chunks_taken_from_freelist: 5443.
num_chunk_merges: 6.
num_chunk_splits: 3540.
num_chunks_enlarged: 2247.
num_inconsistent_stats: 0.

CodeHeap 'non-profiled nmethods': size=120000Kb used=7002Kb max_used=7002Kb free=112997Kb
 bounds [0x000001bc2b290000, 0x000001bc2b970000, 0x000001bc327c0000]
CodeHeap 'profiled nmethods': size=120000Kb used=22223Kb max_used=22223Kb free=97776Kb
 bounds [0x000001bc237c0000, 0x000001bc24d80000, 0x000001bc2acf0000]
CodeHeap 'non-nmethods': size=5760Kb used=2403Kb max_used=2466Kb free=3356Kb
 bounds [0x000001bc2acf0000, 0x000001bc2af60000, 0x000001bc2b290000]
 total_blobs=12111 nmethods=11176 adapters=846
 compilation: enabled
              stopped_count=0, restarted_count=0
 full_count=0

Compilation events (20 events):
Event: 55.351 Thread 0x000001bc5b5d2a00 nmethod 12834 0x000001bc2b957310 code [0x000001bc2b957480, 0x000001bc2b957e38]
Event: 55.351 Thread 0x000001bc5b5d2a00 12837       4       jdk.internal.misc.Unsafe::checkSize (32 bytes)
Event: 55.352 Thread 0x000001bc5b5d2a00 nmethod 12837 0x000001bc2b957e90 code [0x000001bc2b958000, 0x000001bc2b958098]
Event: 55.352 Thread 0x000001bc5b5d2a00 12836       4       org.gradle.internal.vfs.impl.DefaultFileSystemAccess::read (19 bytes)
Event: 55.490 Thread 0x000001bc398ae050 nmethod 12830 0x000001bc2b958190 code [0x000001bc2b9585a0, 0x000001bc2b95b998]
Event: 55.490 Thread 0x000001bc398ae050 12838       4       org.gradle.internal.logging.progress.DefaultProgressLoggerFactory$ProgressLoggerImpl::assertCanConfigure (32 bytes)
Event: 55.491 Thread 0x000001bc398ae050 nmethod 12838 0x000001bc2b95e310 code [0x000001bc2b95e480, 0x000001bc2b95e518]
Event: 55.491 Thread 0x000001bc398ae050 12839       4       org.gradle.internal.logging.progress.DefaultProgressLoggerFactory$ProgressLoggerImpl::started (191 bytes)
Event: 55.492 Thread 0x000001bc5b5d2a00 nmethod 12836 0x000001bc2b95e610 code [0x000001bc2b95e900, 0x000001bc2b9602a0]
Event: 55.492 Thread 0x000001bc5b5d2a00 12831   !   4       org.gradle.internal.snapshot.impl.DirectorySnapshotter$PathVisitor::doVisitFile (194 bytes)
Event: 55.507 Thread 0x000001bc5b5d2a00 nmethod 12831 0x000001bc2b961890 code [0x000001bc2b961ac0, 0x000001bc2b9622f0]
Event: 55.508 Thread 0x000001bc5b5d2a00 12841       4       org.gradle.internal.Try::<init> (5 bytes)
Event: 55.508 Thread 0x000001bc5b5d2a00 nmethod 12841 0x000001bc2b962b10 code [0x000001bc2b962c80, 0x000001bc2b962cf8]
Event: 55.508 Thread 0x000001bc5b5d2a00 12840       4       org.gradle.cache.internal.btree.FileBackedBlockStore::flush (1 bytes)
Event: 55.508 Thread 0x000001bc5b5d2a00 nmethod 12840 0x000001bc2b962e10 code [0x000001bc2b962f80, 0x000001bc2b962ff8]
Event: 55.508 Thread 0x000001bc5b5d2a00 12835       4       java.util.stream.Streams$RangeIntSpliterator::estimateSize (18 bytes)
Event: 55.509 Thread 0x000001bc5b5d2a00 nmethod 12835 0x000001bc2b963110 code [0x000001bc2b963280, 0x000001bc2b963318]
Event: 55.510 Thread 0x000001bc5b5d2a00 12842       4       org.gradle.cache.internal.ExclusiveCacheAccessingWorker$1::call (10 bytes)
Event: 55.615 Thread 0x000001bc398ae050 nmethod 12839 0x000001bc2b963410 code [0x000001bc2b9636c0, 0x000001bc2b965650]
Event: 55.615 Thread 0x000001bc398ae050 12845       4       java.util.Arrays::sort (47 bytes)

GC Heap History (20 events):
Event: 42.604 GC heap before
{Heap before GC invocations=36 (full 0):
 garbage-first heap   total 165888K, used 99789K [0x0000000080000000, 0x0000000100000000)
  region size 1024K, 8 young (8192K), 6 survivors (6144K)
 Metaspace       used 72004K, committed 72832K, reserved 491520K
  class space    used 10169K, committed 10560K, reserved 425984K
}
Event: 42.610 GC heap after
{Heap after GC invocations=37 (full 0):
 garbage-first heap   total 165888K, used 97232K [0x0000000080000000, 0x0000000100000000)
  region size 1024K, 1 young (1024K), 1 survivors (1024K)
 Metaspace       used 72004K, committed 72832K, reserved 491520K
  class space    used 10169K, committed 10560K, reserved 425984K
}
Event: 43.806 GC heap before
{Heap before GC invocations=37 (full 0):
 garbage-first heap   total 165888K, used 132048K [0x0000000080000000, 0x0000000100000000)
  region size 1024K, 36 young (36864K), 1 survivors (1024K)
 Metaspace       used 75133K, committed 76032K, reserved 491520K
  class space    used 10497K, committed 10944K, reserved 425984K
}
Event: 43.812 GC heap after
{Heap after GC invocations=38 (full 0):
 garbage-first heap   total 165888K, used 98835K [0x0000000080000000, 0x0000000100000000)
  region size 1024K, 3 young (3072K), 3 survivors (3072K)
 Metaspace       used 75133K, committed 76032K, reserved 491520K
  class space    used 10497K, committed 10944K, reserved 425984K
}
Event: 45.103 GC heap before
{Heap before GC invocations=38 (full 0):
 garbage-first heap   total 165888K, used 139795K [0x0000000080000000, 0x0000000100000000)
  region size 1024K, 38 young (38912K), 3 survivors (3072K)
 Metaspace       used 77422K, committed 78272K, reserved 557056K
  class space    used 10789K, committed 11200K, reserved 425984K
}
Event: 45.111 GC heap after
{Heap after GC invocations=39 (full 0):
 garbage-first heap   total 199680K, used 103281K [0x0000000080000000, 0x0000000100000000)
  region size 1024K, 5 young (5120K), 5 survivors (5120K)
 Metaspace       used 77422K, committed 78272K, reserved 557056K
  class space    used 10789K, committed 11200K, reserved 425984K
}
Event: 46.671 GC heap before
{Heap before GC invocations=39 (full 0):
 garbage-first heap   total 199680K, used 156529K [0x0000000080000000, 0x0000000100000000)
  region size 1024K, 57 young (58368K), 5 survivors (5120K)
 Metaspace       used 80951K, committed 81792K, reserved 557056K
  class space    used 11271K, committed 11712K, reserved 425984K
}
Event: 46.680 GC heap after
{Heap after GC invocations=40 (full 0):
 garbage-first heap   total 199680K, used 105700K [0x0000000080000000, 0x0000000100000000)
  region size 1024K, 6 young (6144K), 6 survivors (6144K)
 Metaspace       used 80951K, committed 81792K, reserved 557056K
  class space    used 11271K, committed 11712K, reserved 425984K
}
Event: 48.521 GC heap before
{Heap before GC invocations=40 (full 0):
 garbage-first heap   total 199680K, used 158948K [0x0000000080000000, 0x0000000100000000)
  region size 1024K, 58 young (59392K), 6 survivors (6144K)
 Metaspace       used 83947K, committed 84864K, reserved 557056K
  class space    used 11670K, committed 12096K, reserved 425984K
}
Event: 48.533 GC heap after
{Heap after GC invocations=41 (full 0):
 garbage-first heap   total 199680K, used 108964K [0x0000000080000000, 0x0000000100000000)
  region size 1024K, 6 young (6144K), 6 survivors (6144K)
 Metaspace       used 83947K, committed 84864K, reserved 557056K
  class space    used 11670K, committed 12096K, reserved 425984K
}
Event: 49.374 GC heap before
{Heap before GC invocations=41 (full 0):
 garbage-first heap   total 199680K, used 161188K [0x0000000080000000, 0x0000000100000000)
  region size 1024K, 57 young (58368K), 6 survivors (6144K)
 Metaspace       used 85397K, committed 86272K, reserved 557056K
  class space    used 11865K, committed 12288K, reserved 425984K
}
Event: 49.386 GC heap after
{Heap after GC invocations=42 (full 0):
 garbage-first heap   total 199680K, used 111755K [0x0000000080000000, 0x0000000100000000)
  region size 1024K, 6 young (6144K), 6 survivors (6144K)
 Metaspace       used 85397K, committed 86272K, reserved 557056K
  class space    used 11865K, committed 12288K, reserved 425984K
}
Event: 50.530 GC heap before
{Heap before GC invocations=42 (full 0):
 garbage-first heap   total 199680K, used 163979K [0x0000000080000000, 0x0000000100000000)
  region size 1024K, 57 young (58368K), 6 survivors (6144K)
 Metaspace       used 88567K, committed 89408K, reserved 557056K
  class space    used 12430K, committed 12864K, reserved 425984K
}
Event: 50.547 GC heap after
{Heap after GC invocations=43 (full 0):
 garbage-first heap   total 199680K, used 113029K [0x0000000080000000, 0x0000000100000000)
  region size 1024K, 5 young (5120K), 5 survivors (5120K)
 Metaspace       used 88567K, committed 89408K, reserved 557056K
  class space    used 12430K, committed 12864K, reserved 425984K
}
Event: 52.715 GC heap before
{Heap before GC invocations=43 (full 0):
 garbage-first heap   total 199680K, used 165253K [0x0000000080000000, 0x0000000100000000)
  region size 1024K, 56 young (57344K), 5 survivors (5120K)
 Metaspace       used 91800K, committed 92736K, reserved 557056K
  class space    used 12919K, committed 13376K, reserved 425984K
}
Event: 52.729 GC heap after
{Heap after GC invocations=44 (full 0):
 garbage-first heap   total 199680K, used 115643K [0x0000000080000000, 0x0000000100000000)
  region size 1024K, 4 young (4096K), 4 survivors (4096K)
 Metaspace       used 91800K, committed 92736K, reserved 557056K
  class space    used 12919K, committed 13376K, reserved 425984K
}
Event: 54.038 GC heap before
{Heap before GC invocations=44 (full 0):
 garbage-first heap   total 199680K, used 167867K [0x0000000080000000, 0x0000000100000000)
  region size 1024K, 55 young (56320K), 4 survivors (4096K)
 Metaspace       used 93809K, committed 94784K, reserved 557056K
  class space    used 13239K, committed 13696K, reserved 425984K
}
Event: 54.056 GC heap after
{Heap after GC invocations=45 (full 0):
 garbage-first heap   total 199680K, used 120741K [0x0000000080000000, 0x0000000100000000)
  region size 1024K, 7 young (7168K), 7 survivors (7168K)
 Metaspace       used 93809K, committed 94784K, reserved 557056K
  class space    used 13239K, committed 13696K, reserved 425984K
}
Event: 55.364 GC heap before
{Heap before GC invocations=45 (full 0):
 garbage-first heap   total 199680K, used 165797K [0x0000000080000000, 0x0000000100000000)
  region size 1024K, 52 young (53248K), 7 survivors (7168K)
 Metaspace       used 94266K, committed 95232K, reserved 557056K
  class space    used 13270K, committed 13760K, reserved 425984K
}
Event: 55.383 GC heap after
{Heap after GC invocations=46 (full 0):
 garbage-first heap   total 199680K, used 126547K [0x0000000080000000, 0x0000000100000000)
  region size 1024K, 6 young (6144K), 6 survivors (6144K)
 Metaspace       used 94266K, committed 95232K, reserved 557056K
  class space    used 13270K, committed 13760K, reserved 425984K
}

Dll operation events (14 events):
Event: 0.011 Loaded shared library C:\Program Files\Microsoft\jdk-17.0.8.7-hotspot\bin\java.dll
Event: 0.044 Loaded shared library C:\Program Files\Microsoft\jdk-17.0.8.7-hotspot\bin\jsvml.dll
Event: 0.125 Loaded shared library C:\Program Files\Microsoft\jdk-17.0.8.7-hotspot\bin\zip.dll
Event: 0.129 Loaded shared library C:\Program Files\Microsoft\jdk-17.0.8.7-hotspot\bin\instrument.dll
Event: 0.136 Loaded shared library C:\Program Files\Microsoft\jdk-17.0.8.7-hotspot\bin\net.dll
Event: 0.138 Loaded shared library C:\Program Files\Microsoft\jdk-17.0.8.7-hotspot\bin\nio.dll
Event: 0.144 Loaded shared library C:\Program Files\Microsoft\jdk-17.0.8.7-hotspot\bin\zip.dll
Event: 0.710 Loaded shared library C:\Program Files\Microsoft\jdk-17.0.8.7-hotspot\bin\jimage.dll
Event: 0.881 Loaded shared library C:\Program Files\Microsoft\jdk-17.0.8.7-hotspot\bin\verify.dll
Event: 1.099 Loaded shared library C:\Users\user\.gradle\native\c067742578af261105cb4f569cf0c3c89f3d7b1fecec35dd04571415982c5e48\windows-amd64\native-platform.dll
Event: 1.118 Loaded shared library C:\Users\user\.gradle\native\100fb08df4bc3b14c8652ba06237920a3bd2aa13389f12d3474272988ae205f9\windows-amd64\native-platform-file-events.dll
Event: 3.561 Loaded shared library C:\Program Files\Microsoft\jdk-17.0.8.7-hotspot\bin\management.dll
Event: 3.566 Loaded shared library C:\Program Files\Microsoft\jdk-17.0.8.7-hotspot\bin\management_ext.dll
Event: 4.384 Loaded shared library C:\Program Files\Microsoft\jdk-17.0.8.7-hotspot\bin\sunmscapi.dll

Deoptimization events (20 events):
Event: 54.812 Thread 0x000001bc59f87610 Uncommon trap: trap_request=0xffffffd6 fr.pc=0x000001bc2b8eadbc relative=0x00000000000028bc
Event: 54.812 Thread 0x000001bc59f87610 Uncommon trap: reason=array_check action=maybe_recompile pc=0x000001bc2b8eadbc method=java.util.TimSort.reverseRange([Ljava/lang/Object;II)V @ 20 c2
Event: 54.812 Thread 0x000001bc59f87610 DEOPT PACKING pc=0x000001bc2b8eadbc sp=0x00000072324f54b0
Event: 54.812 Thread 0x000001bc59f87610 DEOPT UNPACKING pc=0x000001bc2ad469a3 sp=0x00000072324f5378 mode 2
Event: 54.813 Thread 0x000001bc59f87610 Uncommon trap: trap_request=0xffffffd6 fr.pc=0x000001bc2b8eadbc relative=0x00000000000028bc
Event: 54.813 Thread 0x000001bc59f87610 Uncommon trap: reason=array_check action=maybe_recompile pc=0x000001bc2b8eadbc method=java.util.TimSort.reverseRange([Ljava/lang/Object;II)V @ 20 c2
Event: 54.813 Thread 0x000001bc59f87610 DEOPT PACKING pc=0x000001bc2b8eadbc sp=0x00000072324f54b0
Event: 54.813 Thread 0x000001bc59f87610 DEOPT UNPACKING pc=0x000001bc2ad469a3 sp=0x00000072324f5378 mode 2
Event: 54.813 Thread 0x000001bc59f87610 Uncommon trap: trap_request=0xffffffd6 fr.pc=0x000001bc2b8eadbc relative=0x00000000000028bc
Event: 54.813 Thread 0x000001bc59f87610 Uncommon trap: reason=array_check action=maybe_recompile pc=0x000001bc2b8eadbc method=java.util.TimSort.reverseRange([Ljava/lang/Object;II)V @ 20 c2
Event: 54.813 Thread 0x000001bc59f87610 DEOPT PACKING pc=0x000001bc2b8eadbc sp=0x00000072324f54b0
Event: 54.813 Thread 0x000001bc59f87610 DEOPT UNPACKING pc=0x000001bc2ad469a3 sp=0x00000072324f5378 mode 2
Event: 55.018 Thread 0x000001bc59f87610 Uncommon trap: trap_request=0xffffffd6 fr.pc=0x000001bc2b937d84 relative=0x0000000000002a84
Event: 55.018 Thread 0x000001bc59f87610 Uncommon trap: reason=array_check action=maybe_recompile pc=0x000001bc2b937d84 method=java.util.TimSort.reverseRange([Ljava/lang/Object;II)V @ 27 c2
Event: 55.018 Thread 0x000001bc59f87610 DEOPT PACKING pc=0x000001bc2b937d84 sp=0x00000072324f54a0
Event: 55.019 Thread 0x000001bc59f87610 DEOPT UNPACKING pc=0x000001bc2ad469a3 sp=0x00000072324f5378 mode 2
Event: 55.022 Thread 0x000001bc59f87610 Uncommon trap: trap_request=0xffffffd6 fr.pc=0x000001bc2b937d84 relative=0x0000000000002a84
Event: 55.022 Thread 0x000001bc59f87610 Uncommon trap: reason=array_check action=maybe_recompile pc=0x000001bc2b937d84 method=java.util.TimSort.reverseRange([Ljava/lang/Object;II)V @ 27 c2
Event: 55.022 Thread 0x000001bc59f87610 DEOPT PACKING pc=0x000001bc2b937d84 sp=0x00000072324f54a0
Event: 55.022 Thread 0x000001bc59f87610 DEOPT UNPACKING pc=0x000001bc2ad469a3 sp=0x00000072324f5378 mode 2

Classes unloaded (0 events):
No events

Classes redefined (0 events):
No events

Internal exceptions (20 events):
Event: 53.620 Thread 0x000001bc59f87610 Exception <a 'java/lang/ClassNotFoundException'{0x000000008a0b9120}: java/lang/BooleanCustomizer> (0x000000008a0b9120) 
thrown [s\src\hotspot\share\classfile\systemDictionary.cpp, line 256]
Event: 53.624 Thread 0x000001bc59f87610 Implicit null exception at 0x000001bc2b631dbd to 0x000001bc2b632b84
Event: 53.655 Thread 0x000001bc59f87610 Exception <a 'java/lang/ClassNotFoundException'{0x0000000089f4af68}: com/android/build/gradle/internal/api/DefaultAndroidSourceSet_DecoratedBeanInfo> (0x0000000089f4af68) 
thrown [s\src\hotspot\share\classfile\systemDictionary.cpp, line 256]
Event: 53.656 Thread 0x000001bc59f87610 Exception <a 'java/lang/ClassNotFoundException'{0x0000000089f5c408}: com/android/build/gradle/internal/api/DefaultAndroidSourceSetBeanInfo> (0x0000000089f5c408) 
thrown [s\src\hotspot\share\classfile\systemDictionary.cpp, line 256]
Event: 53.657 Thread 0x000001bc59f87610 Exception <a 'java/lang/ClassNotFoundException'{0x0000000089f6d938}: com/android/build/gradle/internal/api/DefaultAndroidSourceSetCustomizer> (0x0000000089f6d938) 
thrown [s\src\hotspot\share\classfile\systemDictionary.cpp, line 256]
Event: 53.661 Thread 0x000001bc59f87610 Exception <a 'java/lang/ClassNotFoundException'{0x0000000089fd6420}: com/android/build/gradle/internal/api/DefaultAndroidSourceSet_DecoratedCustomizer> (0x0000000089fd6420) 
thrown [s\src\hotspot\share\classfile\systemDictionary.cpp, line 256]
Event: 53.669 Thread 0x000001bc59f87610 Exception <a 'java/lang/ClassNotFoundException'{0x0000000089e56b10}: com/android/build/gradle/internal/api/DefaultAndroidSourceDirectorySetBeanInfo> (0x0000000089e56b10) 
thrown [s\src\hotspot\share\classfile\systemDictionary.cpp, line 256]
Event: 53.671 Thread 0x000001bc59f87610 Exception <a 'java/lang/ClassNotFoundException'{0x0000000089e68718}: com/android/build/gradle/internal/api/DefaultAndroidSourceDirectorySetCustomizer> (0x0000000089e68718) 
thrown [s\src\hotspot\share\classfile\systemDictionary.cpp, line 256]
Event: 53.679 Thread 0x000001bc59f87610 Exception <a 'java/lang/ClassNotFoundException'{0x0000000089d7ff00}: com/google/common/collect/SingletonImmutableSetBeanInfo> (0x0000000089d7ff00) 
thrown [s\src\hotspot\share\classfile\systemDictionary.cpp, line 256]
Event: 53.680 Thread 0x000001bc59f87610 Exception <a 'java/lang/ClassNotFoundException'{0x0000000089d8f4e8}: com/google/common/collect/ImmutableSetBeanInfo> (0x0000000089d8f4e8) 
thrown [s\src\hotspot\share\classfile\systemDictionary.cpp, line 256]
Event: 53.682 Thread 0x000001bc59f87610 Exception <a 'java/lang/ClassNotFoundException'{0x0000000089d9f920}: com/google/common/collect/ImmutableCollectionBeanInfo> (0x0000000089d9f920) 
thrown [s\src\hotspot\share\classfile\systemDictionary.cpp, line 256]
Event: 53.685 Thread 0x000001bc59f87610 Exception <a 'java/lang/ClassNotFoundException'{0x0000000089daf630}: com/google/common/collect/ImmutableCollectionCustomizer> (0x0000000089daf630) 
thrown [s\src\hotspot\share\classfile\systemDictionary.cpp, line 256]
Event: 53.697 Thread 0x000001bc59f87610 Exception <a 'java/lang/ClassNotFoundException'{0x0000000089dff5c8}: com/google/common/collect/ImmutableSetCustomizer> (0x0000000089dff5c8) 
thrown [s\src\hotspot\share\classfile\systemDictionary.cpp, line 256]
Event: 53.701 Thread 0x000001bc59f87610 Exception <a 'java/lang/ClassNotFoundException'{0x0000000089c274d8}: com/google/common/collect/SingletonImmutableSetCustomizer> (0x0000000089c274d8) 
thrown [s\src\hotspot\share\classfile\systemDictionary.cpp, line 256]
Event: 54.095 Thread 0x000001bc59f87610 Exception <a 'java/lang/ClassNotFoundException'{0x000000008c16e0f8}: com/android/build/gradle/internal/api/LibraryVariantOutputImpl_DecoratedBeanInfo> (0x000000008c16e0f8) 
thrown [s\src\hotspot\share\classfile\systemDictionary.cpp, line 256]
Event: 54.096 Thread 0x000001bc59f87610 Exception <a 'java/lang/ClassNotFoundException'{0x000000008c17b858}: com/android/build/gradle/internal/api/LibraryVariantOutputImplBeanInfo> (0x000000008c17b858) 
thrown [s\src\hotspot\share\classfile\systemDictionary.cpp, line 256]
Event: 54.097 Thread 0x000001bc59f87610 Exception <a 'java/lang/ClassNotFoundException'{0x000000008c189010}: com/android/build/gradle/internal/api/LibraryVariantOutputImplCustomizer> (0x000000008c189010) 
thrown [s\src\hotspot\share\classfile\systemDictionary.cpp, line 256]
Event: 54.100 Thread 0x000001bc59f87610 Exception <a 'java/lang/ClassNotFoundException'{0x000000008c19f590}: com/android/build/gradle/internal/api/LibraryVariantOutputImpl_DecoratedCustomizer> (0x000000008c19f590) 
thrown [s\src\hotspot\share\classfile\systemDictionary.cpp, line 256]
Event: 54.289 Thread 0x000001bc59f87610 Exception <a 'java/lang/ClassNotFoundException'{0x000000008bb224b8}: build_2ihlln64w6mn9sbafdcrqc3s8BeanInfo> (0x000000008bb224b8) 
thrown [s\src\hotspot\share\classfile\systemDictionary.cpp, line 256]
Event: 54.290 Thread 0x000001bc59f87610 Exception <a 'java/lang/ClassNotFoundException'{0x000000008bb297a0}: build_2ihlln64w6mn9sbafdcrqc3s8Customizer> (0x000000008bb297a0) 
thrown [s\src\hotspot\share\classfile\systemDictionary.cpp, line 256]

VM Operations (20 events):
Event: 50.397 Executing VM operation: Cleanup
Event: 50.398 Executing VM operation: Cleanup done
Event: 50.530 Executing VM operation: G1CollectForAllocation
Event: 50.548 Executing VM operation: G1CollectForAllocation done
Event: 51.549 Executing VM operation: Cleanup
Event: 51.549 Executing VM operation: Cleanup done
Event: 52.557 Executing VM operation: Cleanup
Event: 52.557 Executing VM operation: Cleanup done
Event: 52.715 Executing VM operation: G1CollectForAllocation
Event: 52.729 Executing VM operation: G1CollectForAllocation done
Event: 53.350 Executing VM operation: ICBufferFull
Event: 53.350 Executing VM operation: ICBufferFull done
Event: 54.038 Executing VM operation: G1CollectForAllocation
Event: 54.057 Executing VM operation: G1CollectForAllocation done
Event: 55.022 Executing VM operation: HandshakeAllThreads
Event: 55.023 Executing VM operation: HandshakeAllThreads done
Event: 55.044 Executing VM operation: ICBufferFull
Event: 55.045 Executing VM operation: ICBufferFull done
Event: 55.364 Executing VM operation: G1CollectForAllocation
Event: 55.386 Executing VM operation: G1CollectForAllocation done

Events (20 events):
Event: 53.555 loading class java/util/ArrayListCustomizer done
Event: 53.556 loading class java/util/ArrayListCustomizer
Event: 53.556 loading class java/util/ArrayListCustomizer done
Event: 53.612 loading class java/lang/BooleanBeanInfo
Event: 53.613 loading class java/lang/BooleanBeanInfo done
Event: 53.619 loading class java/lang/BooleanBeanInfo
Event: 53.619 loading class java/lang/BooleanBeanInfo done
Event: 53.619 loading class java/lang/BooleanCustomizer
Event: 53.619 loading class java/lang/BooleanCustomizer done
Event: 53.620 loading class java/lang/BooleanCustomizer
Event: 53.620 loading class java/lang/BooleanCustomizer done
Event: 53.620 loading class jdk/internal/ValueBased
Event: 53.621 loading class jdk/internal/ValueBased done
Event: 55.024 Thread 0x000001bc398b7f80 flushing nmethod 0x000001bc2b3f0910
Event: 55.024 Thread 0x000001bc398b7f80 flushing nmethod 0x000001bc2b4b9590
Event: 55.024 Thread 0x000001bc398b7f80 flushing nmethod 0x000001bc2b4bbb10
Event: 55.024 Thread 0x000001bc398b7f80 flushing nmethod 0x000001bc2b54da10
Event: 55.047 Thread 0x000001bc398b7f80 flushing nmethod 0x000001bc24aecf10
Event: 55.047 Thread 0x000001bc398b7f80 flushing nmethod 0x000001bc24aed310
Event: 55.047 Thread 0x000001bc398b7f80 flushing nmethod 0x000001bc24aed990


Dynamic libraries:
0x00007ff6a1990000 - 0x00007ff6a199e000 	C:\Program Files\Microsoft\jdk-17.0.8.7-hotspot\bin\java.exe
0x00007ffab11d0000 - 0x00007ffab13c8000 	C:\WINDOWS\SYSTEM32\ntdll.dll
0x00007ffab0c60000 - 0x00007ffab0d21000 	C:\WINDOWS\System32\KERNEL32.DLL
0x00007ffaaeae0000 - 0x00007ffaaeddd000 	C:\WINDOWS\System32\KERNELBASE.dll
0x00007ffaaee60000 - 0x00007ffaaef60000 	C:\WINDOWS\System32\ucrtbase.dll
0x00007ffa65b80000 - 0x00007ffa65b9b000 	C:\Program Files\Microsoft\jdk-17.0.8.7-hotspot\bin\VCRUNTIME140.dll
0x00007ffa63240000 - 0x00007ffa63257000 	C:\Program Files\Microsoft\jdk-17.0.8.7-hotspot\bin\jli.dll
0x00007ffab01e0000 - 0x00007ffab037d000 	C:\WINDOWS\System32\USER32.dll
0x00007ffa9dac0000 - 0x00007ffa9dd5a000 	C:\WINDOWS\WinSxS\amd64_microsoft.windows.common-controls_6595b64144ccf1df_6.0.19041.4355_none_60b8b9eb71f62e16\COMCTL32.dll
0x00007ffab0140000 - 0x00007ffab01de000 	C:\WINDOWS\System32\msvcrt.dll
0x00007ffaae920000 - 0x00007ffaae942000 	C:\WINDOWS\System32\win32u.dll
0x00007ffaafba0000 - 0x00007ffaafbcb000 	C:\WINDOWS\System32\GDI32.dll
0x00007ffaae950000 - 0x00007ffaaea67000 	C:\WINDOWS\System32\gdi32full.dll
0x00007ffaae880000 - 0x00007ffaae91d000 	C:\WINDOWS\System32\msvcp_win.dll
0x00007ffaafef0000 - 0x00007ffaaff1f000 	C:\WINDOWS\System32\IMM32.DLL
0x00007ffa99c80000 - 0x00007ffa99c8c000 	C:\Program Files\Microsoft\jdk-17.0.8.7-hotspot\bin\vcruntime140_1.dll
0x00007ffa4d740000 - 0x00007ffa4d7cd000 	C:\Program Files\Microsoft\jdk-17.0.8.7-hotspot\bin\msvcp140.dll
0x00007ffa245b0000 - 0x00007ffa25215000 	C:\Program Files\Microsoft\jdk-17.0.8.7-hotspot\bin\server\jvm.dll
0x00007ffab10d0000 - 0x00007ffab1180000 	C:\WINDOWS\System32\ADVAPI32.dll
0x00007ffaaf390000 - 0x00007ffaaf430000 	C:\WINDOWS\System32\sechost.dll
0x00007ffaafdc0000 - 0x00007ffaafee3000 	C:\WINDOWS\System32\RPCRT4.dll
0x00007ffaaede0000 - 0x00007ffaaee07000 	C:\WINDOWS\System32\bcrypt.dll
0x00007ffaadd70000 - 0x00007ffaaddbb000 	C:\WINDOWS\SYSTEM32\POWRPROF.dll
0x00007ffa9e820000 - 0x00007ffa9e847000 	C:\WINDOWS\SYSTEM32\WINMM.dll
0x00007ffa9e0f0000 - 0x00007ffa9e0f9000 	C:\WINDOWS\SYSTEM32\WSOCK32.dll
0x00007ffaaff20000 - 0x00007ffaaff8b000 	C:\WINDOWS\System32\WS2_32.dll
0x00007ffa9e530000 - 0x00007ffa9e53a000 	C:\WINDOWS\SYSTEM32\VERSION.dll
0x00007ffaadc30000 - 0x00007ffaadc42000 	C:\WINDOWS\SYSTEM32\UMPDC.dll
0x00007ffaac6c0000 - 0x00007ffaac6d2000 	C:\WINDOWS\SYSTEM32\kernel.appcore.dll
0x00007ffa98110000 - 0x00007ffa9811a000 	C:\Program Files\Microsoft\jdk-17.0.8.7-hotspot\bin\jimage.dll
0x00007ffaabe80000 - 0x00007ffaac064000 	C:\WINDOWS\SYSTEM32\DBGHELP.DLL
0x00007ffa9b830000 - 0x00007ffa9b864000 	C:\WINDOWS\SYSTEM32\dbgcore.DLL
0x00007ffaaef60000 - 0x00007ffaaefe2000 	C:\WINDOWS\System32\bcryptPrimitives.dll
0x00007ffa958d0000 - 0x00007ffa958de000 	C:\Program Files\Microsoft\jdk-17.0.8.7-hotspot\bin\instrument.dll
0x00007ffa59d10000 - 0x00007ffa59d35000 	C:\Program Files\Microsoft\jdk-17.0.8.7-hotspot\bin\java.dll
0x00007ffa4d660000 - 0x00007ffa4d737000 	C:\Program Files\Microsoft\jdk-17.0.8.7-hotspot\bin\jsvml.dll
0x00007ffaaf430000 - 0x00007ffaafb9f000 	C:\WINDOWS\System32\SHELL32.dll
0x00007ffaac8c0000 - 0x00007ffaad05f000 	C:\WINDOWS\SYSTEM32\windows.storage.dll
0x00007ffab0800000 - 0x00007ffab0b53000 	C:\WINDOWS\System32\combase.dll
0x00007ffaae1c0000 - 0x00007ffaae1ee000 	C:\WINDOWS\SYSTEM32\Wldp.dll
0x00007ffaaff90000 - 0x00007ffab005d000 	C:\WINDOWS\System32\OLEAUT32.dll
0x00007ffaafc80000 - 0x00007ffaafd2d000 	C:\WINDOWS\System32\SHCORE.dll
0x00007ffab00e0000 - 0x00007ffab0135000 	C:\WINDOWS\System32\shlwapi.dll
0x00007ffaae7b0000 - 0x00007ffaae7d4000 	C:\WINDOWS\SYSTEM32\profapi.dll
0x00007ffa59ac0000 - 0x00007ffa59ad8000 	C:\Program Files\Microsoft\jdk-17.0.8.7-hotspot\bin\zip.dll
0x00007ffa62fb0000 - 0x00007ffa62fc9000 	C:\Program Files\Microsoft\jdk-17.0.8.7-hotspot\bin\net.dll
0x00007ffaa4510000 - 0x00007ffaa461d000 	C:\WINDOWS\SYSTEM32\WINHTTP.dll
0x00007ffaadfa0000 - 0x00007ffaae00a000 	C:\WINDOWS\system32\mswsock.dll
0x00007ffa61a10000 - 0x00007ffa61a26000 	C:\Program Files\Microsoft\jdk-17.0.8.7-hotspot\bin\nio.dll
0x00007ffa97500000 - 0x00007ffa97510000 	C:\Program Files\Microsoft\jdk-17.0.8.7-hotspot\bin\verify.dll
0x00007ffa599e0000 - 0x00007ffa59a07000 	C:\Users\user\.gradle\native\c067742578af261105cb4f569cf0c3c89f3d7b1fecec35dd04571415982c5e48\windows-amd64\native-platform.dll
0x00007ffa3dd00000 - 0x00007ffa3de44000 	C:\Users\user\.gradle\native\100fb08df4bc3b14c8652ba06237920a3bd2aa13389f12d3474272988ae205f9\windows-amd64\native-platform-file-events.dll
0x00007ffa96060000 - 0x00007ffa96069000 	C:\Program Files\Microsoft\jdk-17.0.8.7-hotspot\bin\management.dll
0x00007ffa959a0000 - 0x00007ffa959ab000 	C:\Program Files\Microsoft\jdk-17.0.8.7-hotspot\bin\management_ext.dll
0x00007ffaaf200000 - 0x00007ffaaf208000 	C:\WINDOWS\System32\PSAPI.DLL
0x00007ffaae510000 - 0x00007ffaae528000 	C:\WINDOWS\SYSTEM32\CRYPTSP.dll
0x00007ffaad870000 - 0x00007ffaad8a4000 	C:\WINDOWS\system32\rsaenh.dll
0x00007ffaae760000 - 0x00007ffaae78e000 	C:\WINDOWS\SYSTEM32\USERENV.dll
0x00007ffaae130000 - 0x00007ffaae13c000 	C:\WINDOWS\SYSTEM32\CRYPTBASE.dll
0x00007ffaadc50000 - 0x00007ffaadc8b000 	C:\WINDOWS\SYSTEM32\IPHLPAPI.DLL
0x00007ffab1180000 - 0x00007ffab1188000 	C:\WINDOWS\System32\NSI.dll
0x00007ffaa5c70000 - 0x00007ffaa5c87000 	C:\WINDOWS\SYSTEM32\dhcpcsvc6.DLL
0x00007ffaa5fa0000 - 0x00007ffaa5fbd000 	C:\WINDOWS\SYSTEM32\dhcpcsvc.DLL
0x00007ffaadca0000 - 0x00007ffaadd6a000 	C:\WINDOWS\SYSTEM32\DNSAPI.dll
0x00007ffa93c20000 - 0x00007ffa93c2e000 	C:\Program Files\Microsoft\jdk-17.0.8.7-hotspot\bin\sunmscapi.dll
0x00007ffaaeff0000 - 0x00007ffaaf14e000 	C:\WINDOWS\System32\CRYPT32.dll
0x00007ffaae230000 - 0x00007ffaae259000 	C:\WINDOWS\SYSTEM32\ncrypt.dll
0x00007ffaae1f0000 - 0x00007ffaae22b000 	C:\WINDOWS\SYSTEM32\NTASN1.dll
0x00007ffaa7240000 - 0x00007ffaa7247000 	C:\WINDOWS\system32\wshunix.dll
0x00007ffa99300000 - 0x00007ffa99317000 	C:\WINDOWS\system32\napinsp.dll
0x00007ffa992a0000 - 0x00007ffa992bb000 	C:\WINDOWS\system32\pnrpnsp.dll
0x00007ffa99280000 - 0x00007ffa99295000 	C:\WINDOWS\system32\wshbth.dll
0x00007ffaa8690000 - 0x00007ffaa86ad000 	C:\WINDOWS\system32\NLAapi.dll
0x00007ffa991a0000 - 0x00007ffa991b2000 	C:\WINDOWS\System32\winrnr.dll
0x00007ffa9e6d0000 - 0x00007ffa9e6da000 	C:\Windows\System32\rasadhlp.dll
0x00007ffa9efc0000 - 0x00007ffa9f040000 	C:\WINDOWS\System32\fwpuclnt.dll

dbghelp: loaded successfully - version: 4.0.5 - missing functions: none
symbol engine: initialized successfully - sym options: 0x614 - pdb path: .;C:\Program Files\Microsoft\jdk-17.0.8.7-hotspot\bin;C:\WINDOWS\SYSTEM32;C:\WINDOWS\WinSxS\amd64_microsoft.windows.common-controls_6595b64144ccf1df_6.0.19041.4355_none_60b8b9eb71f62e16;C:\Program Files\Microsoft\jdk-17.0.8.7-hotspot\bin\server;C:\Users\user\.gradle\native\c067742578af261105cb4f569cf0c3c89f3d7b1fecec35dd04571415982c5e48\windows-amd64;C:\Users\user\.gradle\native\100fb08df4bc3b14c8652ba06237920a3bd2aa13389f12d3474272988ae205f9\windows-amd64

VM Arguments:
jvm_args: -XX:MaxMetaspaceSize=512m --add-opens=java.base/java.util=ALL-UNNAMED --add-opens=java.base/java.lang=ALL-UNNAMED --add-opens=java.base/java.lang.invoke=ALL-UNNAMED --add-opens=java.prefs/java.util.prefs=ALL-UNNAMED --add-opens=java.base/java.nio.charset=ALL-UNNAMED --add-opens=java.base/java.net=ALL-UNNAMED --add-opens=java.base/java.util.concurrent.atomic=ALL-UNNAMED -Xmx2048m -Dfile.encoding=windows-1252 -Duser.country=US -Duser.language=en -Duser.variant -javaagent:C:\Users\user\.gradle\wrapper\dists\gradle-8.8-all\6gdy1pgp427xkqcjbxw3ylt6h\gradle-8.8\lib\agents\gradle-instrumentation-agent-8.8.jar 
java_command: org.gradle.launcher.daemon.bootstrap.GradleDaemon 8.8
java_class_path (initial): C:\Users\user\.gradle\wrapper\dists\gradle-8.8-all\6gdy1pgp427xkqcjbxw3ylt6h\gradle-8.8\lib\gradle-launcher-8.8.jar
Launcher Type: SUN_STANDARD

[Global flags]
     intx CICompilerCount                          = 3                                         {product} {ergonomic}
   size_t CompressedClassSpaceSize                 = 436207616                                 {product} {ergonomic}
     uint ConcGCThreads                            = 1                                         {product} {ergonomic}
     uint G1ConcRefinementThreads                  = 4                                         {product} {ergonomic}
   size_t G1HeapRegionSize                         = 1048576                                   {product} {ergonomic}
    uintx GCDrainStackTargetSize                   = 64                                        {product} {ergonomic}
   size_t InitialHeapSize                          = 134217728                                 {product} {ergonomic}
   size_t MarkStackSize                            = 4194304                                   {product} {ergonomic}
   size_t MaxHeapSize                              = 2147483648                                {product} {command line}
   size_t MaxMetaspaceSize                         = 536870912                                 {product} {command line}
   size_t MaxNewSize                               = 1287651328                                {product} {ergonomic}
   size_t MinHeapDeltaBytes                        = 1048576                                   {product} {ergonomic}
   size_t MinHeapSize                              = 8388608                                   {product} {ergonomic}
    uintx NonNMethodCodeHeapSize                   = 5832780                                {pd product} {ergonomic}
    uintx NonProfiledCodeHeapSize                  = 122912730                              {pd product} {ergonomic}
    uintx ProfiledCodeHeapSize                     = 122912730                              {pd product} {ergonomic}
    uintx ReservedCodeCacheSize                    = 251658240                              {pd product} {ergonomic}
     bool SegmentedCodeCache                       = true                                      {product} {ergonomic}
   size_t SoftMaxHeapSize                          = 2147483648                             {manageable} {ergonomic}
     bool UseCompressedClassPointers               = true                           {product lp64_product} {ergonomic}
     bool UseCompressedOops                        = true                           {product lp64_product} {ergonomic}
     bool UseG1GC                                  = true                                      {product} {ergonomic}
     bool UseLargePagesIndividualAllocation        = false                                  {pd product} {ergonomic}

Logging:
Log output configuration:
 #0: stdout all=warning uptime,level,tags
 #1: stderr all=off uptime,level,tags

Environment Variables:
JAVA_HOME=C:\Program Files\Microsoft\jdk-17.0.8.7-hotspot\
CLASSPATH=D:\S.E\Bootcamp\techloset\EventLister\android\\gradle\wrapper\gradle-wrapper.jar
PATH=D:\S.E\Bootcamp\techloset\EventLister\node_modules\.bin;D:\S.E\Bootcamp\techloset\EventLister\node_modules\.bin;D:\S.E\Bootcamp\techloset\node_modules\.bin;D:\S.E\Bootcamp\node_modules\.bin;D:\S.E\node_modules\.bin;D:\node_modules\.bin;C:\Users\user\AppData\Roaming\npm\node_modules\npm\node_modules\@npmcli\run-script\lib\node-gyp-bin;D:\S.E\Bootcamp\techloset\EventLister\node_modules\.bin;D:\S.E\Bootcamp\techloset\node_modules\.bin;D:\S.E\Bootcamp\node_modules\.bin;D:\S.E\node_modules\.bin;D:\node_modules\.bin;C:\Users\user\AppData\Roaming\npm\node_modules\npm\node_modules\@npmcli\run-script\lib\node-gyp-bin;C:\Program Files\Microsoft\jdk-17.0.8.7-hotspot\bin;C:\WINDOWS\system32;C:\WINDOWS;C:\WINDOWS\System32\Wbem;C:\WINDOWS\System32\WindowsPowerShell\v1.0\;C:\WINDOWS\System32\OpenSSH\;C:\Program Files\Microsoft SQL Server\110\Tools\Binn\;C:\ProgramData\chocolatey\bin;C:\Program Files\nodejs\;C:\Users\user\AppData\Local\Android\Sdk\platform-tools;C:\Program Files\Git\cmd;C:\Users\user\AppData\Local\Programs\Python\Python312\Scripts\;C:\Users\user\AppData\Local\Programs\Python\Python312\;C:\Users\user\AppData\Local\Microsoft\WindowsApps;C:\Users\user\AppData\Local\Programs\Microsoft VS Code\bin;C:\MinGW\bin;C:\Users\user\AppData\Local\Android\Sdk\platform-tools;C:\Users\user\AppData\Roaming\npm
USERNAME=user
LANG=en_US.UTF-8
OS=Windows_NT
PROCESSOR_IDENTIFIER=Intel64 Family 6 Model 61 Stepping 4, GenuineIntel
TMP=C:\Users\user\AppData\Local\Temp
TEMP=C:\Users\user\AppData\Local\Temp



---------------  S Y S T E M  ---------------

OS:
 Windows 10 , 64 bit Build 19041 (10.0.19041.4717)
OS uptime: 1 days 18:28 hours
Hyper-V role detected

CPU: total 4 (initial active 4) (2 cores per cpu, 2 threads per core) family 6 model 61 stepping 4 microcode 0x2d, cx8, cmov, fxsr, ht, mmx, 3dnowpref, sse, sse2, sse3, ssse3, sse4.1, sse4.2, popcnt, lzcnt, tsc, tscinvbit, avx, avx2, aes, erms, clmul, bmi1, bmi2, rtm, adx, fma, vzeroupper, clflush, hv
Processor Information for all 4 processors :
  Max Mhz: 2295, Current Mhz: 2295, Mhz Limit: 2295

Memory: 4k page, system-wide physical 8064M (421M free)
TotalPageFile size 16273M (AvailPageFile size 5193M)
current process WorkingSet (physical memory assigned to process): 466M, peak: 470M
current process commit charge ("private bytes"): 507M, peak: 514M

vm_info: OpenJDK 64-Bit Server VM (17.0.8+7-LTS) for windows-amd64 JRE (17.0.8+7-LTS), built on Jul  7 2023 17:21:55 by "MicrosoftCorporation" with MS VC++ 16.10 / 16.11 (VS2019)

END.
